2018-08-22 14:55:10,432 INFO  DownloadService - Downloading "https://github.com/lalongooo/rings/archive/master.zip", attempt 3
2018-08-22 14:55:17,760 INFO  DownloadService - Downloaded https://github.com/lalongooo/rings/archive/master.zip, attempt 3
2018-08-22 14:55:17,761 INFO  DownloadService - Size of file "/var/folders/bq/vtzpc5ns5sg2cthy61lqpg3dfzgbys/T/1534924510424-0/master.zip": 3 MB
2018-08-22 14:55:17,761 INFO  ArchiveUtils - Checking entries [.gradle] in ZIP file...
2018-08-22 14:55:17,766 INFO  ArchiveUtils - Has entries [.gradle] in ZIP file /var/folders/bq/vtzpc5ns5sg2cthy61lqpg3dfzgbys/T/1534924510424-0/master.zip: true
2018-08-22 14:55:17,767 DEBUG ZipUtil - Extracting '/var/folders/bq/vtzpc5ns5sg2cthy61lqpg3dfzgbys/T/1534924510424-0/master.zip' into '/var/folders/bq/vtzpc5ns5sg2cthy61lqpg3dfzgbys/T/1534924510424-0/src'.
2018-08-22 14:55:17,815 INFO  FullProcessService - Size of directory with sources: 3 MB
2018-08-22 14:55:17,815 INFO  SysUtils - Execute command: [git, init, /var/folders/bq/vtzpc5ns5sg2cthy61lqpg3dfzgbys/T/1534924510424-0/src]
2018-08-22 14:55:17,838 INFO  SysUtils - Initialized empty Git repository in /private/var/folders/bq/vtzpc5ns5sg2cthy61lqpg3dfzgbys/T/1534924510424-0/src/.git/

2018-08-22 14:55:17,841 INFO  ProjectBuildService - Gradle wrapper(s): /var/folders/bq/vtzpc5ns5sg2cthy61lqpg3dfzgbys/T/1534924510424-0/src/rings-master/gradlew
2018-08-22 14:55:17,845 INFO  ProjectBuildService - Build script(s): /var/folders/bq/vtzpc5ns5sg2cthy61lqpg3dfzgbys/T/1534924510424-0/src/rings-master/rings-sample/build.gradle /var/folders/bq/vtzpc5ns5sg2cthy61lqpg3dfzgbys/T/1534924510424-0/src/rings-master/rings/build.gradle /var/folders/bq/vtzpc5ns5sg2cthy61lqpg3dfzgbys/T/1534924510424-0/src/rings-master/build.gradle
2018-08-22 14:55:17,848 INFO  ProjectBuildService - All script(s): /var/folders/bq/vtzpc5ns5sg2cthy61lqpg3dfzgbys/T/1534924510424-0/src/rings-master/rings-sample/build.gradle /var/folders/bq/vtzpc5ns5sg2cthy61lqpg3dfzgbys/T/1534924510424-0/src/rings-master/build.gradle /var/folders/bq/vtzpc5ns5sg2cthy61lqpg3dfzgbys/T/1534924510424-0/src/rings-master/rings/build.gradle /var/folders/bq/vtzpc5ns5sg2cthy61lqpg3dfzgbys/T/1534924510424-0/src/rings-master/settings.gradle
2018-08-22 14:55:17,848 INFO  DownloadService - Downloading "https://raw.githubusercontent.com/nuuneoi/JCenter/master/bintrayv1.gradle", attempt 3
2018-08-22 14:55:18,520 INFO  DownloadService - Downloaded https://raw.githubusercontent.com/nuuneoi/JCenter/master/bintrayv1.gradle, attempt 3
2018-08-22 14:55:18,520 INFO  DownloadService - Downloading "https://raw.githubusercontent.com/nuuneoi/JCenter/master/installv1.gradle", attempt 3
2018-08-22 14:55:18,609 INFO  DownloadService - Downloaded https://raw.githubusercontent.com/nuuneoi/JCenter/master/installv1.gradle, attempt 3
2018-08-22 14:55:18,609 INFO  ProjectBuildService - Remote scripts: https://raw.githubusercontent.com/nuuneoi/JCenter/master/bintrayv1.gradle https://raw.githubusercontent.com/nuuneoi/JCenter/master/installv1.gradle
2018-08-22 14:55:18,609 INFO  ProjectFixService - Fixing project...
2018-08-22 14:55:18,619 INFO  LocalPropertiesFixService - Created fake /var/folders/bq/vtzpc5ns5sg2cthy61lqpg3dfzgbys/T/1534924510424-0/src/rings-master/rings-sample/local.properties
2018-08-22 14:55:18,620 INFO  ProjectFixService - Build info for "/var/folders/bq/vtzpc5ns5sg2cthy61lqpg3dfzgbys/T/1534924510424-0/src/rings-master/rings-sample/build.gradle": [buildToolsVersion=<null>,compileSdkVersion=26,minSdkVersion=16,targetSdkVersion=26]
2018-08-22 14:55:18,621 INFO  ProjectFixService - Fixed build info for "/var/folders/bq/vtzpc5ns5sg2cthy61lqpg3dfzgbys/T/1534924510424-0/src/rings-master/rings-sample/build.gradle": [buildToolsVersion=28.0.0-rc2,compileSdkVersion=26,minSdkVersion=16,targetSdkVersion=26]
2018-08-22 14:55:18,621 INFO  LocalPropertiesFixService - Created fake /var/folders/bq/vtzpc5ns5sg2cthy61lqpg3dfzgbys/T/1534924510424-0/src/rings-master/rings/local.properties
2018-08-22 14:55:18,622 INFO  ProjectFixService - Build info for "/var/folders/bq/vtzpc5ns5sg2cthy61lqpg3dfzgbys/T/1534924510424-0/src/rings-master/rings/build.gradle": [buildToolsVersion=<null>,compileSdkVersion=26,minSdkVersion=16,targetSdkVersion=26]
2018-08-22 14:55:18,622 INFO  ProjectFixService - Fixed build info for "/var/folders/bq/vtzpc5ns5sg2cthy61lqpg3dfzgbys/T/1534924510424-0/src/rings-master/rings/build.gradle": [buildToolsVersion=28.0.0-rc2,compileSdkVersion=26,minSdkVersion=16,targetSdkVersion=26]
2018-08-22 14:55:18,623 INFO  LocalPropertiesFixService - Created fake /var/folders/bq/vtzpc5ns5sg2cthy61lqpg3dfzgbys/T/1534924510424-0/src/rings-master/local.properties
2018-08-22 14:55:18,624 INFO  WrapperPropertiesFixService - Gradle wrapper: https://services.gradle.org/distributions/gradle-4.1-all.zip
2018-08-22 14:55:18,624 INFO  WrapperPropertiesFixService - Gradle wrapper was changed from "-all.zip" to "-bin.zip" (https://services.gradle.org/distributions/gradle-4.1-bin.zip)
2018-08-22 14:55:18,625 INFO  ProjectFixService - Build info for "/var/folders/bq/vtzpc5ns5sg2cthy61lqpg3dfzgbys/T/1534924510424-0/src/rings-master/build.gradle": [buildToolsVersion=<null>,compileSdkVersion=26,minSdkVersion=16,targetSdkVersion=26]
2018-08-22 14:55:18,625 INFO  ProjectFixService - Fixed build info for "/var/folders/bq/vtzpc5ns5sg2cthy61lqpg3dfzgbys/T/1534924510424-0/src/rings-master/build.gradle": [buildToolsVersion=28.0.0-rc2,compileSdkVersion=26,minSdkVersion=16,targetSdkVersion=26]
2018-08-22 14:55:18,625 INFO  ProjectFixService - Project was maybe fixed
2018-08-22 14:55:18,626 INFO  ProjectTaskService - Detecting possible tasks...
2018-08-22 14:55:18,626 INFO  SysUtils - Execute command: [/var/folders/bq/vtzpc5ns5sg2cthy61lqpg3dfzgbys/T/1534924510424-0/src/rings-master/gradlew, -b, /var/folders/bq/vtzpc5ns5sg2cthy61lqpg3dfzgbys/T/1534924510424-0/src/rings-master/rings-sample/build.gradle, -Dorg.gradle.daemon=false, -Dorg.gradle.daemon.performance.enable-monitoring=false, -Dorg.gradle.configureondemand=true, tasks]
2018-08-22 14:55:29,718 INFO  ProjectTaskService - Detected possible tasks: 69
2018-08-22 14:55:29,718 INFO  ProjectTaskService - Excluded tasks (22): lintDebug mockableAndroidJar javadocJar deviceCheck lint testReleaseUnitTest javadoc uninstallRelease deviceAndroidTest uninstallDebugAndroidTest installDebugAndroidTest connectedCheck connectedDebugAndroidTest uninstallAll sourcesJar test check testDebugUnitTest connectedAndroidTest installDebug lintRelease uninstallDebug
2018-08-22 14:55:29,718 INFO  SysUtils - Execute command: [/var/folders/bq/vtzpc5ns5sg2cthy61lqpg3dfzgbys/T/1534924510424-0/src/rings-master/gradlew, -b, /var/folders/bq/vtzpc5ns5sg2cthy61lqpg3dfzgbys/T/1534924510424-0/src/rings-master/rings-sample/build.gradle, -Dorg.gradle.daemon=false, -Dorg.gradle.daemon.performance.enable-monitoring=false, -Dorg.gradle.configureondemand=true, --stacktrace, -x, lintDebug, -x, mockableAndroidJar, -x, javadocJar, -x, deviceCheck, -x, lint, -x, testReleaseUnitTest, -x, javadoc, -x, uninstallRelease, -x, deviceAndroidTest, -x, uninstallDebugAndroidTest, -x, installDebugAndroidTest, -x, connectedCheck, -x, connectedDebugAndroidTest, -x, uninstallAll, -x, sourcesJar, -x, test, -x, check, -x, testDebugUnitTest, -x, connectedAndroidTest, -x, installDebug, -x, lintRelease, -x, uninstallDebug, build]
2018-08-22 14:55:35,289 ERROR SysUtils - Could not process external command
org.apache.commons.exec.ExecuteException: Process exited with an error: 1 (Exit value: 1)
	at org.apache.commons.exec.DefaultExecutor.executeInternal(DefaultExecutor.java:404)
	at org.apache.commons.exec.DefaultExecutor.execute(DefaultExecutor.java:166)
	at com.github.vbauer.apkmaster.util.SysUtils.execute(SysUtils.java:67)
	at com.github.vbauer.apkmaster.util.SysUtils.executeSimple(SysUtils.java:43)
	at com.github.vbauer.apkmaster.service.assembly.ProjectBuildService.buildProject(ProjectBuildService.java:78)
	at com.github.vbauer.apkmaster.service.assembly.ProjectBuildService.buildProject(ProjectBuildService.java:64)
	at com.github.vbauer.apkmaster.service.assembly.ProjectBuildService.buildProject(ProjectBuildService.java:43)
	at com.github.vbauer.apkmaster.service.FullProcessService.build(FullProcessService.java:84)
	at com.github.vbauer.apkmaster.service.FullProcessService.process(FullProcessService.java:34)
	at com.github.vbauer.apkmaster.app.MainApplication.process(MainApplication.java:38)
	at com.github.vbauer.apkmaster.app.MainApplication.main(MainApplication.java:20)
	at sun.reflect.GeneratedMethodAccessor8.invoke(Unknown Source)
	at sun.reflect.DelegatingMethodAccessorImpl.invoke(DelegatingMethodAccessorImpl.java:43)
	at java.lang.reflect.Method.invoke(Method.java:498)
	at com.android.arsenal.util.ReflectionUtils.invoke(ReflectionUtils.java:52)
	at com.android.arsenal.util.ApkMasterUtils.main(ApkMasterUtils.java:30)
	at com.android.arsenal.service.processor.impl.BuildProcessorServiceImpl.buildProject(BuildProcessorServiceImpl.java:196)
	at com.android.arsenal.service.processor.impl.BuildProcessorServiceImpl.build(BuildProcessorServiceImpl.java:130)
	at com.android.arsenal.service.processor.impl.BuildProcessorServiceImpl.lambda$null$1(BuildProcessorServiceImpl.java:113)
	at java.util.concurrent.FutureTask.run(FutureTask.java:266)
	at java.util.concurrent.Executors$RunnableAdapter.call(Executors.java:511)
	at java.util.concurrent.FutureTask.run(FutureTask.java:266)
	at java.util.concurrent.ThreadPoolExecutor.runWorker(ThreadPoolExecutor.java:1149)
	at java.util.concurrent.ThreadPoolExecutor$Worker.run(ThreadPoolExecutor.java:624)
	at java.lang.Thread.run(Thread.java:748)
2018-08-22 14:55:35,290 INFO  SysUtils - Configuration on demand is an incubating feature.

FAILURE: Build failed with an exception.

* What went wrong:
Task 'javadocJar' not found in project ':rings-sample'.

* Try:
Run gradlew tasks to get a list of available tasks. Run with --info or --debug option to get more log output.

* Exception is:
org.gradle.execution.TaskSelectionException: Task 'javadocJar' not found in project ':rings-sample'.
	at org.gradle.execution.TaskSelector.getSelection(TaskSelector.java:116)
	at org.gradle.execution.TaskSelector.getFilter(TaskSelector.java:66)
	at org.gradle.execution.ExcludedTaskFilteringBuildConfigurationAction.configure(ExcludedTaskFilteringBuildConfigurationAction.java:42)
	at org.gradle.execution.DefaultBuildConfigurationActionExecuter.configure(DefaultBuildConfigurationActionExecuter.java:48)
	at org.gradle.execution.DefaultBuildConfigurationActionExecuter.select(DefaultBuildConfigurationActionExecuter.java:36)
	at org.gradle.initialization.DefaultGradleLauncher$CalculateTaskGraph.run(DefaultGradleLauncher.java:265)
	at org.gradle.internal.progress.DefaultBuildOperationExecutor$RunnableBuildOperationWorker.execute(DefaultBuildOperationExecutor.java:336)
	at org.gradle.internal.progress.DefaultBuildOperationExecutor$RunnableBuildOperationWorker.execute(DefaultBuildOperationExecutor.java:328)
	at org.gradle.internal.progress.DefaultBuildOperationExecutor.execute(DefaultBuildOperationExecutor.java:197)
	at org.gradle.internal.progress.DefaultBuildOperationExecutor.run(DefaultBuildOperationExecutor.java:107)
	at org.gradle.initialization.DefaultGradleLauncher.constructTaskGraph(DefaultGradleLauncher.java:173)
	at org.gradle.initialization.DefaultGradleLauncher.doBuildStages(DefaultGradleLauncher.java:128)
	at org.gradle.initialization.DefaultGradleLauncher.executeTasks(DefaultGradleLauncher.java:107)
	at org.gradle.internal.invocation.GradleBuildController$1.call(GradleBuildController.java:78)
	at org.gradle.internal.invocation.GradleBuildController$1.call(GradleBuildController.java:75)
	at org.gradle.internal.work.DefaultWorkerLeaseService.withLocks(DefaultWorkerLeaseService.java:152)
	at org.gradle.internal.invocation.GradleBuildController.doBuild(GradleBuildController.java:100)
	at org.gradle.internal.invocation.GradleBuildController.run(GradleBuildController.java:75)
	at org.gradle.tooling.internal.provider.ExecuteBuildActionRunner.run(ExecuteBuildActionRunner.java:28)
	at org.gradle.launcher.exec.ChainingBuildActionRunner.run(ChainingBuildActionRunner.java:35)
	at org.gradle.tooling.internal.provider.ValidatingBuildActionRunner.run(ValidatingBuildActionRunner.java:32)
	at org.gradle.launcher.exec.RunAsBuildOperationBuildActionRunner$1.run(RunAsBuildOperationBuildActionRunner.java:43)
	at org.gradle.internal.progress.DefaultBuildOperationExecutor$RunnableBuildOperationWorker.execute(DefaultBuildOperationExecutor.java:336)
	at org.gradle.internal.progress.DefaultBuildOperationExecutor$RunnableBuildOperationWorker.execute(DefaultBuildOperationExecutor.java:328)
	at org.gradle.internal.progress.DefaultBuildOperationExecutor.execute(DefaultBuildOperationExecutor.java:197)
	at org.gradle.internal.progress.DefaultBuildOperationExecutor.run(DefaultBuildOperationExecutor.java:107)
	at org.gradle.launcher.exec.RunAsBuildOperationBuildActionRunner.run(RunAsBuildOperationBuildActionRunner.java:40)
	at org.gradle.tooling.internal.provider.SubscribableBuildActionRunner.run(SubscribableBuildActionRunner.java:51)
	at org.gradle.launcher.exec.InProcessBuildActionExecuter.execute(InProcessBuildActionExecuter.java:45)
	at org.gradle.launcher.exec.InProcessBuildActionExecuter.execute(InProcessBuildActionExecuter.java:29)
	at org.gradle.launcher.exec.BuildTreeScopeBuildActionExecuter.execute(BuildTreeScopeBuildActionExecuter.java:39)
	at org.gradle.launcher.exec.BuildTreeScopeBuildActionExecuter.execute(BuildTreeScopeBuildActionExecuter.java:25)
	at org.gradle.tooling.internal.provider.ContinuousBuildActionExecuter.execute(ContinuousBuildActionExecuter.java:71)
	at org.gradle.tooling.internal.provider.ContinuousBuildActionExecuter.execute(ContinuousBuildActionExecuter.java:45)
	at org.gradle.tooling.internal.provider.ServicesSetupBuildActionExecuter.execute(ServicesSetupBuildActionExecuter.java:51)
	at org.gradle.tooling.internal.provider.ServicesSetupBuildActionExecuter.execute(ServicesSetupBuildActionExecuter.java:32)
	at org.gradle.tooling.internal.provider.GradleThreadBuildActionExecuter.execute(GradleThreadBuildActionExecuter.java:36)
	at org.gradle.tooling.internal.provider.GradleThreadBuildActionExecuter.execute(GradleThreadBuildActionExecuter.java:25)
	at org.gradle.tooling.internal.provider.ParallelismConfigurationBuildActionExecuter.execute(ParallelismConfigurationBuildActionExecuter.java:43)
	at org.gradle.tooling.internal.provider.ParallelismConfigurationBuildActionExecuter.execute(ParallelismConfigurationBuildActionExecuter.java:29)
	at org.gradle.tooling.internal.provider.StartParamsValidatingActionExecuter.execute(StartParamsValidatingActionExecuter.java:64)
	at org.gradle.tooling.internal.provider.StartParamsValidatingActionExecuter.execute(StartParamsValidatingActionExecuter.java:29)
	at org.gradle.tooling.internal.provider.SessionFailureReportingActionExecuter.execute(SessionFailureReportingActionExecuter.java:55)
	at org.gradle.tooling.internal.provider.SessionFailureReportingActionExecuter.execute(SessionFailureReportingActionExecuter.java:42)
	at org.gradle.tooling.internal.provider.SetupLoggingActionExecuter.execute(SetupLoggingActionExecuter.java:58)
	at org.gradle.tooling.internal.provider.SetupLoggingActionExecuter.execute(SetupLoggingActionExecuter.java:33)
	at org.gradle.launcher.cli.RunBuildAction.run(RunBuildAction.java:51)
	at org.gradle.internal.Actions$RunnableActionAdapter.execute(Actions.java:173)
	at org.gradle.launcher.cli.CommandLineActionFactory$ParseAndBuildAction.execute(CommandLineActionFactory.java:287)
	at org.gradle.launcher.cli.CommandLineActionFactory$ParseAndBuildAction.execute(CommandLineActionFactory.java:260)
	at org.gradle.launcher.cli.JavaRuntimeValidationAction.execute(JavaRuntimeValidationAction.java:33)
	at org.gradle.launcher.cli.JavaRuntimeValidationAction.execute(JavaRuntimeValidationAction.java:24)
	at org.gradle.launcher.cli.ExceptionReportingAction.execute(ExceptionReportingAction.java:33)
	at org.gradle.launcher.cli.ExceptionReportingAction.execute(ExceptionReportingAction.java:22)
	at org.gradle.launcher.cli.CommandLineActionFactory$WithLogging.execute(CommandLineActionFactory.java:253)
	at org.gradle.launcher.cli.CommandLineActionFactory$WithLogging.execute(CommandLineActionFactory.java:182)
	at org.gradle.launcher.Main.doAction(Main.java:33)
	at org.gradle.launcher.bootstrap.EntryPoint.run(EntryPoint.java:45)
	at org.gradle.launcher.bootstrap.ProcessBootstrap.runNoExit(ProcessBootstrap.java:60)
	at org.gradle.launcher.bootstrap.ProcessBootstrap.run(ProcessBootstrap.java:37)
	at org.gradle.launcher.GradleMain.main(GradleMain.java:23)
	at org.gradle.wrapper.BootstrapMainStarter.start(BootstrapMainStarter.java:30)
	at org.gradle.wrapper.WrapperExecutor.execute(WrapperExecutor.java:129)
	at org.gradle.wrapper.GradleWrapperMain.main(GradleWrapperMain.java:61)


* Get more help at https://help.gradle.org

BUILD FAILED in 5s

2018-08-22 14:55:35,290 ERROR ProjectBuildService - Excluded tasks were detected wrong
2018-08-22 14:55:35,290 INFO  SysUtils - Execute command: [/var/folders/bq/vtzpc5ns5sg2cthy61lqpg3dfzgbys/T/1534924510424-0/src/rings-master/gradlew, -b, /var/folders/bq/vtzpc5ns5sg2cthy61lqpg3dfzgbys/T/1534924510424-0/src/rings-master/rings-sample/build.gradle, -Dorg.gradle.daemon=false, -Dorg.gradle.daemon.performance.enable-monitoring=false, -Dorg.gradle.configureondemand=true, --stacktrace, build]
2018-08-22 14:56:17,933 INFO  SysUtils - Configuration on demand is an incubating feature.
:rings:preBuild UP-TO-DATE
:rings:preDebugBuild UP-TO-DATE
:rings:compileDebugAidl
:rings:compileDebugRenderscript
:rings:checkDebugManifest
:rings:generateDebugBuildConfig
:rings:prepareLintJar
:rings:generateDebugResValues
:rings:generateDebugResources
:rings:packageDebugResources
:rings:platformAttrExtractor
:rings:processDebugManifest
:rings:javaPreCompileDebug
:rings:processDebugJavaRes NO-SOURCE
:rings-sample:preBuild UP-TO-DATE
:rings-sample:preDebugBuild
:rings-sample:compileDebugAidl
:rings:packageDebugRenderscript NO-SOURCE
:rings-sample:compileDebugRenderscript
:rings-sample:checkDebugManifest
:rings-sample:generateDebugBuildConfig
:rings-sample:generateDebugResValues
:rings-sample:generateDebugResources
:rings-sample:mergeDebugResources
:rings-sample:createDebugCompatibleScreenManifests
:rings-sample:processDebugManifest
:rings-sample:splitsDiscoveryTaskDebug
:rings-sample:prepareLintJar
:rings-sample:compileDebugNdk NO-SOURCE
:rings:mergeDebugShaders
:rings:compileDebugShaders
:rings:generateDebugAssets
:rings:mergeDebugAssets
:rings-sample:mergeDebugShaders
:rings-sample:compileDebugShaders
:rings-sample:generateDebugAssets
:rings-sample:mergeDebugAssets
:rings:compileDebugNdk NO-SOURCE
:rings:mergeDebugJniLibFolders
:rings:transformNativeLibsWithMergeJniLibsForDebug
:rings:transformNativeLibsWithStripDebugSymbolForDebug
:rings:transformNativeLibsWithIntermediateJniLibsForDebug
:rings-sample:mergeDebugJniLibFolders
:rings-sample:processDebugJavaRes NO-SOURCE
:rings-sample:validateSigningDebug
:rings:preReleaseBuild UP-TO-DATE
:rings:compileReleaseAidl
:rings:compileReleaseRenderscript
:rings:checkReleaseManifest
:rings:generateReleaseBuildConfig
:rings:generateReleaseResValues
:rings:generateReleaseResources
:rings:packageReleaseResources
:rings:processReleaseManifest
:rings:javaPreCompileRelease
:rings:processReleaseJavaRes NO-SOURCE
:rings-sample:preReleaseBuild
:rings-sample:compileReleaseAidl
:rings:packageReleaseRenderscript NO-SOURCE
:rings-sample:compileReleaseRenderscript
:rings-sample:checkReleaseManifest
:rings-sample:generateReleaseBuildConfig
:rings-sample:generateReleaseResValues
:rings-sample:generateReleaseResources
:rings-sample:mergeReleaseResources
:rings-sample:createReleaseCompatibleScreenManifests
:rings-sample:processReleaseManifest
:rings-sample:splitsDiscoveryTaskRelease
:rings-sample:compileReleaseNdk NO-SOURCE
:rings:mergeReleaseShaders
:rings:compileReleaseShaders
:rings:generateReleaseAssets
:rings:mergeReleaseAssets
:rings-sample:mergeReleaseShaders
:rings-sample:compileReleaseShaders
:rings-sample:generateReleaseAssets
:rings-sample:mergeReleaseAssets
:rings:compileReleaseNdk NO-SOURCE
:rings:mergeReleaseJniLibFolders
:rings:transformNativeLibsWithMergeJniLibsForRelease
:rings:transformNativeLibsWithStripDebugSymbolForRelease
:rings:transformNativeLibsWithIntermediateJniLibsForRelease
:rings-sample:mergeReleaseJniLibFolders
:rings-sample:processReleaseJavaRes NO-SOURCE
:rings-sample:preDebugUnitTestBuild UP-TO-DATE
:rings-sample:mockableAndroidJar
:rings-sample:processDebugUnitTestJavaRes NO-SOURCE
:rings-sample:preReleaseUnitTestBuild UP-TO-DATE
:rings-sample:processReleaseUnitTestJavaRes NO-SOURCE
:rings:processDebugResources
:rings:generateDebugSources
:rings:compileDebugJavaWithJavac
:rings:transformClassesAndResourcesWithPrepareIntermediateJarsForDebug
:rings-sample:processDebugResources
:rings-sample:compileDebugKotlin
Using Kotlin incremental compilation
:rings-sample:generateDebugSources
:rings-sample:javaPreCompileDebug
:rings-sample:compileDebugJavaWithJavac
:rings-sample:compileDebugSources
:rings-sample:transformClassesWithDexBuilderForDebug
:rings-sample:transformDexArchiveWithExternalLibsDexMergerForDebug
:rings-sample:transformDexArchiveWithDexMergerForDebug
:rings-sample:transformNativeLibsWithMergeJniLibsForDebug
:rings-sample:transformNativeLibsWithStripDebugSymbolForDebug
:rings-sample:transformResourcesWithMergeJavaResForDebug
:rings-sample:packageDebug
:rings-sample:assembleDebug
:rings:processReleaseResources
:rings:generateReleaseSources
:rings:compileReleaseJavaWithJavac
:rings:transformClassesAndResourcesWithPrepareIntermediateJarsForRelease
:rings-sample:processReleaseResources
:rings-sample:compileReleaseKotlin
Using Kotlin incremental compilation
:rings-sample:generateReleaseSources
:rings-sample:javaPreCompileRelease
:rings-sample:compileReleaseJavaWithJavac
:rings-sample:compileReleaseSources
:rings-sample:transformClassesWithPreDexForRelease
:rings-sample:transformDexWithDexForRelease
:rings-sample:transformNativeLibsWithMergeJniLibsForRelease
:rings-sample:transformNativeLibsWithStripDebugSymbolForRelease
:rings-sample:transformResourcesWithMergeJavaResForRelease
:rings-sample:packageRelease
:rings-sample:lintVitalRelease SKIPPED
:rings-sample:assembleRelease
:rings-sample:assemble
:rings-sample:lint
Ran lint on variant debug: 11 issues found
Ran lint on variant release: 11 issues found
Wrote HTML report to file:///private/var/folders/bq/vtzpc5ns5sg2cthy61lqpg3dfzgbys/T/1534924510424-0/src/rings-master/rings-sample/build/reports/lint-results.html
Wrote XML report to file:///private/var/folders/bq/vtzpc5ns5sg2cthy61lqpg3dfzgbys/T/1534924510424-0/src/rings-master/rings-sample/build/reports/lint-results.xml
:rings-sample:compileDebugUnitTestKotlin
Using Kotlin incremental compilation
:rings-sample:javaPreCompileDebugUnitTest
:rings-sample:compileDebugUnitTestJavaWithJavac NO-SOURCE
:rings-sample:testDebugUnitTest
:rings-sample:compileReleaseUnitTestKotlin
Using Kotlin incremental compilation
:rings-sample:javaPreCompileReleaseUnitTest
:rings-sample:compileReleaseUnitTestJavaWithJavac NO-SOURCE
:rings-sample:testReleaseUnitTest
:rings-sample:test
:rings-sample:check
:rings-sample:build

BUILD SUCCESSFUL in 41s
97 actionable tasks: 97 executed

2018-08-22 14:56:18,010 INFO  FullProcessService - Found APK file: /var/folders/bq/vtzpc5ns5sg2cthy61lqpg3dfzgbys/T/1534924510424-0/src/rings-master/rings-sample/build/outputs/apk/release/rings-sample-release-unsigned.apk
