2019-12-22 22:49:49,548 INFO  DownloadService - Downloading "https://github.com/luxiliu/ScrollLoadRecyclerView/archive/master.zip", attempt 3
2019-12-22 22:49:56,174 INFO  DownloadService - Downloading "https://github.com/luxiliu/ScrollLoadRecyclerView/archive/master.zip", attempt 2
2019-12-22 22:50:02,160 INFO  DownloadService - Downloading "https://github.com/luxiliu/ScrollLoadRecyclerView/archive/master.zip", attempt 1
2019-12-22 22:51:02,426 INFO  GithubDownloadService - Could not find ZIP archive for master branch
2019-12-22 22:51:03,631 INFO  GithubDownloadService - Default branch of this repository: develop
2019-12-22 22:51:03,631 INFO  DownloadService - Downloading "https://github.com/luxiliu/ScrollLoadRecyclerView/archive/develop.zip", attempt 3
2019-12-22 22:52:05,106 DEBUG FullProcessService - Repository https://github.com/luxiliu/ScrollLoadRecyclerView available: true
2019-12-22 22:52:05,106 INFO  FullProcessService - Could not download ZIP file from Github, lets clone it
2019-12-22 22:52:05,106 INFO  SysUtils - Execute command: [git, clone, -q, --single-branch, --depth, 1, https://github.com/luxiliu/ScrollLoadRecyclerView, /var/folders/bq/vtzpc5ns5sg2cthy61lqpg3dfzgbys/T/1577029789545-0/src]
2019-12-22 22:52:07,142 INFO  SysUtils - 
2019-12-22 22:52:07,176 INFO  GitService - Deleted "/var/folders/bq/vtzpc5ns5sg2cthy61lqpg3dfzgbys/T/1577029789545-0/src/.git": true
2019-12-22 22:52:07,179 INFO  FullProcessService - Size of directory with sources: 182 KB
2019-12-22 22:52:07,179 INFO  SysUtils - Execute command: [git, init, /var/folders/bq/vtzpc5ns5sg2cthy61lqpg3dfzgbys/T/1577029789545-0/src]
2019-12-22 22:52:07,196 INFO  SysUtils - Initialized empty Git repository in /private/var/folders/bq/vtzpc5ns5sg2cthy61lqpg3dfzgbys/T/1577029789545-0/src/.git/

2019-12-22 22:52:07,199 INFO  ProjectBuildService - Gradle wrapper(s): /var/folders/bq/vtzpc5ns5sg2cthy61lqpg3dfzgbys/T/1577029789545-0/src/gradlew
2019-12-22 22:52:07,202 INFO  ProjectBuildService - Build script(s): /var/folders/bq/vtzpc5ns5sg2cthy61lqpg3dfzgbys/T/1577029789545-0/src/sample/build.gradle /var/folders/bq/vtzpc5ns5sg2cthy61lqpg3dfzgbys/T/1577029789545-0/src/scrollloadrecyclerview/build.gradle /var/folders/bq/vtzpc5ns5sg2cthy61lqpg3dfzgbys/T/1577029789545-0/src/build.gradle
2019-12-22 22:52:07,204 INFO  ProjectBuildService - All script(s): /var/folders/bq/vtzpc5ns5sg2cthy61lqpg3dfzgbys/T/1577029789545-0/src/scrollloadrecyclerview/build.gradle /var/folders/bq/vtzpc5ns5sg2cthy61lqpg3dfzgbys/T/1577029789545-0/src/build.gradle /var/folders/bq/vtzpc5ns5sg2cthy61lqpg3dfzgbys/T/1577029789545-0/src/sample/build.gradle /var/folders/bq/vtzpc5ns5sg2cthy61lqpg3dfzgbys/T/1577029789545-0/src/settings.gradle
2019-12-22 22:52:07,205 INFO  ProjectBuildService - Remote scripts: none
2019-12-22 22:52:07,205 INFO  ProjectFixService - Fixing project...
2019-12-22 22:52:07,211 INFO  LocalPropertiesFixService - Created fake /var/folders/bq/vtzpc5ns5sg2cthy61lqpg3dfzgbys/T/1577029789545-0/src/sample/local.properties
2019-12-22 22:52:07,213 INFO  ProjectFixService - Build info for "/var/folders/bq/vtzpc5ns5sg2cthy61lqpg3dfzgbys/T/1577029789545-0/src/sample/build.gradle": [buildToolsVersion=27.0.3,compileSdkVersion=27,minSdkVersion=15,targetSdkVersion=27]
2019-12-22 22:52:07,214 INFO  LocalPropertiesFixService - Created fake /var/folders/bq/vtzpc5ns5sg2cthy61lqpg3dfzgbys/T/1577029789545-0/src/scrollloadrecyclerview/local.properties
2019-12-22 22:52:07,215 INFO  ProjectFixService - Build info for "/var/folders/bq/vtzpc5ns5sg2cthy61lqpg3dfzgbys/T/1577029789545-0/src/scrollloadrecyclerview/build.gradle": [buildToolsVersion=27.0.3,compileSdkVersion=27,minSdkVersion=15,targetSdkVersion=27]
2019-12-22 22:52:07,216 INFO  LocalPropertiesFixService - Created fake /var/folders/bq/vtzpc5ns5sg2cthy61lqpg3dfzgbys/T/1577029789545-0/src/local.properties
2019-12-22 22:52:07,216 INFO  WrapperPropertiesFixService - Gradle wrapper: https://services.gradle.org/distributions/gradle-4.4-all.zip
2019-12-22 22:52:07,216 INFO  WrapperPropertiesFixService - Gradle wrapper was changed from "-all.zip" to "-bin.zip" (https://services.gradle.org/distributions/gradle-4.4-bin.zip)
2019-12-22 22:52:07,217 INFO  ProjectFixService - Build info for "/var/folders/bq/vtzpc5ns5sg2cthy61lqpg3dfzgbys/T/1577029789545-0/src/build.gradle": [buildToolsVersion=27.0.3,compileSdkVersion=27,minSdkVersion=15,targetSdkVersion=27]
2019-12-22 22:52:07,217 INFO  ProjectFixService - Project was maybe fixed
2019-12-22 22:52:07,217 INFO  ProjectTaskService - Detecting possible tasks...
2019-12-22 22:52:07,217 INFO  SysUtils - Execute command: [/var/folders/bq/vtzpc5ns5sg2cthy61lqpg3dfzgbys/T/1577029789545-0/src/gradlew, -b, /var/folders/bq/vtzpc5ns5sg2cthy61lqpg3dfzgbys/T/1577029789545-0/src/sample/build.gradle, -Dorg.gradle.daemon=false, -Dorg.gradle.daemon.performance.enable-monitoring=false, -Dorg.gradle.configureondemand=true, tasks]
2019-12-22 22:52:15,426 INFO  ProjectTaskService - Detected possible tasks: 67
2019-12-22 22:52:15,426 INFO  ProjectTaskService - Excluded tasks (20): lintDebug mockableAndroidJar deviceCheck lint testReleaseUnitTest uninstallRelease deviceAndroidTest uninstallDebugAndroidTest installRelease installDebugAndroidTest connectedCheck connectedDebugAndroidTest uninstallAll test check testDebugUnitTest connectedAndroidTest installDebug lintRelease uninstallDebug
2019-12-22 22:52:15,426 INFO  SysUtils - Execute command: [/var/folders/bq/vtzpc5ns5sg2cthy61lqpg3dfzgbys/T/1577029789545-0/src/gradlew, -b, /var/folders/bq/vtzpc5ns5sg2cthy61lqpg3dfzgbys/T/1577029789545-0/src/sample/build.gradle, -Dorg.gradle.daemon=false, -Dorg.gradle.daemon.performance.enable-monitoring=false, -Dorg.gradle.configureondemand=true, --stacktrace, -x, lintDebug, -x, mockableAndroidJar, -x, deviceCheck, -x, lint, -x, testReleaseUnitTest, -x, uninstallRelease, -x, deviceAndroidTest, -x, uninstallDebugAndroidTest, -x, installRelease, -x, installDebugAndroidTest, -x, connectedCheck, -x, connectedDebugAndroidTest, -x, uninstallAll, -x, test, -x, check, -x, testDebugUnitTest, -x, connectedAndroidTest, -x, installDebug, -x, lintRelease, -x, uninstallDebug, build]
2019-12-22 22:52:50,576 ERROR SysUtils - Could not process external command
org.apache.commons.exec.ExecuteException: Process exited with an error: 1 (Exit value: 1)
	at org.apache.commons.exec.DefaultExecutor.executeInternal(DefaultExecutor.java:404)
	at org.apache.commons.exec.DefaultExecutor.execute(DefaultExecutor.java:166)
	at com.github.vbauer.apkmaster.util.SysUtils.execute(SysUtils.java:67)
	at com.github.vbauer.apkmaster.util.SysUtils.executeSimple(SysUtils.java:43)
	at com.github.vbauer.apkmaster.service.assembly.ProjectBuildService.buildProject(ProjectBuildService.java:78)
	at com.github.vbauer.apkmaster.service.assembly.ProjectBuildService.buildProject(ProjectBuildService.java:64)
	at com.github.vbauer.apkmaster.service.assembly.ProjectBuildService.buildProject(ProjectBuildService.java:43)
	at com.github.vbauer.apkmaster.service.FullProcessService.build(FullProcessService.java:84)
	at com.github.vbauer.apkmaster.service.FullProcessService.process(FullProcessService.java:34)
	at com.github.vbauer.apkmaster.app.MainApplication.process(MainApplication.java:38)
	at com.github.vbauer.apkmaster.app.MainApplication.main(MainApplication.java:20)
	at sun.reflect.GeneratedMethodAccessor9.invoke(Unknown Source)
	at sun.reflect.DelegatingMethodAccessorImpl.invoke(DelegatingMethodAccessorImpl.java:43)
	at java.lang.reflect.Method.invoke(Method.java:498)
	at com.android.arsenal.util.ReflectionUtils.invoke(ReflectionUtils.java:52)
	at com.android.arsenal.util.ApkMasterUtils.main(ApkMasterUtils.java:30)
	at com.android.arsenal.service.processor.impl.BuildProcessorServiceImpl.buildProject(BuildProcessorServiceImpl.java:196)
	at com.android.arsenal.service.processor.impl.BuildProcessorServiceImpl.build(BuildProcessorServiceImpl.java:130)
	at com.android.arsenal.service.processor.impl.BuildProcessorServiceImpl.lambda$null$1(BuildProcessorServiceImpl.java:113)
	at java.util.concurrent.FutureTask.run(FutureTask.java:266)
	at java.util.concurrent.Executors$RunnableAdapter.call(Executors.java:511)
	at java.util.concurrent.FutureTask.run(FutureTask.java:266)
	at java.util.concurrent.ThreadPoolExecutor.runWorker(ThreadPoolExecutor.java:1149)
	at java.util.concurrent.ThreadPoolExecutor$Worker.run(ThreadPoolExecutor.java:624)
	at java.lang.Thread.run(Thread.java:748)
2019-12-22 22:52:50,576 INFO  SysUtils - Configuration on demand is an incubating feature.
:sample:preBuild UP-TO-DATE
:scrollloadrecyclerview:preBuild UP-TO-DATE
:scrollloadrecyclerview:preDebugBuild UP-TO-DATE
:scrollloadrecyclerview:checkDebugManifest
:scrollloadrecyclerview:processDebugManifest
:sample:preDebugBuild
:scrollloadrecyclerview:compileDebugAidl
:sample:compileDebugAidl
:scrollloadrecyclerview:packageDebugRenderscript NO-SOURCE
:sample:compileDebugRenderscript
:sample:checkDebugManifest
:sample:generateDebugBuildConfig
:sample:prepareLintJar
:sample:mainApkListPersistenceDebug
:sample:generateDebugResValues
:sample:generateDebugResources
:scrollloadrecyclerview:compileDebugRenderscript
:scrollloadrecyclerview:generateDebugResValues
:scrollloadrecyclerview:generateDebugResources
:scrollloadrecyclerview:packageDebugResources
:sample:mergeDebugResources
:sample:createDebugCompatibleScreenManifests
:sample:processDebugManifest
:sample:splitsDiscoveryTaskDebug
:scrollloadrecyclerview:platformAttrExtractor
:scrollloadrecyclerview:generateDebugBuildConfig
:scrollloadrecyclerview:prepareLintJar
:scrollloadrecyclerview:javaPreCompileDebug
:scrollloadrecyclerview:processDebugJavaRes NO-SOURCE
:sample:compileDebugNdk NO-SOURCE
:sample:mergeDebugShaders
:sample:compileDebugShaders
:sample:generateDebugAssets
:scrollloadrecyclerview:mergeDebugShaders
:scrollloadrecyclerview:compileDebugShaders
:scrollloadrecyclerview:generateDebugAssets
:scrollloadrecyclerview:packageDebugAssets
:sample:mergeDebugAssets
:sample:mergeDebugJniLibFolders
:scrollloadrecyclerview:compileDebugNdk NO-SOURCE
:scrollloadrecyclerview:mergeDebugJniLibFolders
:scrollloadrecyclerview:transformNativeLibsWithMergeJniLibsForDebug
:scrollloadrecyclerview:transformNativeLibsWithStripDebugSymbolForDebug
:scrollloadrecyclerview:transformNativeLibsWithIntermediateJniLibsForDebug
:sample:processDebugJavaRes NO-SOURCE
:sample:validateSigningDebug
:sample:extractProguardFiles
:scrollloadrecyclerview:extractProguardFiles
:scrollloadrecyclerview:preReleaseBuild
:scrollloadrecyclerview:checkReleaseManifest
:scrollloadrecyclerview:processReleaseManifest
:sample:preReleaseBuild
:scrollloadrecyclerview:compileReleaseAidl
:sample:compileReleaseAidl
:scrollloadrecyclerview:packageReleaseRenderscript NO-SOURCE
:sample:compileReleaseRenderscript
:sample:checkReleaseManifest
:sample:generateReleaseBuildConfig
:sample:mainApkListPersistenceRelease
:sample:generateReleaseResValues
:sample:generateReleaseResources
:scrollloadrecyclerview:compileReleaseRenderscript
:scrollloadrecyclerview:generateReleaseResValues
:scrollloadrecyclerview:generateReleaseResources
:scrollloadrecyclerview:packageReleaseResources
:sample:mergeReleaseResources
:sample:createReleaseCompatibleScreenManifests
:sample:processReleaseManifest
:sample:splitsDiscoveryTaskRelease
:scrollloadrecyclerview:generateReleaseBuildConfig
:scrollloadrecyclerview:javaPreCompileRelease
:scrollloadrecyclerview:processReleaseJavaRes NO-SOURCE
:sample:compileReleaseNdk NO-SOURCE
:sample:mergeReleaseShaders
:sample:compileReleaseShaders
:sample:generateReleaseAssets
:scrollloadrecyclerview:mergeReleaseShaders
:scrollloadrecyclerview:compileReleaseShaders
:scrollloadrecyclerview:generateReleaseAssets
:scrollloadrecyclerview:packageReleaseAssets
:sample:mergeReleaseAssets
:sample:processReleaseJavaRes NO-SOURCE
:scrollloadrecyclerview:mergeReleaseConsumerProguardFiles
:sample:mergeReleaseJniLibFolders
:scrollloadrecyclerview:compileReleaseNdk NO-SOURCE
:scrollloadrecyclerview:mergeReleaseJniLibFolders
:scrollloadrecyclerview:transformNativeLibsWithMergeJniLibsForRelease
:scrollloadrecyclerview:transformNativeLibsWithStripDebugSymbolForRelease
:scrollloadrecyclerview:transformNativeLibsWithIntermediateJniLibsForRelease
:sample:validateSigningRelease
:scrollloadrecyclerview:generateDebugRFile
:sample:processDebugResources
:sample:generateDebugSources
:scrollloadrecyclerview:generateDebugSources
:scrollloadrecyclerview:compileDebugJavaWithJavacNote: /private/var/folders/bq/vtzpc5ns5sg2cthy61lqpg3dfzgbys/T/1577029789545-0/src/scrollloadrecyclerview/src/main/java/com/luxiliu/android/widget/ScrollLoadRecyclerView.java uses unchecked or unsafe operations.
Note: Recompile with -Xlint:unchecked for details.

:scrollloadrecyclerview:transformClassesAndResourcesWithPrepareIntermediateJarsForDebug
:sample:javaPreCompileDebug
:sample:compileDebugJavaWithJavac
:sample:compileDebugSources
:sample:transformClassesWithDexBuilderForDebug
:sample:transformDexArchiveWithExternalLibsDexMergerForDebug
:sample:transformDexArchiveWithDexMergerForDebug
:sample:transformNativeLibsWithMergeJniLibsForDebug
:sample:transformNativeLibsWithStripDebugSymbolForDebug
:sample:transformResourcesWithMergeJavaResForDebug
:sample:packageDebug
:sample:assembleDebug
:scrollloadrecyclerview:generateReleaseRFile
:sample:processReleaseResources
:sample:generateReleaseSources
:scrollloadrecyclerview:generateReleaseSources
:scrollloadrecyclerview:compileReleaseJavaWithJavacNote: /private/var/folders/bq/vtzpc5ns5sg2cthy61lqpg3dfzgbys/T/1577029789545-0/src/scrollloadrecyclerview/src/main/java/com/luxiliu/android/widget/ScrollLoadRecyclerView.java uses unchecked or unsafe operations.
Note: Recompile with -Xlint:unchecked for details.

:scrollloadrecyclerview:transformClassesAndResourcesWithPrepareIntermediateJarsForRelease
:sample:javaPreCompileRelease
:sample:compileReleaseJavaWithJavac
:sample:compileReleaseSources
:sample:lintVitalRelease
:sample:transformResourcesWithMergeJavaResForRelease
:sample:transformClassesAndResourcesWithProguardForRelease
Request to incrementing alive workforce from 0. Current workforce (dead or alive) 0
thread-pool size=4
ProGuard, version 5.3.3
Reading input...
Reading program jar [/Users/vbauer/.gradle/caches/transforms-1/files-1.1/appcompat-v7-27.1.1.aar/04ef81f74563f12461b559af23e83f9a/jars/classes.jar] (filtered)
Reading program jar [/Users/vbauer/.gradle/caches/transforms-1/files-1.1/recyclerview-v7-27.1.1.aar/840411eb659a8cfe4b7d4e1617c249af/jars/classes.jar] (filtered)
Reading program jar [/Users/vbauer/.gradle/caches/transforms-1/files-1.1/cardview-v7-27.1.1.aar/3a1ac6c0044bf4e8a2f31597914e0370/jars/classes.jar] (filtered)
Reading program jar [/Users/vbauer/.gradle/caches/transforms-1/files-1.1/support-fragment-27.1.1.aar/5d76164cb187daaff63f3f12626187ea/jars/classes.jar] (filtered)
Reading program jar [/Users/vbauer/.gradle/caches/transforms-1/files-1.1/animated-vector-drawable-27.1.1.aar/c5170ddfa7883cca9f6db65f7b539027/jars/classes.jar] (filtered)
Reading program jar [/Users/vbauer/.gradle/caches/transforms-1/files-1.1/support-core-ui-27.1.1.aar/983d93caeb38cad0307081182150cefd/jars/classes.jar] (filtered)
Reading program jar [/Users/vbauer/.gradle/caches/transforms-1/files-1.1/support-core-utils-27.1.1.aar/8772fcf73875c7f3ccadef9e2746ca5c/jars/classes.jar] (filtered)
Reading program jar [/Users/vbauer/.gradle/caches/transforms-1/files-1.1/support-vector-drawable-27.1.1.aar/5b558a8d6e01499b73d9325d9725a4af/jars/classes.jar] (filtered)
Reading program jar [/Users/vbauer/.gradle/caches/transforms-1/files-1.1/support-compat-27.1.1.aar/76935d908991547eb46716058c89ec6d/jars/classes.jar] (filtered)
Reading program jar [/Users/vbauer/.gradle/caches/modules-2/files-2.1/com.android.support/support-annotations/27.1.1/39ded76b5e1ce1c5b2688e1d25cdc20ecee32007/support-annotations-27.1.1.jar] (filtered)
Reading program jar [/Users/vbauer/.gradle/caches/transforms-1/files-1.1/livedata-core-1.1.0.aar/bc33898a12c0ca69c3fd19e31af76be7/jars/classes.jar] (filtered)
Reading program jar [/Users/vbauer/.gradle/caches/transforms-1/files-1.1/viewmodel-1.1.0.aar/db9076a6d97a18a4ecdcb34546fd7ef8/jars/classes.jar] (filtered)
Reading program jar [/Users/vbauer/.gradle/caches/transforms-1/files-1.1/runtime-1.1.0.aar/c2dcdee97b226f696723bd76c9700367/jars/classes.jar] (filtered)
Reading program jar [/Users/vbauer/.gradle/caches/modules-2/files-2.1/android.arch.lifecycle/common/1.1.0/edf3f7bfb84a7521d0599efa3b0113a0ee90f85/common-1.1.0.jar] (filtered)
Reading program jar [/Users/vbauer/.gradle/caches/transforms-1/files-1.1/runtime-1.1.0.aar/a7e608c6d680df311e4e3fd6a6b658cb/jars/classes.jar] (filtered)
Reading program jar [/Users/vbauer/.gradle/caches/modules-2/files-2.1/android.arch.core/common/1.1.0/8007981f7d7540d89cd18471b8e5dcd2b4f99167/common-1.1.0.jar] (filtered)
Reading program jar [/private/var/folders/bq/vtzpc5ns5sg2cthy61lqpg3dfzgbys/T/1577029789545-0/src/scrollloadrecyclerview/build/intermediates/intermediate-jars/release/classes.jar] (filtered)
Reading program directory [/private/var/folders/bq/vtzpc5ns5sg2cthy61lqpg3dfzgbys/T/1577029789545-0/src/sample/build/intermediates/classes/release] (filtered)
Reading program jar [/private/var/folders/bq/vtzpc5ns5sg2cthy61lqpg3dfzgbys/T/1577029789545-0/src/sample/build/intermediates/transforms/mergeJavaRes/release/0.jar] (filtered)
Reading library jar [/Users/vbauer/Library/Android/sdk/platforms/android-27/android.jar]
Reading library jar [/Users/vbauer/Library/Android/sdk/platforms/android-27/optional/org.apache.http.legacy.jar]
Note: duplicate definition of library class [org.apache.http.params.HttpConnectionParams]
Note: duplicate definition of library class [org.apache.http.params.CoreConnectionPNames]
Note: duplicate definition of library class [org.apache.http.params.HttpParams]
Note: duplicate definition of library class [org.apache.http.conn.scheme.LayeredSocketFactory]
Note: duplicate definition of library class [org.apache.http.conn.scheme.SocketFactory]
Note: duplicate definition of library class [org.apache.http.conn.scheme.HostNameResolver]
Note: duplicate definition of library class [org.apache.http.conn.ConnectTimeoutException]
Note: duplicate definition of library class [android.net.http.SslCertificate]
Note: duplicate definition of library class [android.net.http.SslCertificate$DName]
Note: duplicate definition of library class [android.net.http.SslError]
Note: duplicate definition of library class [android.net.http.HttpResponseCache]
Note: there were 11 duplicate class definitions.
      (http://proguard.sourceforge.net/manual/troubleshooting.html#duplicateclass)
Initializing...
Note: the configuration keeps the entry point 'com.luxiliu.android.widget.ScrollLoadRecyclerView { void setOnLoadListener(com.luxiliu.android.widget.ScrollLoadRecyclerView$OnLoadListener); }', but not the descriptor class 'com.luxiliu.android.widget.ScrollLoadRecyclerView$OnLoadListener'
Note: there were 1 unkept descriptor classes in kept class members.
      You should consider explicitly keeping the mentioned classes
      (using '-keep').
      (http://proguard.sourceforge.net/manual/troubleshooting.html#descriptorclass)
Ignoring unused library classes...
  Original number of library classes: 4610
  Final number of library classes:    1048
Printing kept classes, fields, and methods...
Shrinking...
Printing usage to [/private/var/folders/bq/vtzpc5ns5sg2cthy61lqpg3dfzgbys/T/1577029789545-0/src/sample/build/outputs/mapping/release/usage.txt]...
Removing unused program classes and class elements...
  Original number of program classes: 1506
  Final number of program classes:    760
Inlining subroutines...
Obfuscating...
Printing mapping to [/private/var/folders/bq/vtzpc5ns5sg2cthy61lqpg3dfzgbys/T/1577029789545-0/src/sample/build/outputs/mapping/release/mapping.txt]...
Preverifying...
Writing output...
Preparing output jar [/private/var/folders/bq/vtzpc5ns5sg2cthy61lqpg3dfzgbys/T/1577029789545-0/src/sample/build/intermediates/transforms/proguard/release/0.jar]
  Copying resources from program jar [/Users/vbauer/.gradle/caches/transforms-1/files-1.1/appcompat-v7-27.1.1.aar/04ef81f74563f12461b559af23e83f9a/jars/classes.jar] (filtered)
  Copying resources from program jar [/Users/vbauer/.gradle/caches/transforms-1/files-1.1/recyclerview-v7-27.1.1.aar/840411eb659a8cfe4b7d4e1617c249af/jars/classes.jar] (filtered)
  Copying resources from program jar [/Users/vbauer/.gradle/caches/transforms-1/files-1.1/cardview-v7-27.1.1.aar/3a1ac6c0044bf4e8a2f31597914e0370/jars/classes.jar] (filtered)
  Copying resources from program jar [/Users/vbauer/.gradle/caches/transforms-1/files-1.1/support-fragment-27.1.1.aar/5d76164cb187daaff63f3f12626187ea/jars/classes.jar] (filtered)
  Copying resources from program jar [/Users/vbauer/.gradle/caches/transforms-1/files-1.1/animated-vector-drawable-27.1.1.aar/c5170ddfa7883cca9f6db65f7b539027/jars/classes.jar] (filtered)
  Copying resources from program jar [/Users/vbauer/.gradle/caches/transforms-1/files-1.1/support-core-ui-27.1.1.aar/983d93caeb38cad0307081182150cefd/jars/classes.jar] (filtered)
  Copying resources from program jar [/Users/vbauer/.gradle/caches/transforms-1/files-1.1/support-core-utils-27.1.1.aar/8772fcf73875c7f3ccadef9e2746ca5c/jars/classes.jar] (filtered)
  Copying resources from program jar [/Users/vbauer/.gradle/caches/transforms-1/files-1.1/support-vector-drawable-27.1.1.aar/5b558a8d6e01499b73d9325d9725a4af/jars/classes.jar] (filtered)
  Copying resources from program jar [/Users/vbauer/.gradle/caches/transforms-1/files-1.1/support-compat-27.1.1.aar/76935d908991547eb46716058c89ec6d/jars/classes.jar] (filtered)
  Copying resources from program jar [/Users/vbauer/.gradle/caches/modules-2/files-2.1/com.android.support/support-annotations/27.1.1/39ded76b5e1ce1c5b2688e1d25cdc20ecee32007/support-annotations-27.1.1.jar] (filtered)
  Copying resources from program jar [/Users/vbauer/.gradle/caches/transforms-1/files-1.1/livedata-core-1.1.0.aar/bc33898a12c0ca69c3fd19e31af76be7/jars/classes.jar] (filtered)
  Copying resources from program jar [/Users/vbauer/.gradle/caches/transforms-1/files-1.1/viewmodel-1.1.0.aar/db9076a6d97a18a4ecdcb34546fd7ef8/jars/classes.jar] (filtered)
  Copying resources from program jar [/Users/vbauer/.gradle/caches/transforms-1/files-1.1/runtime-1.1.0.aar/c2dcdee97b226f696723bd76c9700367/jars/classes.jar] (filtered)
  Copying resources from program jar [/Users/vbauer/.gradle/caches/modules-2/files-2.1/android.arch.lifecycle/common/1.1.0/edf3f7bfb84a7521d0599efa3b0113a0ee90f85/common-1.1.0.jar] (filtered)
  Copying resources from program jar [/Users/vbauer/.gradle/caches/transforms-1/files-1.1/runtime-1.1.0.aar/a7e608c6d680df311e4e3fd6a6b658cb/jars/classes.jar] (filtered)
  Copying resources from program jar [/Users/vbauer/.gradle/caches/modules-2/files-2.1/android.arch.core/common/1.1.0/8007981f7d7540d89cd18471b8e5dcd2b4f99167/common-1.1.0.jar] (filtered)
  Copying resources from program jar [/private/var/folders/bq/vtzpc5ns5sg2cthy61lqpg3dfzgbys/T/1577029789545-0/src/scrollloadrecyclerview/build/intermediates/intermediate-jars/release/classes.jar] (filtered)
  Copying resources from program directory [/private/var/folders/bq/vtzpc5ns5sg2cthy61lqpg3dfzgbys/T/1577029789545-0/src/sample/build/intermediates/classes/release] (filtered)
  Copying resources from program jar [/private/var/folders/bq/vtzpc5ns5sg2cthy61lqpg3dfzgbys/T/1577029789545-0/src/sample/build/intermediates/transforms/mergeJavaRes/release/0.jar] (filtered)
Printing classes to [/private/var/folders/bq/vtzpc5ns5sg2cthy61lqpg3dfzgbys/T/1577029789545-0/src/sample/build/outputs/mapping/release/dump.txt]...
:sample:transformClassesWithDexBuilderForRelease
:sample:transformDexArchiveWithDexMergerForRelease
:sample:transformNativeLibsWithMergeJniLibsForRelease
:sample:transformNativeLibsWithStripDebugSymbolForRelease
:sample:packageRelease FAILED

FAILURE: Build failed with an exception.

* What went wrong:
Execution failed for task ':sample:packageRelease'.
> com.android.ide.common.signing.KeytoolException: Failed to read key  from store "/private/var/folders/bq/vtzpc5ns5sg2cthy61lqpg3dfzgbys/T/1577029789545-0/src/sample/release.keystore": Keystore was tampered with, or password was incorrect

* Try:
Run with --info or --debug option to get more log output. Run with --scan to get full insights.

* Exception is:
org.gradle.api.tasks.TaskExecutionException: Execution failed for task ':sample:packageRelease'.
	at org.gradle.api.internal.tasks.execution.ExecuteActionsTaskExecuter.executeActions(ExecuteActionsTaskExecuter.java:100)
	at org.gradle.api.internal.tasks.execution.ExecuteActionsTaskExecuter.execute(ExecuteActionsTaskExecuter.java:70)
	at org.gradle.api.internal.tasks.execution.OutputDirectoryCreatingTaskExecuter.execute(OutputDirectoryCreatingTaskExecuter.java:51)
	at org.gradle.api.internal.tasks.execution.SkipUpToDateTaskExecuter.execute(SkipUpToDateTaskExecuter.java:62)
	at org.gradle.api.internal.tasks.execution.ResolveTaskOutputCachingStateExecuter.execute(ResolveTaskOutputCachingStateExecuter.java:54)
	at org.gradle.api.internal.tasks.execution.ValidatingTaskExecuter.execute(ValidatingTaskExecuter.java:60)
	at org.gradle.api.internal.tasks.execution.SkipEmptySourceFilesTaskExecuter.execute(SkipEmptySourceFilesTaskExecuter.java:97)
	at org.gradle.api.internal.tasks.execution.CleanupStaleOutputsExecuter.execute(CleanupStaleOutputsExecuter.java:87)
	at org.gradle.api.internal.tasks.execution.ResolveTaskArtifactStateTaskExecuter.execute(ResolveTaskArtifactStateTaskExecuter.java:52)
	at org.gradle.api.internal.tasks.execution.SkipTaskWithNoActionsExecuter.execute(SkipTaskWithNoActionsExecuter.java:52)
	at org.gradle.api.internal.tasks.execution.SkipOnlyIfTaskExecuter.execute(SkipOnlyIfTaskExecuter.java:54)
	at org.gradle.api.internal.tasks.execution.ExecuteAtMostOnceTaskExecuter.execute(ExecuteAtMostOnceTaskExecuter.java:43)
	at org.gradle.api.internal.tasks.execution.CatchExceptionTaskExecuter.execute(CatchExceptionTaskExecuter.java:34)
	at org.gradle.execution.taskgraph.DefaultTaskGraphExecuter$EventFiringTaskWorker$1.run(DefaultTaskGraphExecuter.java:248)
	at org.gradle.internal.progress.DefaultBuildOperationExecutor$RunnableBuildOperationWorker.execute(DefaultBuildOperationExecutor.java:336)
	at org.gradle.internal.progress.DefaultBuildOperationExecutor$RunnableBuildOperationWorker.execute(DefaultBuildOperationExecutor.java:328)
	at org.gradle.internal.progress.DefaultBuildOperationExecutor.execute(DefaultBuildOperationExecutor.java:199)
	at org.gradle.internal.progress.DefaultBuildOperationExecutor.run(DefaultBuildOperationExecutor.java:110)
	at org.gradle.execution.taskgraph.DefaultTaskGraphExecuter$EventFiringTaskWorker.execute(DefaultTaskGraphExecuter.java:241)
	at org.gradle.execution.taskgraph.DefaultTaskGraphExecuter$EventFiringTaskWorker.execute(DefaultTaskGraphExecuter.java:230)
	at org.gradle.execution.taskgraph.DefaultTaskPlanExecutor$TaskExecutorWorker.processTask(DefaultTaskPlanExecutor.java:123)
	at org.gradle.execution.taskgraph.DefaultTaskPlanExecutor$TaskExecutorWorker.access$200(DefaultTaskPlanExecutor.java:79)
	at org.gradle.execution.taskgraph.DefaultTaskPlanExecutor$TaskExecutorWorker$1.execute(DefaultTaskPlanExecutor.java:104)
	at org.gradle.execution.taskgraph.DefaultTaskPlanExecutor$TaskExecutorWorker$1.execute(DefaultTaskPlanExecutor.java:98)
	at org.gradle.execution.taskgraph.DefaultTaskExecutionPlan.execute(DefaultTaskExecutionPlan.java:626)
	at org.gradle.execution.taskgraph.DefaultTaskExecutionPlan.executeWithTask(DefaultTaskExecutionPlan.java:581)
	at org.gradle.execution.taskgraph.DefaultTaskPlanExecutor$TaskExecutorWorker.run(DefaultTaskPlanExecutor.java:98)
	at org.gradle.internal.concurrent.ExecutorPolicy$CatchAndRecordFailures.onExecute(ExecutorPolicy.java:63)
	at org.gradle.internal.concurrent.ManagedExecutorImpl$1.run(ManagedExecutorImpl.java:46)
	at org.gradle.internal.concurrent.ThreadFactoryImpl$ManagedThreadRunnable.run(ThreadFactoryImpl.java:55)
Caused by: org.gradle.tooling.BuildException: com.android.ide.common.signing.KeytoolException: Failed to read key  from store "/private/var/folders/bq/vtzpc5ns5sg2cthy61lqpg3dfzgbys/T/1577029789545-0/src/sample/release.keystore": Keystore was tampered with, or password was incorrect
	at com.android.build.gradle.internal.scope.BuildElements$ExecutorBasedScheduler$transform$2.invoke(BuildElements.kt:133)
	at com.android.build.gradle.internal.scope.BuildElements$ExecutorBasedScheduler$transform$2.invoke(BuildElements.kt:110)
	at kotlin.sequences.SequencesKt___SequencesKt$onEach$1.invoke(_Sequences.kt:1260)
	at kotlin.sequences.TransformingSequence$iterator$1.next(Sequences.kt:148)
	at kotlin.sequences.FilteringSequence$iterator$1.calcNext(Sequences.kt:108)
	at kotlin.sequences.FilteringSequence$iterator$1.hasNext(Sequences.kt:132)
	at kotlin.sequences.TransformingSequence$iterator$1.hasNext(Sequences.kt:152)
	at kotlin.sequences.SequencesKt___SequencesKt.toCollection(_Sequences.kt:633)
	at kotlin.sequences.SequencesKt___SequencesKt.toMutableList(_Sequences.kt:663)
	at kotlin.sequences.SequencesKt___SequencesKt.toList(_Sequences.kt:654)
	at com.android.build.gradle.internal.scope.BuildElements$ExecutorBasedScheduler.transform(BuildElements.kt:140)
	at com.android.build.gradle.internal.scope.BuildElements$ExecutorBasedScheduler.into(BuildElements.kt:115)
	at com.android.build.gradle.internal.scope.BuildElementActionScheduler.into(BuildElementActionScheduler.kt:32)
	at com.android.build.gradle.tasks.PackageAndroidArtifact.doFullTaskAction(PackageAndroidArtifact.java:393)
	at com.android.build.gradle.internal.tasks.IncrementalTask.taskAction(IncrementalTask.java:106)
	at org.gradle.internal.reflect.JavaMethod.invoke(JavaMethod.java:73)
	at org.gradle.api.internal.project.taskfactory.IncrementalTaskAction.doExecute(IncrementalTaskAction.java:46)
	at org.gradle.api.internal.project.taskfactory.StandardTaskAction.execute(StandardTaskAction.java:39)
	at org.gradle.api.internal.project.taskfactory.StandardTaskAction.execute(StandardTaskAction.java:26)
	at org.gradle.api.internal.tasks.execution.ExecuteActionsTaskExecuter$1.run(ExecuteActionsTaskExecuter.java:121)
	at org.gradle.internal.progress.DefaultBuildOperationExecutor$RunnableBuildOperationWorker.execute(DefaultBuildOperationExecutor.java:336)
	at org.gradle.internal.progress.DefaultBuildOperationExecutor$RunnableBuildOperationWorker.execute(DefaultBuildOperationExecutor.java:328)
	at org.gradle.internal.progress.DefaultBuildOperationExecutor.execute(DefaultBuildOperationExecutor.java:199)
	at org.gradle.internal.progress.DefaultBuildOperationExecutor.run(DefaultBuildOperationExecutor.java:110)
	at org.gradle.api.internal.tasks.execution.ExecuteActionsTaskExecuter.executeAction(ExecuteActionsTaskExecuter.java:110)
	at org.gradle.api.internal.tasks.execution.ExecuteActionsTaskExecuter.executeActions(ExecuteActionsTaskExecuter.java:92)
	... 29 more
Caused by: java.lang.RuntimeException: com.android.ide.common.signing.KeytoolException: Failed to read key  from store "/private/var/folders/bq/vtzpc5ns5sg2cthy61lqpg3dfzgbys/T/1577029789545-0/src/sample/release.keystore": Keystore was tampered with, or password was incorrect
	at com.android.build.gradle.internal.packaging.IncrementalPackagerBuilder.withSigning(IncrementalPackagerBuilder.java:173)
	at com.android.build.gradle.tasks.PackageAndroidArtifact.doTask(PackageAndroidArtifact.java:646)
	at com.android.build.gradle.tasks.PackageAndroidArtifact.splitFullAction(PackageAndroidArtifact.java:496)
	at com.android.build.gradle.tasks.PackageAndroidArtifact.lambda$doFullTaskAction$2(PackageAndroidArtifact.java:388)
	at com.android.build.gradle.internal.scope.BuildElements$ExecutorBasedScheduler$transform$$inlined$forEach$lambda$1.call(BuildElements.kt:121)
	at com.android.build.gradle.internal.scope.BuildElements$ExecutorBasedScheduler$transform$$inlined$forEach$lambda$1.call(BuildElements.kt:110)
Caused by: com.android.ide.common.signing.KeytoolException: Failed to read key  from store "/private/var/folders/bq/vtzpc5ns5sg2cthy61lqpg3dfzgbys/T/1577029789545-0/src/sample/release.keystore": Keystore was tampered with, or password was incorrect
	at com.android.ide.common.signing.KeystoreHelper.getCertificateInfo(KeystoreHelper.java:212)
	at com.android.build.gradle.internal.packaging.IncrementalPackagerBuilder.withSigning(IncrementalPackagerBuilder.java:161)
	... 5 more
Caused by: java.io.IOException: Keystore was tampered with, or password was incorrect
	at com.android.ide.common.signing.KeystoreHelper.getCertificateInfo(KeystoreHelper.java:190)
	... 6 more
Caused by: java.security.UnrecoverableKeyException: Password verification failed
	... 7 more


* Get more help at https://help.gradle.org

BUILD FAILED in 34s
95 actionable tasks: 95 executed

2019-12-22 22:52:50,637 INFO  FullProcessService - Found APK file: /var/folders/bq/vtzpc5ns5sg2cthy61lqpg3dfzgbys/T/1577029789545-0/src/sample/build/outputs/apk/debug/sample-debug.apk
