2018-08-20 14:44:15,424 INFO  DownloadService - Downloading "https://github.com/safetysystemtechnology/camera-touch-button/archive/master.zip", attempt 3
2018-08-20 14:44:19,258 INFO  DownloadService - Downloaded https://github.com/safetysystemtechnology/camera-touch-button/archive/master.zip, attempt 3
2018-08-20 14:44:19,258 INFO  DownloadService - Size of file "/var/folders/bq/vtzpc5ns5sg2cthy61lqpg3dfzgbys/T/1534751055420-0/master.zip": 3 MB
2018-08-20 14:44:19,258 INFO  ArchiveUtils - Checking entries [.gradle] in ZIP file...
2018-08-20 14:44:19,265 INFO  ArchiveUtils - Has entries [.gradle] in ZIP file /var/folders/bq/vtzpc5ns5sg2cthy61lqpg3dfzgbys/T/1534751055420-0/master.zip: true
2018-08-20 14:44:19,265 DEBUG ZipUtil - Extracting '/var/folders/bq/vtzpc5ns5sg2cthy61lqpg3dfzgbys/T/1534751055420-0/master.zip' into '/var/folders/bq/vtzpc5ns5sg2cthy61lqpg3dfzgbys/T/1534751055420-0/src'.
2018-08-20 14:44:19,313 INFO  FullProcessService - Size of directory with sources: 3 MB
2018-08-20 14:44:19,313 INFO  SysUtils - Execute command: [git, init, /var/folders/bq/vtzpc5ns5sg2cthy61lqpg3dfzgbys/T/1534751055420-0/src]
2018-08-20 14:44:19,328 INFO  SysUtils - Initialized empty Git repository in /private/var/folders/bq/vtzpc5ns5sg2cthy61lqpg3dfzgbys/T/1534751055420-0/src/.git/

2018-08-20 14:44:19,332 INFO  ProjectBuildService - Gradle wrapper(s): /var/folders/bq/vtzpc5ns5sg2cthy61lqpg3dfzgbys/T/1534751055420-0/src/camera-touch-button-master/gradlew
2018-08-20 14:44:19,336 INFO  ProjectBuildService - Build script(s): /var/folders/bq/vtzpc5ns5sg2cthy61lqpg3dfzgbys/T/1534751055420-0/src/camera-touch-button-master/app/build.gradle /var/folders/bq/vtzpc5ns5sg2cthy61lqpg3dfzgbys/T/1534751055420-0/src/camera-touch-button-master/camera-touch-button/build.gradle /var/folders/bq/vtzpc5ns5sg2cthy61lqpg3dfzgbys/T/1534751055420-0/src/camera-touch-button-master/build.gradle
2018-08-20 14:44:19,339 INFO  ProjectBuildService - All script(s): /var/folders/bq/vtzpc5ns5sg2cthy61lqpg3dfzgbys/T/1534751055420-0/src/camera-touch-button-master/app/build.gradle /var/folders/bq/vtzpc5ns5sg2cthy61lqpg3dfzgbys/T/1534751055420-0/src/camera-touch-button-master/camera-touch-button/build.gradle /var/folders/bq/vtzpc5ns5sg2cthy61lqpg3dfzgbys/T/1534751055420-0/src/camera-touch-button-master/build.gradle /var/folders/bq/vtzpc5ns5sg2cthy61lqpg3dfzgbys/T/1534751055420-0/src/camera-touch-button-master/settings.gradle
2018-08-20 14:44:19,340 INFO  ProjectBuildService - Remote scripts: none
2018-08-20 14:44:19,340 INFO  ProjectFixService - Fixing project...
2018-08-20 14:44:19,348 INFO  LocalPropertiesFixService - Created fake /var/folders/bq/vtzpc5ns5sg2cthy61lqpg3dfzgbys/T/1534751055420-0/src/camera-touch-button-master/app/local.properties
2018-08-20 14:44:19,349 INFO  ProjectFixService - Build info for "/var/folders/bq/vtzpc5ns5sg2cthy61lqpg3dfzgbys/T/1534751055420-0/src/camera-touch-button-master/app/build.gradle": [buildToolsVersion=<null>,compileSdkVersion=26,minSdkVersion=15,targetSdkVersion=26]
2018-08-20 14:44:19,349 INFO  ProjectFixService - Fixed build info for "/var/folders/bq/vtzpc5ns5sg2cthy61lqpg3dfzgbys/T/1534751055420-0/src/camera-touch-button-master/app/build.gradle": [buildToolsVersion=28.0.0-rc2,compileSdkVersion=26,minSdkVersion=15,targetSdkVersion=26]
2018-08-20 14:44:19,350 INFO  LocalPropertiesFixService - Created fake /var/folders/bq/vtzpc5ns5sg2cthy61lqpg3dfzgbys/T/1534751055420-0/src/camera-touch-button-master/camera-touch-button/local.properties
2018-08-20 14:44:19,351 INFO  ProjectFixService - Build info for "/var/folders/bq/vtzpc5ns5sg2cthy61lqpg3dfzgbys/T/1534751055420-0/src/camera-touch-button-master/camera-touch-button/build.gradle": [buildToolsVersion=<null>,compileSdkVersion=26,minSdkVersion=15,targetSdkVersion=26]
2018-08-20 14:44:19,351 INFO  ProjectFixService - Fixed build info for "/var/folders/bq/vtzpc5ns5sg2cthy61lqpg3dfzgbys/T/1534751055420-0/src/camera-touch-button-master/camera-touch-button/build.gradle": [buildToolsVersion=28.0.0-rc2,compileSdkVersion=26,minSdkVersion=15,targetSdkVersion=26]
2018-08-20 14:44:19,352 INFO  LocalPropertiesFixService - Updated fake /var/folders/bq/vtzpc5ns5sg2cthy61lqpg3dfzgbys/T/1534751055420-0/src/camera-touch-button-master/local.properties
2018-08-20 14:44:19,353 INFO  WrapperPropertiesFixService - Gradle wrapper: https://services.gradle.org/distributions/gradle-4.1-all.zip
2018-08-20 14:44:19,353 INFO  WrapperPropertiesFixService - Gradle wrapper was changed from "-all.zip" to "-bin.zip" (https://services.gradle.org/distributions/gradle-4.1-bin.zip)
2018-08-20 14:44:19,354 INFO  ProjectFixService - Build info for "/var/folders/bq/vtzpc5ns5sg2cthy61lqpg3dfzgbys/T/1534751055420-0/src/camera-touch-button-master/build.gradle": [buildToolsVersion=<null>,compileSdkVersion=26,minSdkVersion=15,targetSdkVersion=26]
2018-08-20 14:44:19,354 INFO  ProjectFixService - Fixed build info for "/var/folders/bq/vtzpc5ns5sg2cthy61lqpg3dfzgbys/T/1534751055420-0/src/camera-touch-button-master/build.gradle": [buildToolsVersion=28.0.0-rc2,compileSdkVersion=26,minSdkVersion=15,targetSdkVersion=26]
2018-08-20 14:44:19,355 INFO  ProjectFixService - Project was maybe fixed
2018-08-20 14:44:19,355 INFO  ProjectTaskService - Detecting possible tasks...
2018-08-20 14:44:19,355 INFO  SysUtils - Execute command: [/var/folders/bq/vtzpc5ns5sg2cthy61lqpg3dfzgbys/T/1534751055420-0/src/camera-touch-button-master/gradlew, -b, /var/folders/bq/vtzpc5ns5sg2cthy61lqpg3dfzgbys/T/1534751055420-0/src/camera-touch-button-master/app/build.gradle, -Dorg.gradle.daemon=false, -Dorg.gradle.daemon.performance.enable-monitoring=false, -Dorg.gradle.configureondemand=true, tasks]
2018-08-20 14:44:44,628 INFO  ProjectTaskService - Detected possible tasks: 67
2018-08-20 14:44:44,628 INFO  ProjectTaskService - Excluded tasks (19): lintDebug mockableAndroidJar deviceCheck lint testReleaseUnitTest uninstallRelease deviceAndroidTest uninstallDebugAndroidTest installDebugAndroidTest connectedCheck connectedDebugAndroidTest uninstallAll test check testDebugUnitTest connectedAndroidTest installDebug lintRelease uninstallDebug
2018-08-20 14:44:44,629 INFO  SysUtils - Execute command: [/var/folders/bq/vtzpc5ns5sg2cthy61lqpg3dfzgbys/T/1534751055420-0/src/camera-touch-button-master/gradlew, -b, /var/folders/bq/vtzpc5ns5sg2cthy61lqpg3dfzgbys/T/1534751055420-0/src/camera-touch-button-master/app/build.gradle, -Dorg.gradle.daemon=false, -Dorg.gradle.daemon.performance.enable-monitoring=false, -Dorg.gradle.configureondemand=true, --stacktrace, -x, lintDebug, -x, mockableAndroidJar, -x, deviceCheck, -x, lint, -x, testReleaseUnitTest, -x, uninstallRelease, -x, deviceAndroidTest, -x, uninstallDebugAndroidTest, -x, installDebugAndroidTest, -x, connectedCheck, -x, connectedDebugAndroidTest, -x, uninstallAll, -x, test, -x, check, -x, testDebugUnitTest, -x, connectedAndroidTest, -x, installDebug, -x, lintRelease, -x, uninstallDebug, build]
2018-08-20 14:45:14,855 ERROR SysUtils - Could not process external command
org.apache.commons.exec.ExecuteException: Process exited with an error: 1 (Exit value: 1)
	at org.apache.commons.exec.DefaultExecutor.executeInternal(DefaultExecutor.java:404)
	at org.apache.commons.exec.DefaultExecutor.execute(DefaultExecutor.java:166)
	at com.github.vbauer.apkmaster.util.SysUtils.execute(SysUtils.java:67)
	at com.github.vbauer.apkmaster.util.SysUtils.executeSimple(SysUtils.java:43)
	at com.github.vbauer.apkmaster.service.assembly.ProjectBuildService.buildProject(ProjectBuildService.java:78)
	at com.github.vbauer.apkmaster.service.assembly.ProjectBuildService.buildProject(ProjectBuildService.java:64)
	at com.github.vbauer.apkmaster.service.assembly.ProjectBuildService.buildProject(ProjectBuildService.java:43)
	at com.github.vbauer.apkmaster.service.FullProcessService.build(FullProcessService.java:84)
	at com.github.vbauer.apkmaster.service.FullProcessService.process(FullProcessService.java:34)
	at com.github.vbauer.apkmaster.app.MainApplication.process(MainApplication.java:38)
	at com.github.vbauer.apkmaster.app.MainApplication.main(MainApplication.java:20)
	at sun.reflect.NativeMethodAccessorImpl.invoke0(Native Method)
	at sun.reflect.NativeMethodAccessorImpl.invoke(NativeMethodAccessorImpl.java:62)
	at sun.reflect.DelegatingMethodAccessorImpl.invoke(DelegatingMethodAccessorImpl.java:43)
	at java.lang.reflect.Method.invoke(Method.java:498)
	at com.android.arsenal.util.ReflectionUtils.invoke(ReflectionUtils.java:52)
	at com.android.arsenal.util.ApkMasterUtils.main(ApkMasterUtils.java:30)
	at com.android.arsenal.service.processor.impl.BuildProcessorServiceImpl.buildProject(BuildProcessorServiceImpl.java:196)
	at com.android.arsenal.service.processor.impl.BuildProcessorServiceImpl.build(BuildProcessorServiceImpl.java:130)
	at com.android.arsenal.service.processor.impl.BuildProcessorServiceImpl.lambda$null$1(BuildProcessorServiceImpl.java:113)
	at java.util.concurrent.FutureTask.run(FutureTask.java:266)
	at java.util.concurrent.Executors$RunnableAdapter.call(Executors.java:511)
	at java.util.concurrent.FutureTask.run(FutureTask.java:266)
	at java.util.concurrent.ThreadPoolExecutor.runWorker(ThreadPoolExecutor.java:1149)
	at java.util.concurrent.ThreadPoolExecutor$Worker.run(ThreadPoolExecutor.java:624)
	at java.lang.Thread.run(Thread.java:748)
2018-08-20 14:45:14,855 INFO  SysUtils - Configuration on demand is an incubating feature.
Configuration 'compile' in project ':app' is deprecated. Use 'implementation' instead.
Configuration 'compile' in project ':camera-touch-button' is deprecated. Use 'implementation' instead.
:app:preBuild UP-TO-DATE
:camera-touch-button:preBuild UP-TO-DATE
:camera-touch-button:preDebugBuild UP-TO-DATE
:camera-touch-button:checkDebugManifest
:camera-touch-button:processDebugManifest
:app:preDebugBuild
Download https://jcenter.bintray.com/org/jetbrains/kotlin/kotlin-stdlib-jre7/1.2.20/kotlin-stdlib-jre7-1.2.20.pom
Download https://jcenter.bintray.com/com/wonderkiln/camerakit/0.13.1/camerakit-0.13.1.pom
Download https://dl.google.com/dl/android/maven2/com/android/support/exifinterface/27.0.2/exifinterface-27.0.2.pom
Download https://dl.google.com/dl/android/maven2/com/android/support/exifinterface/27.0.2/exifinterface-27.0.2.aar
Download https://jcenter.bintray.com/com/wonderkiln/camerakit/0.13.1/camerakit-0.13.1.aar
:camera-touch-button:compileDebugAidl
:app:compileDebugAidl
:camera-touch-button:packageDebugRenderscript NO-SOURCE
:app:compileDebugRenderscript
:app:checkDebugManifest
:app:generateDebugBuildConfig
:app:generateDebugResValues
:app:generateDebugResources
:camera-touch-button:compileDebugRenderscript
:camera-touch-button:generateDebugResValues
:camera-touch-button:generateDebugResources
:camera-touch-button:packageDebugResources
:app:mergeDebugResources
:app:createDebugCompatibleScreenManifests
:app:processDebugManifest
:app:splitsDiscoveryTaskDebug
:camera-touch-button:platformAttrExtractor
:camera-touch-button:generateDebugBuildConfig
:camera-touch-button:prepareLintJar
:camera-touch-button:javaPreCompileDebug
:camera-touch-button:processDebugResources
:app:processDebugResources
:camera-touch-button:generateDebugSources
:camera-touch-button:compileDebugJavaWithJavac
:camera-touch-button:processDebugJavaRes NO-SOURCE
:camera-touch-button:transformClassesAndResourcesWithPrepareIntermediateJarsForDebug
:app:compileDebugKotlin
Download https://jcenter.bintray.com/org/jetbrains/kotlin/kotlin-stdlib-jre7/1.2.20/kotlin-stdlib-jre7-1.2.20.jar
:app:prepareLintJar
:app:generateDebugSources
:app:javaPreCompileDebug
:app:compileDebugJavaWithJavac
:app:compileDebugNdk NO-SOURCE
:app:compileDebugSources
:app:mergeDebugShaders
:app:compileDebugShaders
:app:generateDebugAssets
:camera-touch-button:mergeDebugShaders
:camera-touch-button:compileDebugShaders
:camera-touch-button:generateDebugAssets
:camera-touch-button:mergeDebugAssets
:app:mergeDebugAssets
:app:transformClassesWithDexBuilderForDebug
:app:transformDexArchiveWithExternalLibsDexMergerForDebug
:app:transformDexArchiveWithDexMergerForDebug
:app:mergeDebugJniLibFolders
:camera-touch-button:compileDebugNdk NO-SOURCE
:camera-touch-button:mergeDebugJniLibFolders
:camera-touch-button:transformNativeLibsWithMergeJniLibsForDebug
:camera-touch-button:transformNativeLibsWithStripDebugSymbolForDebug
:camera-touch-button:transformNativeLibsWithIntermediateJniLibsForDebug
:app:transformNativeLibsWithMergeJniLibsForDebug
:app:transformNativeLibsWithStripDebugSymbolForDebug FAILED

FAILURE: Build failed with an exception.

* What went wrong:
Execution failed for task ':app:transformNativeLibsWithStripDebugSymbolForDebug'.
> A problem occurred starting process 'command '/Users/vbauer/Library/Android/sdk/ndk-bundle/toolchains/mips64el-linux-android-4.9/prebuilt/darwin-x86_64/bin/mips64el-linux-android-strip''

* Try:
Run with --info or --debug option to get more log output.

* Exception is:
org.gradle.api.tasks.TaskExecutionException: Execution failed for task ':app:transformNativeLibsWithStripDebugSymbolForDebug'.
	at org.gradle.api.internal.tasks.execution.ExecuteActionsTaskExecuter.executeActions(ExecuteActionsTaskExecuter.java:100)
	at org.gradle.api.internal.tasks.execution.ExecuteActionsTaskExecuter.execute(ExecuteActionsTaskExecuter.java:70)
	at org.gradle.api.internal.tasks.execution.SkipUpToDateTaskExecuter.execute(SkipUpToDateTaskExecuter.java:63)
	at org.gradle.api.internal.tasks.execution.ResolveTaskOutputCachingStateExecuter.execute(ResolveTaskOutputCachingStateExecuter.java:54)
	at org.gradle.api.internal.tasks.execution.ValidatingTaskExecuter.execute(ValidatingTaskExecuter.java:58)
	at org.gradle.api.internal.tasks.execution.SkipEmptySourceFilesTaskExecuter.execute(SkipEmptySourceFilesTaskExecuter.java:88)
	at org.gradle.api.internal.tasks.execution.ResolveTaskArtifactStateTaskExecuter.execute(ResolveTaskArtifactStateTaskExecuter.java:52)
	at org.gradle.api.internal.tasks.execution.SkipTaskWithNoActionsExecuter.execute(SkipTaskWithNoActionsExecuter.java:52)
	at org.gradle.api.internal.tasks.execution.SkipOnlyIfTaskExecuter.execute(SkipOnlyIfTaskExecuter.java:54)
	at org.gradle.api.internal.tasks.execution.ExecuteAtMostOnceTaskExecuter.execute(ExecuteAtMostOnceTaskExecuter.java:43)
	at org.gradle.api.internal.tasks.execution.CatchExceptionTaskExecuter.execute(CatchExceptionTaskExecuter.java:34)
	at org.gradle.execution.taskgraph.DefaultTaskGraphExecuter$EventFiringTaskWorker$1.run(DefaultTaskGraphExecuter.java:248)
	at org.gradle.internal.progress.DefaultBuildOperationExecutor$RunnableBuildOperationWorker.execute(DefaultBuildOperationExecutor.java:336)
	at org.gradle.internal.progress.DefaultBuildOperationExecutor$RunnableBuildOperationWorker.execute(DefaultBuildOperationExecutor.java:328)
	at org.gradle.internal.progress.DefaultBuildOperationExecutor.execute(DefaultBuildOperationExecutor.java:197)
	at org.gradle.internal.progress.DefaultBuildOperationExecutor.run(DefaultBuildOperationExecutor.java:107)
	at org.gradle.execution.taskgraph.DefaultTaskGraphExecuter$EventFiringTaskWorker.execute(DefaultTaskGraphExecuter.java:241)
	at org.gradle.execution.taskgraph.DefaultTaskGraphExecuter$EventFiringTaskWorker.execute(DefaultTaskGraphExecuter.java:230)
	at org.gradle.execution.taskgraph.DefaultTaskPlanExecutor$TaskExecutorWorker.processTask(DefaultTaskPlanExecutor.java:124)
	at org.gradle.execution.taskgraph.DefaultTaskPlanExecutor$TaskExecutorWorker.access$200(DefaultTaskPlanExecutor.java:80)
	at org.gradle.execution.taskgraph.DefaultTaskPlanExecutor$TaskExecutorWorker$1.execute(DefaultTaskPlanExecutor.java:105)
	at org.gradle.execution.taskgraph.DefaultTaskPlanExecutor$TaskExecutorWorker$1.execute(DefaultTaskPlanExecutor.java:99)
	at org.gradle.execution.taskgraph.DefaultTaskExecutionPlan.execute(DefaultTaskExecutionPlan.java:625)
	at org.gradle.execution.taskgraph.DefaultTaskExecutionPlan.executeWithTask(DefaultTaskExecutionPlan.java:580)
	at org.gradle.execution.taskgraph.DefaultTaskPlanExecutor$TaskExecutorWorker.run(DefaultTaskPlanExecutor.java:99)
	at org.gradle.internal.concurrent.ExecutorPolicy$CatchAndRecordFailures.onExecute(ExecutorPolicy.java:63)
	at org.gradle.internal.concurrent.ManagedExecutorImpl$1.run(ManagedExecutorImpl.java:46)
	at org.gradle.internal.concurrent.ThreadFactoryImpl$ManagedThreadRunnable.run(ThreadFactoryImpl.java:55)
Caused by: org.gradle.process.internal.ExecException: A problem occurred starting process 'command '/Users/vbauer/Library/Android/sdk/ndk-bundle/toolchains/mips64el-linux-android-4.9/prebuilt/darwin-x86_64/bin/mips64el-linux-android-strip''
	at org.gradle.process.internal.DefaultExecHandle.execExceptionFor(DefaultExecHandle.java:220)
	at org.gradle.process.internal.DefaultExecHandle.setEndStateInfo(DefaultExecHandle.java:204)
	at org.gradle.process.internal.DefaultExecHandle.failed(DefaultExecHandle.java:340)
	at org.gradle.process.internal.ExecHandleRunner.run(ExecHandleRunner.java:86)
	at org.gradle.internal.operations.BuildOperationIdentifierPreservingRunnable.run(BuildOperationIdentifierPreservingRunnable.java:39)
	... 3 more
Caused by: net.rubygrapefruit.platform.NativeException: Could not start '/Users/vbauer/Library/Android/sdk/ndk-bundle/toolchains/mips64el-linux-android-4.9/prebuilt/darwin-x86_64/bin/mips64el-linux-android-strip'
	at net.rubygrapefruit.platform.internal.DefaultProcessLauncher.start(DefaultProcessLauncher.java:27)
	at net.rubygrapefruit.platform.internal.WrapperProcessLauncher.start(WrapperProcessLauncher.java:36)
	at org.gradle.process.internal.ExecHandleRunner.run(ExecHandleRunner.java:68)
	... 4 more
Caused by: java.io.IOException: Cannot run program "/Users/vbauer/Library/Android/sdk/ndk-bundle/toolchains/mips64el-linux-android-4.9/prebuilt/darwin-x86_64/bin/mips64el-linux-android-strip" (in directory "/private/var/folders/bq/vtzpc5ns5sg2cthy61lqpg3dfzgbys/T/1534751055420-0/src/camera-touch-button-master/app"): error=2, No such file or directory
	at net.rubygrapefruit.platform.internal.DefaultProcessLauncher.start(DefaultProcessLauncher.java:25)
	... 6 more
Caused by: java.io.IOException: error=2, No such file or directory
	... 7 more


* Get more help at https://help.gradle.org

BUILD FAILED in 29s
44 actionable tasks: 44 executed

2018-08-20 14:45:14,899 INFO  ProjectTaskService - Detecting possible tasks...
2018-08-20 14:45:14,899 INFO  SysUtils - Execute command: [/var/folders/bq/vtzpc5ns5sg2cthy61lqpg3dfzgbys/T/1534751055420-0/src/camera-touch-button-master/gradlew, -b, /var/folders/bq/vtzpc5ns5sg2cthy61lqpg3dfzgbys/T/1534751055420-0/src/camera-touch-button-master/camera-touch-button/build.gradle, -Dorg.gradle.daemon=false, -Dorg.gradle.daemon.performance.enable-monitoring=false, -Dorg.gradle.configureondemand=true, tasks]
2018-08-20 14:45:22,167 INFO  ProjectTaskService - Detected possible tasks: 67
2018-08-20 14:45:22,167 INFO  ProjectTaskService - Excluded tasks (16): lintDebug mockableAndroidJar deviceCheck lint testReleaseUnitTest deviceAndroidTest uninstallDebugAndroidTest installDebugAndroidTest connectedCheck connectedDebugAndroidTest uninstallAll test check testDebugUnitTest connectedAndroidTest lintRelease
2018-08-20 14:45:22,167 INFO  SysUtils - Execute command: [/var/folders/bq/vtzpc5ns5sg2cthy61lqpg3dfzgbys/T/1534751055420-0/src/camera-touch-button-master/gradlew, -b, /var/folders/bq/vtzpc5ns5sg2cthy61lqpg3dfzgbys/T/1534751055420-0/src/camera-touch-button-master/camera-touch-button/build.gradle, -Dorg.gradle.daemon=false, -Dorg.gradle.daemon.performance.enable-monitoring=false, -Dorg.gradle.configureondemand=true, --stacktrace, -x, lintDebug, -x, mockableAndroidJar, -x, deviceCheck, -x, lint, -x, testReleaseUnitTest, -x, deviceAndroidTest, -x, uninstallDebugAndroidTest, -x, installDebugAndroidTest, -x, connectedCheck, -x, connectedDebugAndroidTest, -x, uninstallAll, -x, test, -x, check, -x, testDebugUnitTest, -x, connectedAndroidTest, -x, lintRelease, build]
2018-08-20 14:45:36,369 INFO  SysUtils - Configuration on demand is an incubating feature.
Configuration 'compile' in project ':camera-touch-button' is deprecated. Use 'implementation' instead.
:camera-touch-button:preBuild UP-TO-DATE
:camera-touch-button:preDebugBuild UP-TO-DATE
:camera-touch-button:compileDebugAidl UP-TO-DATE
:camera-touch-button:compileDebugNdk NO-SOURCE
:camera-touch-button:compileDebugRenderscript UP-TO-DATE
:camera-touch-button:checkDebugManifest UP-TO-DATE
:camera-touch-button:generateDebugBuildConfig UP-TO-DATE
:camera-touch-button:prepareLintJar UP-TO-DATE
:camera-touch-button:generateDebugResValues UP-TO-DATE
:camera-touch-button:generateDebugResources UP-TO-DATE
:camera-touch-button:packageDebugResources UP-TO-DATE
:camera-touch-button:platformAttrExtractor UP-TO-DATE
:camera-touch-button:processDebugManifest UP-TO-DATE
:camera-touch-button:processDebugResources UP-TO-DATE
:camera-touch-button:generateDebugSources UP-TO-DATE
:camera-touch-button:javaPreCompileDebug UP-TO-DATE
:camera-touch-button:compileDebugJavaWithJavac UP-TO-DATE
:camera-touch-button:extractDebugAnnotations
:camera-touch-button:mergeDebugShaders UP-TO-DATE
:camera-touch-button:compileDebugShaders UP-TO-DATE
:camera-touch-button:generateDebugAssets UP-TO-DATE
:camera-touch-button:mergeDebugAssets UP-TO-DATE
:camera-touch-button:mergeDebugConsumerProguardFiles
:camera-touch-button:packageDebugRenderscript NO-SOURCE
:camera-touch-button:processDebugJavaRes NO-SOURCE
:camera-touch-button:transformResourcesWithMergeJavaResForDebug
:camera-touch-button:transformClassesAndResourcesWithSyncLibJarsForDebug
:camera-touch-button:mergeDebugJniLibFolders UP-TO-DATE
:camera-touch-button:transformNativeLibsWithMergeJniLibsForDebug UP-TO-DATE
:camera-touch-button:transformNativeLibsWithStripDebugSymbolForDebug UP-TO-DATE
:camera-touch-button:transformNativeLibsWithSyncJniLibsForDebug
:camera-touch-button:bundleDebug
:camera-touch-button:compileDebugSources UP-TO-DATE
:camera-touch-button:assembleDebug
:camera-touch-button:preReleaseBuild UP-TO-DATE
:camera-touch-button:compileReleaseAidl
:camera-touch-button:compileReleaseNdk NO-SOURCE
:camera-touch-button:compileReleaseRenderscript
:camera-touch-button:checkReleaseManifest
:camera-touch-button:generateReleaseBuildConfig
:camera-touch-button:generateReleaseResValues
:camera-touch-button:generateReleaseResources
:camera-touch-button:packageReleaseResources
:camera-touch-button:processReleaseManifest
:camera-touch-button:processReleaseResources
:camera-touch-button:generateReleaseSources
:camera-touch-button:javaPreCompileRelease
:camera-touch-button:compileReleaseJavaWithJavac
:camera-touch-button:extractReleaseAnnotations
:camera-touch-button:mergeReleaseShaders
:camera-touch-button:compileReleaseShaders
:camera-touch-button:generateReleaseAssets
:camera-touch-button:mergeReleaseAssets
:camera-touch-button:mergeReleaseConsumerProguardFiles
:camera-touch-button:packageReleaseRenderscript NO-SOURCE
:camera-touch-button:processReleaseJavaRes NO-SOURCE
:camera-touch-button:transformResourcesWithMergeJavaResForRelease
:camera-touch-button:transformClassesAndResourcesWithSyncLibJarsForRelease
:camera-touch-button:mergeReleaseJniLibFolders
:camera-touch-button:transformNativeLibsWithMergeJniLibsForRelease
:camera-touch-button:transformNativeLibsWithStripDebugSymbolForRelease
:camera-touch-button:transformNativeLibsWithSyncJniLibsForRelease
:camera-touch-button:bundleRelease
:camera-touch-button:compileReleaseSources
:camera-touch-button:mergeReleaseResources
:camera-touch-button:verifyReleaseResources
:camera-touch-button:assembleRelease
:camera-touch-button:javadoc/private/var/folders/bq/vtzpc5ns5sg2cthy61lqpg3dfzgbys/T/1534751055420-0/src/camera-touch-button-master/camera-touch-button/src/main/java/br/com/safety/camera_touch_button/CameraListener.java:3: error: package com.wonderkiln.camerakit does not exist
import com.wonderkiln.camerakit.CameraKitImage;
                               ^
/private/var/folders/bq/vtzpc5ns5sg2cthy61lqpg3dfzgbys/T/1534751055420-0/src/camera-touch-button-master/camera-touch-button/src/main/java/br/com/safety/camera_touch_button/CameraListener.java:10: error: cannot find symbol
    void onCaptured(CameraKitImage cameraKitImage);
                    ^
  symbol:   class CameraKitImage
  location: interface CameraListener
/private/var/folders/bq/vtzpc5ns5sg2cthy61lqpg3dfzgbys/T/1534751055420-0/src/camera-touch-button-master/camera-touch-button/src/main/java/br/com/safety/camera_touch_button/CameraTouchButton.java:9: error: package android.support.annotation does not exist
import android.support.annotation.RequiresApi;
                                 ^
/private/var/folders/bq/vtzpc5ns5sg2cthy61lqpg3dfzgbys/T/1534751055420-0/src/camera-touch-button-master/camera-touch-button/src/main/java/br/com/safety/camera_touch_button/CameraTouchButton.java:10: error: package android.support.v4.content does not exist
import android.support.v4.content.ContextCompat;
                                 ^
/private/var/folders/bq/vtzpc5ns5sg2cthy61lqpg3dfzgbys/T/1534751055420-0/src/camera-touch-button-master/camera-touch-button/src/main/java/br/com/safety/camera_touch_button/CameraTouchButton.java:21: error: package com.wonderkiln.camerakit does not exist
import com.wonderkiln.camerakit.CameraKitEventCallback;
                               ^
/private/var/folders/bq/vtzpc5ns5sg2cthy61lqpg3dfzgbys/T/1534751055420-0/src/camera-touch-button-master/camera-touch-button/src/main/java/br/com/safety/camera_touch_button/CameraTouchButton.java:22: error: package com.wonderkiln.camerakit does not exist
import com.wonderkiln.camerakit.CameraKitImage;
                               ^
/private/var/folders/bq/vtzpc5ns5sg2cthy61lqpg3dfzgbys/T/1534751055420-0/src/camera-touch-button-master/camera-touch-button/src/main/java/br/com/safety/camera_touch_button/CameraTouchButton.java:23: error: package com.wonderkiln.camerakit does not exist
import com.wonderkiln.camerakit.CameraView;
                               ^
/private/var/folders/bq/vtzpc5ns5sg2cthy61lqpg3dfzgbys/T/1534751055420-0/src/camera-touch-button-master/camera-touch-button/src/main/java/br/com/safety/camera_touch_button/ProgressFrameLayout.java:7: error: package android.support.annotation does not exist
import android.support.annotation.AttrRes;
                                 ^
/private/var/folders/bq/vtzpc5ns5sg2cthy61lqpg3dfzgbys/T/1534751055420-0/src/camera-touch-button-master/camera-touch-button/src/main/java/br/com/safety/camera_touch_button/ProgressFrameLayout.java:8: error: package android.support.annotation does not exist
import android.support.annotation.NonNull;
                                 ^
/private/var/folders/bq/vtzpc5ns5sg2cthy61lqpg3dfzgbys/T/1534751055420-0/src/camera-touch-button-master/camera-touch-button/src/main/java/br/com/safety/camera_touch_button/ProgressFrameLayout.java:9: error: package android.support.annotation does not exist
import android.support.annotation.Nullable;
                                 ^
/private/var/folders/bq/vtzpc5ns5sg2cthy61lqpg3dfzgbys/T/1534751055420-0/src/camera-touch-button-master/camera-touch-button/src/main/java/br/com/safety/camera_touch_button/ProgressFrameLayout.java:10: error: package android.support.annotation does not exist
import android.support.annotation.RequiresApi;
                                 ^
/private/var/folders/bq/vtzpc5ns5sg2cthy61lqpg3dfzgbys/T/1534751055420-0/src/camera-touch-button-master/camera-touch-button/src/main/java/br/com/safety/camera_touch_button/ProgressFrameLayout.java:11: error: package android.support.annotation does not exist
import android.support.annotation.StyleRes;
                                 ^
/private/var/folders/bq/vtzpc5ns5sg2cthy61lqpg3dfzgbys/T/1534751055420-0/src/camera-touch-button-master/camera-touch-button/src/main/java/br/com/safety/camera_touch_button/CameraTouchButton.java:38: error: cannot find symbol
    private CameraView mCameraView;
            ^
  symbol:   class CameraView
  location: class CameraTouchButton
/private/var/folders/bq/vtzpc5ns5sg2cthy61lqpg3dfzgbys/T/1534751055420-0/src/camera-touch-button-master/camera-touch-button/src/main/java/br/com/safety/camera_touch_button/CameraTouchButton.java:86: error: cannot find symbol
    public void setup(RelativeLayout rootLayout, CameraView cameraView) {
                                                 ^
  symbol:   class CameraView
  location: class CameraTouchButton
/private/var/folders/bq/vtzpc5ns5sg2cthy61lqpg3dfzgbys/T/1534751055420-0/src/camera-touch-button-master/camera-touch-button/src/main/java/br/com/safety/camera_touch_button/CameraTouchButton.java:212: error: cannot find symbol
    public CameraView getCamera() {
           ^
  symbol:   class CameraView
  location: class CameraTouchButton
/private/var/folders/bq/vtzpc5ns5sg2cthy61lqpg3dfzgbys/T/1534751055420-0/src/camera-touch-button-master/camera-touch-button/src/main/java/br/com/safety/camera_touch_button/BuilderCameraView.java:5: error: package com.wonderkiln.camerakit does not exist
import com.wonderkiln.camerakit.CameraView;
                               ^
/private/var/folders/bq/vtzpc5ns5sg2cthy61lqpg3dfzgbys/T/1534751055420-0/src/camera-touch-button-master/camera-touch-button/src/main/java/br/com/safety/camera_touch_button/BuilderCameraView.java:7: error: package com.wonderkiln.camerakit.CameraKit does not exist
import static com.wonderkiln.camerakit.CameraKit.Constants.METHOD_STANDARD;
                                                ^
/private/var/folders/bq/vtzpc5ns5sg2cthy61lqpg3dfzgbys/T/1534751055420-0/src/camera-touch-button-master/camera-touch-button/src/main/java/br/com/safety/camera_touch_button/BuilderCameraView.java:7: error: static import only from classes and interfaces
import static com.wonderkiln.camerakit.CameraKit.Constants.METHOD_STANDARD;
^
/private/var/folders/bq/vtzpc5ns5sg2cthy61lqpg3dfzgbys/T/1534751055420-0/src/camera-touch-button-master/camera-touch-button/src/main/java/br/com/safety/camera_touch_button/BuilderCameraView.java:14: error: cannot find symbol
    private CameraView mCameraView;
            ^
  symbol:   class CameraView
  location: class BuilderCameraView
/private/var/folders/bq/vtzpc5ns5sg2cthy61lqpg3dfzgbys/T/1534751055420-0/src/camera-touch-button-master/camera-touch-button/src/main/java/br/com/safety/camera_touch_button/BuilderCameraView.java:16: error: cannot find symbol
    public CameraView build(Context context) {
           ^
  symbol:   class CameraView
  location: class BuilderCameraView
/private/var/folders/bq/vtzpc5ns5sg2cthy61lqpg3dfzgbys/T/1534751055420-0/src/camera-touch-button-master/camera-touch-button/src/main/java/br/com/safety/camera_touch_button/CameraTouchButton.java:63: error: cannot find symbol
    @RequiresApi(api = Build.VERSION_CODES.LOLLIPOP)
     ^
  symbol:   class RequiresApi
  location: class CameraTouchButton
/private/var/folders/bq/vtzpc5ns5sg2cthy61lqpg3dfzgbys/T/1534751055420-0/src/camera-touch-button-master/camera-touch-button/src/main/java/br/com/safety/camera_touch_button/CameraTouchButton.java:91: error: cannot find symbol
    @RequiresApi(api = Build.VERSION_CODES.JELLY_BEAN)
     ^
  symbol:   class RequiresApi
  location: class CameraTouchButton
/private/var/folders/bq/vtzpc5ns5sg2cthy61lqpg3dfzgbys/T/1534751055420-0/src/camera-touch-button-master/camera-touch-button/src/main/java/br/com/safety/camera_touch_button/CameraTouchButton.java:140: error: cannot find symbol
    @RequiresApi(api = Build.VERSION_CODES.LOLLIPOP)
     ^
  symbol:   class RequiresApi
  location: class CameraTouchButton
/private/var/folders/bq/vtzpc5ns5sg2cthy61lqpg3dfzgbys/T/1534751055420-0/src/camera-touch-button-master/camera-touch-button/src/main/java/br/com/safety/camera_touch_button/CameraTouchButton.java:218: error: cannot find symbol
    @RequiresApi(api = Build.VERSION_CODES.JELLY_BEAN)
     ^
  symbol:   class RequiresApi
  location: class CameraTouchButton
/private/var/folders/bq/vtzpc5ns5sg2cthy61lqpg3dfzgbys/T/1534751055420-0/src/camera-touch-button-master/camera-touch-button/src/main/java/br/com/safety/camera_touch_button/CameraTouchButton.java:236: error: cannot find symbol
    @RequiresApi(api = Build.VERSION_CODES.JELLY_BEAN)
     ^
  symbol:   class RequiresApi
  location: class CameraTouchButton
/private/var/folders/bq/vtzpc5ns5sg2cthy61lqpg3dfzgbys/T/1534751055420-0/src/camera-touch-button-master/camera-touch-button/src/main/java/br/com/safety/camera_touch_button/ProgressFrameLayout.java:24: error: cannot find symbol
    public ProgressFrameLayout(@NonNull Context context) {
                                ^
  symbol:   class NonNull
  location: class ProgressFrameLayout
/private/var/folders/bq/vtzpc5ns5sg2cthy61lqpg3dfzgbys/T/1534751055420-0/src/camera-touch-button-master/camera-touch-button/src/main/java/br/com/safety/camera_touch_button/ProgressFrameLayout.java:29: error: cannot find symbol
    public ProgressFrameLayout(@NonNull Context context, @Nullable AttributeSet attrs) {
                                ^
  symbol:   class NonNull
  location: class ProgressFrameLayout
/private/var/folders/bq/vtzpc5ns5sg2cthy61lqpg3dfzgbys/T/1534751055420-0/src/camera-touch-button-master/camera-touch-button/src/main/java/br/com/safety/camera_touch_button/ProgressFrameLayout.java:29: error: cannot find symbol
    public ProgressFrameLayout(@NonNull Context context, @Nullable AttributeSet attrs) {
                                                          ^
  symbol:   class Nullable
  location: class ProgressFrameLayout
/private/var/folders/bq/vtzpc5ns5sg2cthy61lqpg3dfzgbys/T/1534751055420-0/src/camera-touch-button-master/camera-touch-button/src/main/java/br/com/safety/camera_touch_button/ProgressFrameLayout.java:34: error: cannot find symbol
    public ProgressFrameLayout(@NonNull Context context, @Nullable AttributeSet attrs, @AttrRes int defStyleAttr) {
                                ^
  symbol:   class NonNull
  location: class ProgressFrameLayout
/private/var/folders/bq/vtzpc5ns5sg2cthy61lqpg3dfzgbys/T/1534751055420-0/src/camera-touch-button-master/camera-touch-button/src/main/java/br/com/safety/camera_touch_button/ProgressFrameLayout.java:34: error: cannot find symbol
    public ProgressFrameLayout(@NonNull Context context, @Nullable AttributeSet attrs, @AttrRes int defStyleAttr) {
                                                          ^
  symbol:   class Nullable
  location: class ProgressFrameLayout
/private/var/folders/bq/vtzpc5ns5sg2cthy61lqpg3dfzgbys/T/1534751055420-0/src/camera-touch-button-master/camera-touch-button/src/main/java/br/com/safety/camera_touch_button/ProgressFrameLayout.java:34: error: cannot find symbol
    public ProgressFrameLayout(@NonNull Context context, @Nullable AttributeSet attrs, @AttrRes int defStyleAttr) {
                                                                                        ^
  symbol:   class AttrRes
  location: class ProgressFrameLayout
/private/var/folders/bq/vtzpc5ns5sg2cthy61lqpg3dfzgbys/T/1534751055420-0/src/camera-touch-button-master/camera-touch-button/src/main/java/br/com/safety/camera_touch_button/ProgressFrameLayout.java:44: error: cannot find symbol
    public ProgressFrameLayout(@NonNull Context context, @Nullable AttributeSet attrs, @AttrRes int defStyleAttr, @StyleRes int defStyleRes) {
                                ^
  symbol:   class NonNull
  location: class ProgressFrameLayout
/private/var/folders/bq/vtzpc5ns5sg2cthy61lqpg3dfzgbys/T/1534751055420-0/src/camera-touch-button-master/camera-touch-button/src/main/java/br/com/safety/camera_touch_button/ProgressFrameLayout.java:44: error: cannot find symbol
    public ProgressFrameLayout(@NonNull Context context, @Nullable AttributeSet attrs, @AttrRes int defStyleAttr, @StyleRes int defStyleRes) {
                                                          ^
  symbol:   class Nullable
  location: class ProgressFrameLayout
/private/var/folders/bq/vtzpc5ns5sg2cthy61lqpg3dfzgbys/T/1534751055420-0/src/camera-touch-button-master/camera-touch-button/src/main/java/br/com/safety/camera_touch_button/ProgressFrameLayout.java:44: error: cannot find symbol
    public ProgressFrameLayout(@NonNull Context context, @Nullable AttributeSet attrs, @AttrRes int defStyleAttr, @StyleRes int defStyleRes) {
                                                                                        ^
  symbol:   class AttrRes
  location: class ProgressFrameLayout
/private/var/folders/bq/vtzpc5ns5sg2cthy61lqpg3dfzgbys/T/1534751055420-0/src/camera-touch-button-master/camera-touch-button/src/main/java/br/com/safety/camera_touch_button/ProgressFrameLayout.java:44: error: cannot find symbol
    public ProgressFrameLayout(@NonNull Context context, @Nullable AttributeSet attrs, @AttrRes int defStyleAttr, @StyleRes int defStyleRes) {
                                                                                                                   ^
  symbol:   class StyleRes
  location: class ProgressFrameLayout
/private/var/folders/bq/vtzpc5ns5sg2cthy61lqpg3dfzgbys/T/1534751055420-0/src/camera-touch-button-master/camera-touch-button/src/main/java/br/com/safety/camera_touch_button/ProgressFrameLayout.java:43: error: cannot find symbol
    @RequiresApi(api = Build.VERSION_CODES.LOLLIPOP)
     ^
  symbol:   class RequiresApi
  location: class ProgressFrameLayout
/private/var/folders/bq/vtzpc5ns5sg2cthy61lqpg3dfzgbys/T/1534751055420-0/src/camera-touch-button-master/camera-touch-button/src/main/java/br/com/safety/camera_touch_button/ProgressFrameLayout.java:65: error: cannot find symbol
    @RequiresApi(api = Build.VERSION_CODES.LOLLIPOP)
     ^
  symbol:   class RequiresApi
  location: class ProgressFrameLayout
javadoc: warning - Class RequiresApi not found.
javadoc: warning - Class RequiresApi not found.
javadoc: warning - Class RequiresApi not found.
javadoc: warning - Class RequiresApi not found.
javadoc: warning - Class RequiresApi not found.
javadoc: warning - Class RequiresApi not found.
javadoc: warning - Class RequiresApi not found.
/private/var/folders/bq/vtzpc5ns5sg2cthy61lqpg3dfzgbys/T/1534751055420-0/src/camera-touch-button-master/camera-touch-button/src/main/java/br/com/safety/camera_touch_button/CircularAnimatedDrawable.java:135: warning: no description for @param
     * @param currentSweepAngle
       ^
javadoc: warning - Class RequiresApi not found.
javadoc: warning - Class RequiresApi not found.
javadoc: warning - Class RequiresApi not found.
javadoc: warning - Class NonNull not found.
javadoc: warning - Class NonNull not found.
javadoc: warning - Class Nullable not found.
javadoc: warning - Class NonNull not found.
javadoc: warning - Class Nullable not found.
javadoc: warning - Class AttrRes not found.
javadoc: warning - Class RequiresApi not found.
javadoc: warning - Class NonNull not found.
javadoc: warning - Class Nullable not found.
javadoc: warning - Class AttrRes not found.
javadoc: warning - Class StyleRes not found.
javadoc: warning - Class RequiresApi not found.
javadoc: warning - Class RequiresApi not found.
javadoc: warning - Class RequiresApi not found.
javadoc: warning - Class RequiresApi not found.
javadoc: warning - Class RequiresApi not found.
javadoc: warning - Class RequiresApi not found.
javadoc: warning - Class RequiresApi not found.
javadoc: warning - Class RequiresApi not found.
javadoc: warning - Class RequiresApi not found.
javadoc: warning - Class RequiresApi not found.
javadoc: warning - Class RequiresApi not found.

70 warnings
:camera-touch-button:javadocJar
:camera-touch-button:sourcesJar
:camera-touch-button:assemble
:camera-touch-button:build

BUILD SUCCESSFUL in 13s
51 actionable tasks: 33 executed, 18 up-to-date

2018-08-20 14:45:36,449 INFO  ProjectTaskService - Detecting possible tasks...
2018-08-20 14:45:36,449 INFO  SysUtils - Execute command: [/var/folders/bq/vtzpc5ns5sg2cthy61lqpg3dfzgbys/T/1534751055420-0/src/camera-touch-button-master/gradlew, -b, /var/folders/bq/vtzpc5ns5sg2cthy61lqpg3dfzgbys/T/1534751055420-0/src/camera-touch-button-master/build.gradle, -Dorg.gradle.daemon=false, -Dorg.gradle.daemon.performance.enable-monitoring=false, -Dorg.gradle.configureondemand=true, tasks]
2018-08-20 14:45:43,700 INFO  ProjectTaskService - Detected possible tasks: 71
2018-08-20 14:45:43,700 INFO  ProjectTaskService - Excluded tasks (19): lintDebug mockableAndroidJar deviceCheck lint testReleaseUnitTest uninstallRelease deviceAndroidTest uninstallDebugAndroidTest installDebugAndroidTest connectedCheck connectedDebugAndroidTest uninstallAll test check testDebugUnitTest connectedAndroidTest installDebug lintRelease uninstallDebug
2018-08-20 14:45:43,700 INFO  SysUtils - Execute command: [/var/folders/bq/vtzpc5ns5sg2cthy61lqpg3dfzgbys/T/1534751055420-0/src/camera-touch-button-master/gradlew, -b, /var/folders/bq/vtzpc5ns5sg2cthy61lqpg3dfzgbys/T/1534751055420-0/src/camera-touch-button-master/build.gradle, -Dorg.gradle.daemon=false, -Dorg.gradle.daemon.performance.enable-monitoring=false, -Dorg.gradle.configureondemand=true, --stacktrace, -x, lintDebug, -x, mockableAndroidJar, -x, deviceCheck, -x, lint, -x, testReleaseUnitTest, -x, uninstallRelease, -x, deviceAndroidTest, -x, uninstallDebugAndroidTest, -x, installDebugAndroidTest, -x, connectedCheck, -x, connectedDebugAndroidTest, -x, uninstallAll, -x, test, -x, check, -x, testDebugUnitTest, -x, connectedAndroidTest, -x, installDebug, -x, lintRelease, -x, uninstallDebug, build]
2018-08-20 14:45:52,457 ERROR SysUtils - Could not process external command
org.apache.commons.exec.ExecuteException: Process exited with an error: 1 (Exit value: 1)
	at org.apache.commons.exec.DefaultExecutor.executeInternal(DefaultExecutor.java:404)
	at org.apache.commons.exec.DefaultExecutor.execute(DefaultExecutor.java:166)
	at com.github.vbauer.apkmaster.util.SysUtils.execute(SysUtils.java:67)
	at com.github.vbauer.apkmaster.util.SysUtils.executeSimple(SysUtils.java:43)
	at com.github.vbauer.apkmaster.service.assembly.ProjectBuildService.buildProject(ProjectBuildService.java:78)
	at com.github.vbauer.apkmaster.service.assembly.ProjectBuildService.buildProject(ProjectBuildService.java:64)
	at com.github.vbauer.apkmaster.service.assembly.ProjectBuildService.buildProject(ProjectBuildService.java:43)
	at com.github.vbauer.apkmaster.service.FullProcessService.build(FullProcessService.java:84)
	at com.github.vbauer.apkmaster.service.FullProcessService.process(FullProcessService.java:34)
	at com.github.vbauer.apkmaster.app.MainApplication.process(MainApplication.java:38)
	at com.github.vbauer.apkmaster.app.MainApplication.main(MainApplication.java:20)
	at sun.reflect.NativeMethodAccessorImpl.invoke0(Native Method)
	at sun.reflect.NativeMethodAccessorImpl.invoke(NativeMethodAccessorImpl.java:62)
	at sun.reflect.DelegatingMethodAccessorImpl.invoke(DelegatingMethodAccessorImpl.java:43)
	at java.lang.reflect.Method.invoke(Method.java:498)
	at com.android.arsenal.util.ReflectionUtils.invoke(ReflectionUtils.java:52)
	at com.android.arsenal.util.ApkMasterUtils.main(ApkMasterUtils.java:30)
	at com.android.arsenal.service.processor.impl.BuildProcessorServiceImpl.buildProject(BuildProcessorServiceImpl.java:196)
	at com.android.arsenal.service.processor.impl.BuildProcessorServiceImpl.build(BuildProcessorServiceImpl.java:130)
	at com.android.arsenal.service.processor.impl.BuildProcessorServiceImpl.lambda$null$1(BuildProcessorServiceImpl.java:113)
	at java.util.concurrent.FutureTask.run(FutureTask.java:266)
	at java.util.concurrent.Executors$RunnableAdapter.call(Executors.java:511)
	at java.util.concurrent.FutureTask.run(FutureTask.java:266)
	at java.util.concurrent.ThreadPoolExecutor.runWorker(ThreadPoolExecutor.java:1149)
	at java.util.concurrent.ThreadPoolExecutor$Worker.run(ThreadPoolExecutor.java:624)
	at java.lang.Thread.run(Thread.java:748)
2018-08-20 14:45:52,457 INFO  SysUtils - Configuration on demand is an incubating feature.
Configuration 'compile' in project ':app' is deprecated. Use 'implementation' instead.
Configuration 'compile' in project ':camera-touch-button' is deprecated. Use 'implementation' instead.
:app:preBuild UP-TO-DATE
:camera-touch-button:preBuild UP-TO-DATE
:camera-touch-button:preDebugBuild UP-TO-DATE
:camera-touch-button:checkDebugManifest UP-TO-DATE
:camera-touch-button:processDebugManifest UP-TO-DATE
:app:preDebugBuild UP-TO-DATE
:camera-touch-button:compileDebugAidl UP-TO-DATE
:app:compileDebugAidl UP-TO-DATE
:camera-touch-button:packageDebugRenderscript NO-SOURCE
:app:compileDebugRenderscript UP-TO-DATE
:app:checkDebugManifest UP-TO-DATE
:app:generateDebugBuildConfig UP-TO-DATE
:app:generateDebugResValues UP-TO-DATE
:app:generateDebugResources UP-TO-DATE
:camera-touch-button:compileDebugRenderscript UP-TO-DATE
:camera-touch-button:generateDebugResValues UP-TO-DATE
:camera-touch-button:generateDebugResources UP-TO-DATE
:camera-touch-button:packageDebugResources UP-TO-DATE
:app:mergeDebugResources UP-TO-DATE
:app:createDebugCompatibleScreenManifests UP-TO-DATE
:app:processDebugManifest UP-TO-DATE
:app:splitsDiscoveryTaskDebug UP-TO-DATE
:camera-touch-button:platformAttrExtractor UP-TO-DATE
:camera-touch-button:processDebugResources UP-TO-DATE
:app:processDebugResources UP-TO-DATE
:camera-touch-button:generateDebugBuildConfig UP-TO-DATE
:camera-touch-button:prepareLintJar UP-TO-DATE
:camera-touch-button:generateDebugSources UP-TO-DATE
:camera-touch-button:javaPreCompileDebug UP-TO-DATE
:camera-touch-button:compileDebugJavaWithJavac UP-TO-DATE
:camera-touch-button:processDebugJavaRes NO-SOURCE
:camera-touch-button:transformClassesAndResourcesWithPrepareIntermediateJarsForDebug UP-TO-DATE
:app:compileDebugKotlin UP-TO-DATE
:app:prepareLintJar UP-TO-DATE
:app:generateDebugSources UP-TO-DATE
:app:javaPreCompileDebug UP-TO-DATE
:app:compileDebugJavaWithJavac UP-TO-DATE
:app:compileDebugNdk NO-SOURCE
:app:compileDebugSources UP-TO-DATE
:app:mergeDebugShaders UP-TO-DATE
:app:compileDebugShaders UP-TO-DATE
:app:generateDebugAssets UP-TO-DATE
:camera-touch-button:mergeDebugShaders UP-TO-DATE
:camera-touch-button:compileDebugShaders UP-TO-DATE
:camera-touch-button:generateDebugAssets UP-TO-DATE
:camera-touch-button:mergeDebugAssets UP-TO-DATE
:app:mergeDebugAssets UP-TO-DATE
:app:transformClassesWithDexBuilderForDebug UP-TO-DATE
:app:transformDexArchiveWithExternalLibsDexMergerForDebug UP-TO-DATE
:app:transformDexArchiveWithDexMergerForDebug UP-TO-DATE
:app:mergeDebugJniLibFolders UP-TO-DATE
:camera-touch-button:compileDebugNdk NO-SOURCE
:camera-touch-button:mergeDebugJniLibFolders UP-TO-DATE
:camera-touch-button:transformNativeLibsWithMergeJniLibsForDebug UP-TO-DATE
:camera-touch-button:transformNativeLibsWithStripDebugSymbolForDebug UP-TO-DATE
:camera-touch-button:transformNativeLibsWithIntermediateJniLibsForDebug UP-TO-DATE
:app:transformNativeLibsWithMergeJniLibsForDebug UP-TO-DATE
:app:transformNativeLibsWithStripDebugSymbolForDebug FAILED

FAILURE: Build failed with an exception.

* What went wrong:
Execution failed for task ':app:transformNativeLibsWithStripDebugSymbolForDebug'.
> A problem occurred starting process 'command '/Users/vbauer/Library/Android/sdk/ndk-bundle/toolchains/mips64el-linux-android-4.9/prebuilt/darwin-x86_64/bin/mips64el-linux-android-strip''

* Try:
Run with --info or --debug option to get more log output.

* Exception is:
org.gradle.api.tasks.TaskExecutionException: Execution failed for task ':app:transformNativeLibsWithStripDebugSymbolForDebug'.
	at org.gradle.api.internal.tasks.execution.ExecuteActionsTaskExecuter.executeActions(ExecuteActionsTaskExecuter.java:100)
	at org.gradle.api.internal.tasks.execution.ExecuteActionsTaskExecuter.execute(ExecuteActionsTaskExecuter.java:70)
	at org.gradle.api.internal.tasks.execution.SkipUpToDateTaskExecuter.execute(SkipUpToDateTaskExecuter.java:63)
	at org.gradle.api.internal.tasks.execution.ResolveTaskOutputCachingStateExecuter.execute(ResolveTaskOutputCachingStateExecuter.java:54)
	at org.gradle.api.internal.tasks.execution.ValidatingTaskExecuter.execute(ValidatingTaskExecuter.java:58)
	at org.gradle.api.internal.tasks.execution.SkipEmptySourceFilesTaskExecuter.execute(SkipEmptySourceFilesTaskExecuter.java:88)
	at org.gradle.api.internal.tasks.execution.ResolveTaskArtifactStateTaskExecuter.execute(ResolveTaskArtifactStateTaskExecuter.java:52)
	at org.gradle.api.internal.tasks.execution.SkipTaskWithNoActionsExecuter.execute(SkipTaskWithNoActionsExecuter.java:52)
	at org.gradle.api.internal.tasks.execution.SkipOnlyIfTaskExecuter.execute(SkipOnlyIfTaskExecuter.java:54)
	at org.gradle.api.internal.tasks.execution.ExecuteAtMostOnceTaskExecuter.execute(ExecuteAtMostOnceTaskExecuter.java:43)
	at org.gradle.api.internal.tasks.execution.CatchExceptionTaskExecuter.execute(CatchExceptionTaskExecuter.java:34)
	at org.gradle.execution.taskgraph.DefaultTaskGraphExecuter$EventFiringTaskWorker$1.run(DefaultTaskGraphExecuter.java:248)
	at org.gradle.internal.progress.DefaultBuildOperationExecutor$RunnableBuildOperationWorker.execute(DefaultBuildOperationExecutor.java:336)
	at org.gradle.internal.progress.DefaultBuildOperationExecutor$RunnableBuildOperationWorker.execute(DefaultBuildOperationExecutor.java:328)
	at org.gradle.internal.progress.DefaultBuildOperationExecutor.execute(DefaultBuildOperationExecutor.java:197)
	at org.gradle.internal.progress.DefaultBuildOperationExecutor.run(DefaultBuildOperationExecutor.java:107)
	at org.gradle.execution.taskgraph.DefaultTaskGraphExecuter$EventFiringTaskWorker.execute(DefaultTaskGraphExecuter.java:241)
	at org.gradle.execution.taskgraph.DefaultTaskGraphExecuter$EventFiringTaskWorker.execute(DefaultTaskGraphExecuter.java:230)
	at org.gradle.execution.taskgraph.DefaultTaskPlanExecutor$TaskExecutorWorker.processTask(DefaultTaskPlanExecutor.java:124)
	at org.gradle.execution.taskgraph.DefaultTaskPlanExecutor$TaskExecutorWorker.access$200(DefaultTaskPlanExecutor.java:80)
	at org.gradle.execution.taskgraph.DefaultTaskPlanExecutor$TaskExecutorWorker$1.execute(DefaultTaskPlanExecutor.java:105)
	at org.gradle.execution.taskgraph.DefaultTaskPlanExecutor$TaskExecutorWorker$1.execute(DefaultTaskPlanExecutor.java:99)
	at org.gradle.execution.taskgraph.DefaultTaskExecutionPlan.execute(DefaultTaskExecutionPlan.java:625)
	at org.gradle.execution.taskgraph.DefaultTaskExecutionPlan.executeWithTask(DefaultTaskExecutionPlan.java:580)
	at org.gradle.execution.taskgraph.DefaultTaskPlanExecutor$TaskExecutorWorker.run(DefaultTaskPlanExecutor.java:99)
	at org.gradle.internal.concurrent.ExecutorPolicy$CatchAndRecordFailures.onExecute(ExecutorPolicy.java:63)
	at org.gradle.internal.concurrent.ManagedExecutorImpl$1.run(ManagedExecutorImpl.java:46)
	at org.gradle.internal.concurrent.ThreadFactoryImpl$ManagedThreadRunnable.run(ThreadFactoryImpl.java:55)
Caused by: org.gradle.process.internal.ExecException: A problem occurred starting process 'command '/Users/vbauer/Library/Android/sdk/ndk-bundle/toolchains/mips64el-linux-android-4.9/prebuilt/darwin-x86_64/bin/mips64el-linux-android-strip''
	at org.gradle.process.internal.DefaultExecHandle.execExceptionFor(DefaultExecHandle.java:220)
	at org.gradle.process.internal.DefaultExecHandle.setEndStateInfo(DefaultExecHandle.java:204)
	at org.gradle.process.internal.DefaultExecHandle.failed(DefaultExecHandle.java:340)
	at org.gradle.process.internal.ExecHandleRunner.run(ExecHandleRunner.java:86)
	at org.gradle.internal.operations.BuildOperationIdentifierPreservingRunnable.run(BuildOperationIdentifierPreservingRunnable.java:39)
	... 3 more
Caused by: net.rubygrapefruit.platform.NativeException: Could not start '/Users/vbauer/Library/Android/sdk/ndk-bundle/toolchains/mips64el-linux-android-4.9/prebuilt/darwin-x86_64/bin/mips64el-linux-android-strip'
	at net.rubygrapefruit.platform.internal.DefaultProcessLauncher.start(DefaultProcessLauncher.java:27)
	at net.rubygrapefruit.platform.internal.WrapperProcessLauncher.start(WrapperProcessLauncher.java:36)
	at org.gradle.process.internal.ExecHandleRunner.run(ExecHandleRunner.java:68)
	... 4 more
Caused by: java.io.IOException: Cannot run program "/Users/vbauer/Library/Android/sdk/ndk-bundle/toolchains/mips64el-linux-android-4.9/prebuilt/darwin-x86_64/bin/mips64el-linux-android-strip" (in directory "/private/var/folders/bq/vtzpc5ns5sg2cthy61lqpg3dfzgbys/T/1534751055420-0/src/camera-touch-button-master/app"): error=2, No such file or directory
	at net.rubygrapefruit.platform.internal.DefaultProcessLauncher.start(DefaultProcessLauncher.java:25)
	... 6 more
Caused by: java.io.IOException: error=2, No such file or directory
	... 7 more


* Get more help at https://help.gradle.org

BUILD FAILED in 8s
44 actionable tasks: 1 executed, 43 up-to-date

2018-08-20 14:45:52,539 ERROR FullProcessService - Project build has not produced APK file
2018-08-20 14:45:52,614 ERROR FullProcessService - Could not find generated or existed APK file
