2018-08-29 15:50:01,724 INFO  DownloadService - Downloading "https://github.com/ndori/RxLoading/archive/master.zip", attempt 3
2018-08-29 15:50:04,021 INFO  DownloadService - Downloaded https://github.com/ndori/RxLoading/archive/master.zip, attempt 3
2018-08-29 15:50:04,022 INFO  DownloadService - Size of file "/var/folders/bq/vtzpc5ns5sg2cthy61lqpg3dfzgbys/T/1535532601716-0/master.zip": 237 KB
2018-08-29 15:50:04,022 INFO  ArchiveUtils - Checking entries [.gradle] in ZIP file...
2018-08-29 15:50:04,028 INFO  ArchiveUtils - Has entries [.gradle] in ZIP file /var/folders/bq/vtzpc5ns5sg2cthy61lqpg3dfzgbys/T/1535532601716-0/master.zip: true
2018-08-29 15:50:04,029 DEBUG ZipUtil - Extracting '/var/folders/bq/vtzpc5ns5sg2cthy61lqpg3dfzgbys/T/1535532601716-0/master.zip' into '/var/folders/bq/vtzpc5ns5sg2cthy61lqpg3dfzgbys/T/1535532601716-0/src'.
2018-08-29 15:50:04,071 INFO  FullProcessService - Size of directory with sources: 342 KB
2018-08-29 15:50:04,071 INFO  SysUtils - Execute command: [git, init, /var/folders/bq/vtzpc5ns5sg2cthy61lqpg3dfzgbys/T/1535532601716-0/src]
2018-08-29 15:50:04,098 INFO  SysUtils - Initialized empty Git repository in /private/var/folders/bq/vtzpc5ns5sg2cthy61lqpg3dfzgbys/T/1535532601716-0/src/.git/

2018-08-29 15:50:04,103 INFO  ProjectBuildService - Gradle wrapper(s): /var/folders/bq/vtzpc5ns5sg2cthy61lqpg3dfzgbys/T/1535532601716-0/src/RxLoading-master/gradlew
2018-08-29 15:50:04,108 INFO  ProjectBuildService - Build script(s): /var/folders/bq/vtzpc5ns5sg2cthy61lqpg3dfzgbys/T/1535532601716-0/src/RxLoading-master/RxLoading/build.gradle /var/folders/bq/vtzpc5ns5sg2cthy61lqpg3dfzgbys/T/1535532601716-0/src/RxLoading-master/demo/build.gradle /var/folders/bq/vtzpc5ns5sg2cthy61lqpg3dfzgbys/T/1535532601716-0/src/RxLoading-master/build.gradle
2018-08-29 15:50:04,113 INFO  ProjectBuildService - All script(s): /var/folders/bq/vtzpc5ns5sg2cthy61lqpg3dfzgbys/T/1535532601716-0/src/RxLoading-master/demo/build.gradle /var/folders/bq/vtzpc5ns5sg2cthy61lqpg3dfzgbys/T/1535532601716-0/src/RxLoading-master/RxLoading/build.gradle /var/folders/bq/vtzpc5ns5sg2cthy61lqpg3dfzgbys/T/1535532601716-0/src/RxLoading-master/build.gradle /var/folders/bq/vtzpc5ns5sg2cthy61lqpg3dfzgbys/T/1535532601716-0/src/RxLoading-master/settings.gradle
2018-08-29 15:50:04,119 INFO  DownloadService - Downloading "https://raw.githubusercontent.com/nuuneoi/JCenter/master/bintrayv1.gradle", attempt 3
2018-08-29 15:50:04,856 INFO  DownloadService - Downloaded https://raw.githubusercontent.com/nuuneoi/JCenter/master/bintrayv1.gradle, attempt 3
2018-08-29 15:50:04,856 INFO  DownloadService - Downloading "https://raw.githubusercontent.com/nuuneoi/JCenter/master/installv1.gradle", attempt 3
2018-08-29 15:50:04,957 INFO  DownloadService - Downloaded https://raw.githubusercontent.com/nuuneoi/JCenter/master/installv1.gradle, attempt 3
2018-08-29 15:50:04,957 INFO  ProjectBuildService - Remote scripts: https://raw.githubusercontent.com/nuuneoi/JCenter/master/bintrayv1.gradle https://raw.githubusercontent.com/nuuneoi/JCenter/master/installv1.gradle
2018-08-29 15:50:04,957 INFO  ProjectFixService - Fixing project...
2018-08-29 15:50:04,975 INFO  LocalPropertiesFixService - Created fake /var/folders/bq/vtzpc5ns5sg2cthy61lqpg3dfzgbys/T/1535532601716-0/src/RxLoading-master/RxLoading/local.properties
2018-08-29 15:50:04,975 INFO  ProjectFixService - Build info for "/var/folders/bq/vtzpc5ns5sg2cthy61lqpg3dfzgbys/T/1535532601716-0/src/RxLoading-master/RxLoading/build.gradle": [buildToolsVersion=26.0.2,compileSdkVersion=25,minSdkVersion=15,targetSdkVersion=25]
2018-08-29 15:50:04,976 INFO  LocalPropertiesFixService - Created fake /var/folders/bq/vtzpc5ns5sg2cthy61lqpg3dfzgbys/T/1535532601716-0/src/RxLoading-master/demo/local.properties
2018-08-29 15:50:04,976 INFO  ProjectFixService - Build info for "/var/folders/bq/vtzpc5ns5sg2cthy61lqpg3dfzgbys/T/1535532601716-0/src/RxLoading-master/demo/build.gradle": [buildToolsVersion=26.0.2,compileSdkVersion=25,minSdkVersion=19,targetSdkVersion=25]
2018-08-29 15:50:04,977 INFO  LocalPropertiesFixService - Created fake /var/folders/bq/vtzpc5ns5sg2cthy61lqpg3dfzgbys/T/1535532601716-0/src/RxLoading-master/local.properties
2018-08-29 15:50:04,977 INFO  WrapperPropertiesFixService - Gradle wrapper: https://services.gradle.org/distributions/gradle-4.1-all.zip
2018-08-29 15:50:04,978 INFO  WrapperPropertiesFixService - Gradle wrapper was changed from "-all.zip" to "-bin.zip" (https://services.gradle.org/distributions/gradle-4.1-bin.zip)
2018-08-29 15:50:04,979 INFO  ProjectFixService - Build info for "/var/folders/bq/vtzpc5ns5sg2cthy61lqpg3dfzgbys/T/1535532601716-0/src/RxLoading-master/build.gradle": [buildToolsVersion=26.0.2,compileSdkVersion=25,minSdkVersion=19,targetSdkVersion=25]
2018-08-29 15:50:04,979 INFO  ProjectFixService - Project was maybe fixed
2018-08-29 15:50:04,979 INFO  ProjectTaskService - Detecting possible tasks...
2018-08-29 15:50:04,979 INFO  SysUtils - Execute command: [/var/folders/bq/vtzpc5ns5sg2cthy61lqpg3dfzgbys/T/1535532601716-0/src/RxLoading-master/gradlew, -b, /var/folders/bq/vtzpc5ns5sg2cthy61lqpg3dfzgbys/T/1535532601716-0/src/RxLoading-master/RxLoading/build.gradle, -Dorg.gradle.daemon=false, -Dorg.gradle.daemon.performance.enable-monitoring=false, -Dorg.gradle.configureondemand=true, tasks]
2018-08-29 15:50:14,492 INFO  ProjectTaskService - Detected possible tasks: 70
2018-08-29 15:50:14,493 INFO  ProjectTaskService - Excluded tasks (19): lintDebug mockableAndroidJar javadocJar deviceCheck lint testReleaseUnitTest javadoc deviceAndroidTest uninstallDebugAndroidTest installDebugAndroidTest connectedCheck connectedDebugAndroidTest uninstallAll sourcesJar test check testDebugUnitTest connectedAndroidTest lintRelease
2018-08-29 15:50:14,493 INFO  SysUtils - Execute command: [/var/folders/bq/vtzpc5ns5sg2cthy61lqpg3dfzgbys/T/1535532601716-0/src/RxLoading-master/gradlew, -b, /var/folders/bq/vtzpc5ns5sg2cthy61lqpg3dfzgbys/T/1535532601716-0/src/RxLoading-master/RxLoading/build.gradle, -Dorg.gradle.daemon=false, -Dorg.gradle.daemon.performance.enable-monitoring=false, -Dorg.gradle.configureondemand=true, --stacktrace, -x, lintDebug, -x, mockableAndroidJar, -x, javadocJar, -x, deviceCheck, -x, lint, -x, testReleaseUnitTest, -x, javadoc, -x, deviceAndroidTest, -x, uninstallDebugAndroidTest, -x, installDebugAndroidTest, -x, connectedCheck, -x, connectedDebugAndroidTest, -x, uninstallAll, -x, sourcesJar, -x, test, -x, check, -x, testDebugUnitTest, -x, connectedAndroidTest, -x, lintRelease, build]
2018-08-29 15:50:35,240 INFO  SysUtils - Configuration on demand is an incubating feature.
Configuration 'compile' in project ':rxloading' is deprecated. Use 'implementation' instead.
Configuration 'androidTestCompile' in project ':rxloading' is deprecated. Use 'androidTestImplementation' instead.
Configuration 'testCompile' in project ':rxloading' is deprecated. Use 'testImplementation' instead.
:rxloading:preBuild UP-TO-DATE
:rxloading:preDebugBuild UP-TO-DATE
:rxloading:compileDebugAidl
Download https://jcenter.bintray.com/io/reactivex/rxandroid/1.1.0/rxandroid-1.1.0.pom
Download https://jcenter.bintray.com/io/reactivex/rxjava/1.1.3/rxjava-1.1.3.pom
Download https://jcenter.bintray.com/com/jakewharton/rxbinding/rxbinding/0.4.0/rxbinding-0.4.0.pom
Download https://jcenter.bintray.com/com/artemzin/rxjava/proguard-rules/1.1.3.0/proguard-rules-1.1.3.0.pom
Download https://jcenter.bintray.com/com/jakewharton/rxbinding/rxbinding/0.4.0/rxbinding-0.4.0.aar
Download https://jcenter.bintray.com/io/reactivex/rxandroid/1.1.0/rxandroid-1.1.0.aar
Download https://jcenter.bintray.com/com/artemzin/rxjava/proguard-rules/1.1.3.0/proguard-rules-1.1.3.0.aar
:rxloading:compileDebugNdk NO-SOURCE
:rxloading:compileDebugRenderscript
:rxloading:checkDebugManifest
:rxloading:generateDebugBuildConfig
:rxloading:prepareLintJar
:rxloading:generateDebugResValues
:rxloading:generateDebugResources
:rxloading:packageDebugResources
:rxloading:platformAttrExtractor
:rxloading:processDebugManifest
:rxloading:javaPreCompileDebug
Download https://jcenter.bintray.com/io/reactivex/rxjava/1.1.3/rxjava-1.1.3.jar
:rxloading:mergeDebugShaders
:rxloading:compileDebugShaders
:rxloading:generateDebugAssets
:rxloading:mergeDebugAssets
:rxloading:mergeDebugConsumerProguardFiles
:rxloading:packageDebugRenderscript NO-SOURCE
:rxloading:processDebugJavaRes NO-SOURCE
:rxloading:mergeDebugJniLibFolders
:rxloading:transformNativeLibsWithMergeJniLibsForDebug
:rxloading:transformNativeLibsWithStripDebugSymbolForDebug
:rxloading:transformNativeLibsWithSyncJniLibsForDebug
:rxloading:preReleaseBuild UP-TO-DATE
:rxloading:compileReleaseAidl
:rxloading:compileReleaseNdk NO-SOURCE
:rxloading:compileReleaseRenderscript
:rxloading:checkReleaseManifest
:rxloading:generateReleaseBuildConfig
:rxloading:generateReleaseResValues
:rxloading:generateReleaseResources
:rxloading:packageReleaseResources
:rxloading:processReleaseManifest
:rxloading:javaPreCompileRelease
:rxloading:mergeReleaseShaders
:rxloading:compileReleaseShaders
:rxloading:generateReleaseAssets
:rxloading:mergeReleaseAssets
:rxloading:mergeReleaseConsumerProguardFiles
:rxloading:packageReleaseRenderscript NO-SOURCE
:rxloading:processReleaseJavaRes NO-SOURCE
:rxloading:mergeReleaseJniLibFolders
:rxloading:transformNativeLibsWithMergeJniLibsForRelease
:rxloading:transformNativeLibsWithStripDebugSymbolForRelease
:rxloading:transformNativeLibsWithSyncJniLibsForRelease
:rxloading:mergeReleaseResources
:rxloading:verifyReleaseResources
:rxloading:processDebugResources
:rxloading:generateDebugSources
:rxloading:compileDebugJavaWithJavacNote: /private/var/folders/bq/vtzpc5ns5sg2cthy61lqpg3dfzgbys/T/1535532601716-0/src/RxLoading-master/RxLoading/src/main/java/com/ndori/rxloading/LoadingLayout.java uses unchecked or unsafe operations.
Note: Recompile with -Xlint:unchecked for details.

:rxloading:extractDebugAnnotations
:rxloading:transformResourcesWithMergeJavaResForDebug
:rxloading:transformClassesAndResourcesWithSyncLibJarsForDebug
:rxloading:bundleDebug
:rxloading:compileDebugSources
:rxloading:assembleDebug
:rxloading:processReleaseResources
:rxloading:generateReleaseSources
:rxloading:compileReleaseJavaWithJavacNote: /private/var/folders/bq/vtzpc5ns5sg2cthy61lqpg3dfzgbys/T/1535532601716-0/src/RxLoading-master/RxLoading/src/main/java/com/ndori/rxloading/LoadingLayout.java uses unchecked or unsafe operations.
Note: Recompile with -Xlint:unchecked for details.

:rxloading:extractReleaseAnnotations
:rxloading:transformResourcesWithMergeJavaResForRelease
:rxloading:transformClassesAndResourcesWithSyncLibJarsForRelease
:rxloading:bundleRelease
:rxloading:compileReleaseSources
:rxloading:assembleRelease
:rxloading:assemble
:rxloading:build

BUILD SUCCESSFUL in 20s
48 actionable tasks: 48 executed

2018-08-29 15:50:35,299 INFO  ProjectTaskService - Detecting possible tasks...
2018-08-29 15:50:35,299 INFO  SysUtils - Execute command: [/var/folders/bq/vtzpc5ns5sg2cthy61lqpg3dfzgbys/T/1535532601716-0/src/RxLoading-master/gradlew, -b, /var/folders/bq/vtzpc5ns5sg2cthy61lqpg3dfzgbys/T/1535532601716-0/src/RxLoading-master/demo/build.gradle, -Dorg.gradle.daemon=false, -Dorg.gradle.daemon.performance.enable-monitoring=false, -Dorg.gradle.configureondemand=true, tasks]
2018-08-29 15:50:42,354 INFO  ProjectTaskService - Detected possible tasks: 69
2018-08-29 15:50:42,355 INFO  ProjectTaskService - Excluded tasks (22): lintDebug mockableAndroidJar javadocJar deviceCheck lint testReleaseUnitTest javadoc uninstallRelease deviceAndroidTest uninstallDebugAndroidTest installDebugAndroidTest connectedCheck connectedDebugAndroidTest uninstallAll sourcesJar test check testDebugUnitTest connectedAndroidTest installDebug lintRelease uninstallDebug
2018-08-29 15:50:42,355 INFO  SysUtils - Execute command: [/var/folders/bq/vtzpc5ns5sg2cthy61lqpg3dfzgbys/T/1535532601716-0/src/RxLoading-master/gradlew, -b, /var/folders/bq/vtzpc5ns5sg2cthy61lqpg3dfzgbys/T/1535532601716-0/src/RxLoading-master/demo/build.gradle, -Dorg.gradle.daemon=false, -Dorg.gradle.daemon.performance.enable-monitoring=false, -Dorg.gradle.configureondemand=true, --stacktrace, -x, lintDebug, -x, mockableAndroidJar, -x, javadocJar, -x, deviceCheck, -x, lint, -x, testReleaseUnitTest, -x, javadoc, -x, uninstallRelease, -x, deviceAndroidTest, -x, uninstallDebugAndroidTest, -x, installDebugAndroidTest, -x, connectedCheck, -x, connectedDebugAndroidTest, -x, uninstallAll, -x, sourcesJar, -x, test, -x, check, -x, testDebugUnitTest, -x, connectedAndroidTest, -x, installDebug, -x, lintRelease, -x, uninstallDebug, build]
2018-08-29 15:50:48,111 ERROR SysUtils - Could not process external command
org.apache.commons.exec.ExecuteException: Process exited with an error: 1 (Exit value: 1)
	at org.apache.commons.exec.DefaultExecutor.executeInternal(DefaultExecutor.java:404)
	at org.apache.commons.exec.DefaultExecutor.execute(DefaultExecutor.java:166)
	at com.github.vbauer.apkmaster.util.SysUtils.execute(SysUtils.java:67)
	at com.github.vbauer.apkmaster.util.SysUtils.executeSimple(SysUtils.java:43)
	at com.github.vbauer.apkmaster.service.assembly.ProjectBuildService.buildProject(ProjectBuildService.java:78)
	at com.github.vbauer.apkmaster.service.assembly.ProjectBuildService.buildProject(ProjectBuildService.java:64)
	at com.github.vbauer.apkmaster.service.assembly.ProjectBuildService.buildProject(ProjectBuildService.java:43)
	at com.github.vbauer.apkmaster.service.FullProcessService.build(FullProcessService.java:84)
	at com.github.vbauer.apkmaster.service.FullProcessService.process(FullProcessService.java:34)
	at com.github.vbauer.apkmaster.app.MainApplication.process(MainApplication.java:38)
	at com.github.vbauer.apkmaster.app.MainApplication.main(MainApplication.java:20)
	at sun.reflect.NativeMethodAccessorImpl.invoke0(Native Method)
	at sun.reflect.NativeMethodAccessorImpl.invoke(NativeMethodAccessorImpl.java:62)
	at sun.reflect.DelegatingMethodAccessorImpl.invoke(DelegatingMethodAccessorImpl.java:43)
	at java.lang.reflect.Method.invoke(Method.java:498)
	at com.android.arsenal.util.ReflectionUtils.invoke(ReflectionUtils.java:52)
	at com.android.arsenal.util.ApkMasterUtils.main(ApkMasterUtils.java:30)
	at com.android.arsenal.service.processor.impl.BuildProcessorServiceImpl.buildProject(BuildProcessorServiceImpl.java:196)
	at com.android.arsenal.service.processor.impl.BuildProcessorServiceImpl.build(BuildProcessorServiceImpl.java:130)
	at com.android.arsenal.service.processor.impl.BuildProcessorServiceImpl.lambda$createTasks$1(BuildProcessorServiceImpl.java:113)
	at java.util.concurrent.FutureTask.run(FutureTask.java:266)
	at java.util.concurrent.Executors$RunnableAdapter.call(Executors.java:511)
	at java.util.concurrent.FutureTask.run(FutureTask.java:266)
	at java.util.concurrent.ThreadPoolExecutor.runWorker(ThreadPoolExecutor.java:1149)
	at java.util.concurrent.ThreadPoolExecutor$Worker.run(ThreadPoolExecutor.java:624)
	at java.lang.Thread.run(Thread.java:748)
2018-08-29 15:50:48,111 INFO  SysUtils - Configuration on demand is an incubating feature.
Configuration 'compile' in project ':demo' is deprecated. Use 'implementation' instead.
Configuration 'androidTestCompile' in project ':demo' is deprecated. Use 'androidTestImplementation' instead.
Configuration 'testCompile' in project ':demo' is deprecated. Use 'testImplementation' instead.

FAILURE: Build failed with an exception.

* What went wrong:
Task 'javadocJar' not found in project ':demo'.

* Try:
Run gradlew tasks to get a list of available tasks. Run with --info or --debug option to get more log output.

* Exception is:
org.gradle.execution.TaskSelectionException: Task 'javadocJar' not found in project ':demo'.
	at org.gradle.execution.TaskSelector.getSelection(TaskSelector.java:116)
	at org.gradle.execution.TaskSelector.getFilter(TaskSelector.java:66)
	at org.gradle.execution.ExcludedTaskFilteringBuildConfigurationAction.configure(ExcludedTaskFilteringBuildConfigurationAction.java:42)
	at org.gradle.execution.DefaultBuildConfigurationActionExecuter.configure(DefaultBuildConfigurationActionExecuter.java:48)
	at org.gradle.execution.DefaultBuildConfigurationActionExecuter.select(DefaultBuildConfigurationActionExecuter.java:36)
	at org.gradle.initialization.DefaultGradleLauncher$CalculateTaskGraph.run(DefaultGradleLauncher.java:265)
	at org.gradle.internal.progress.DefaultBuildOperationExecutor$RunnableBuildOperationWorker.execute(DefaultBuildOperationExecutor.java:336)
	at org.gradle.internal.progress.DefaultBuildOperationExecutor$RunnableBuildOperationWorker.execute(DefaultBuildOperationExecutor.java:328)
	at org.gradle.internal.progress.DefaultBuildOperationExecutor.execute(DefaultBuildOperationExecutor.java:197)
	at org.gradle.internal.progress.DefaultBuildOperationExecutor.run(DefaultBuildOperationExecutor.java:107)
	at org.gradle.initialization.DefaultGradleLauncher.constructTaskGraph(DefaultGradleLauncher.java:173)
	at org.gradle.initialization.DefaultGradleLauncher.doBuildStages(DefaultGradleLauncher.java:128)
	at org.gradle.initialization.DefaultGradleLauncher.executeTasks(DefaultGradleLauncher.java:107)
	at org.gradle.internal.invocation.GradleBuildController$1.call(GradleBuildController.java:78)
	at org.gradle.internal.invocation.GradleBuildController$1.call(GradleBuildController.java:75)
	at org.gradle.internal.work.DefaultWorkerLeaseService.withLocks(DefaultWorkerLeaseService.java:152)
	at org.gradle.internal.invocation.GradleBuildController.doBuild(GradleBuildController.java:100)
	at org.gradle.internal.invocation.GradleBuildController.run(GradleBuildController.java:75)
	at org.gradle.tooling.internal.provider.ExecuteBuildActionRunner.run(ExecuteBuildActionRunner.java:28)
	at org.gradle.launcher.exec.ChainingBuildActionRunner.run(ChainingBuildActionRunner.java:35)
	at org.gradle.tooling.internal.provider.ValidatingBuildActionRunner.run(ValidatingBuildActionRunner.java:32)
	at org.gradle.launcher.exec.RunAsBuildOperationBuildActionRunner$1.run(RunAsBuildOperationBuildActionRunner.java:43)
	at org.gradle.internal.progress.DefaultBuildOperationExecutor$RunnableBuildOperationWorker.execute(DefaultBuildOperationExecutor.java:336)
	at org.gradle.internal.progress.DefaultBuildOperationExecutor$RunnableBuildOperationWorker.execute(DefaultBuildOperationExecutor.java:328)
	at org.gradle.internal.progress.DefaultBuildOperationExecutor.execute(DefaultBuildOperationExecutor.java:197)
	at org.gradle.internal.progress.DefaultBuildOperationExecutor.run(DefaultBuildOperationExecutor.java:107)
	at org.gradle.launcher.exec.RunAsBuildOperationBuildActionRunner.run(RunAsBuildOperationBuildActionRunner.java:40)
	at org.gradle.tooling.internal.provider.SubscribableBuildActionRunner.run(SubscribableBuildActionRunner.java:51)
	at org.gradle.launcher.exec.InProcessBuildActionExecuter.execute(InProcessBuildActionExecuter.java:45)
	at org.gradle.launcher.exec.InProcessBuildActionExecuter.execute(InProcessBuildActionExecuter.java:29)
	at org.gradle.launcher.exec.BuildTreeScopeBuildActionExecuter.execute(BuildTreeScopeBuildActionExecuter.java:39)
	at org.gradle.launcher.exec.BuildTreeScopeBuildActionExecuter.execute(BuildTreeScopeBuildActionExecuter.java:25)
	at org.gradle.tooling.internal.provider.ContinuousBuildActionExecuter.execute(ContinuousBuildActionExecuter.java:71)
	at org.gradle.tooling.internal.provider.ContinuousBuildActionExecuter.execute(ContinuousBuildActionExecuter.java:45)
	at org.gradle.tooling.internal.provider.ServicesSetupBuildActionExecuter.execute(ServicesSetupBuildActionExecuter.java:51)
	at org.gradle.tooling.internal.provider.ServicesSetupBuildActionExecuter.execute(ServicesSetupBuildActionExecuter.java:32)
	at org.gradle.tooling.internal.provider.GradleThreadBuildActionExecuter.execute(GradleThreadBuildActionExecuter.java:36)
	at org.gradle.tooling.internal.provider.GradleThreadBuildActionExecuter.execute(GradleThreadBuildActionExecuter.java:25)
	at org.gradle.tooling.internal.provider.ParallelismConfigurationBuildActionExecuter.execute(ParallelismConfigurationBuildActionExecuter.java:43)
	at org.gradle.tooling.internal.provider.ParallelismConfigurationBuildActionExecuter.execute(ParallelismConfigurationBuildActionExecuter.java:29)
	at org.gradle.tooling.internal.provider.StartParamsValidatingActionExecuter.execute(StartParamsValidatingActionExecuter.java:64)
	at org.gradle.tooling.internal.provider.StartParamsValidatingActionExecuter.execute(StartParamsValidatingActionExecuter.java:29)
	at org.gradle.tooling.internal.provider.SessionFailureReportingActionExecuter.execute(SessionFailureReportingActionExecuter.java:55)
	at org.gradle.tooling.internal.provider.SessionFailureReportingActionExecuter.execute(SessionFailureReportingActionExecuter.java:42)
	at org.gradle.tooling.internal.provider.SetupLoggingActionExecuter.execute(SetupLoggingActionExecuter.java:58)
	at org.gradle.tooling.internal.provider.SetupLoggingActionExecuter.execute(SetupLoggingActionExecuter.java:33)
	at org.gradle.launcher.cli.RunBuildAction.run(RunBuildAction.java:51)
	at org.gradle.internal.Actions$RunnableActionAdapter.execute(Actions.java:173)
	at org.gradle.launcher.cli.CommandLineActionFactory$ParseAndBuildAction.execute(CommandLineActionFactory.java:287)
	at org.gradle.launcher.cli.CommandLineActionFactory$ParseAndBuildAction.execute(CommandLineActionFactory.java:260)
	at org.gradle.launcher.cli.JavaRuntimeValidationAction.execute(JavaRuntimeValidationAction.java:33)
	at org.gradle.launcher.cli.JavaRuntimeValidationAction.execute(JavaRuntimeValidationAction.java:24)
	at org.gradle.launcher.cli.ExceptionReportingAction.execute(ExceptionReportingAction.java:33)
	at org.gradle.launcher.cli.ExceptionReportingAction.execute(ExceptionReportingAction.java:22)
	at org.gradle.launcher.cli.CommandLineActionFactory$WithLogging.execute(CommandLineActionFactory.java:253)
	at org.gradle.launcher.cli.CommandLineActionFactory$WithLogging.execute(CommandLineActionFactory.java:182)
	at org.gradle.launcher.Main.doAction(Main.java:33)
	at org.gradle.launcher.bootstrap.EntryPoint.run(EntryPoint.java:45)
	at org.gradle.launcher.bootstrap.ProcessBootstrap.runNoExit(ProcessBootstrap.java:60)
	at org.gradle.launcher.bootstrap.ProcessBootstrap.run(ProcessBootstrap.java:37)
	at org.gradle.launcher.GradleMain.main(GradleMain.java:23)
	at org.gradle.wrapper.BootstrapMainStarter.start(BootstrapMainStarter.java:30)
	at org.gradle.wrapper.WrapperExecutor.execute(WrapperExecutor.java:129)
	at org.gradle.wrapper.GradleWrapperMain.main(GradleWrapperMain.java:61)


* Get more help at https://help.gradle.org

BUILD FAILED in 5s

2018-08-29 15:50:48,111 ERROR ProjectBuildService - Excluded tasks were detected wrong
2018-08-29 15:50:48,111 INFO  SysUtils - Execute command: [/var/folders/bq/vtzpc5ns5sg2cthy61lqpg3dfzgbys/T/1535532601716-0/src/RxLoading-master/gradlew, -b, /var/folders/bq/vtzpc5ns5sg2cthy61lqpg3dfzgbys/T/1535532601716-0/src/RxLoading-master/demo/build.gradle, -Dorg.gradle.daemon=false, -Dorg.gradle.daemon.performance.enable-monitoring=false, -Dorg.gradle.configureondemand=true, --stacktrace, build]
2018-08-29 15:51:29,167 ERROR SysUtils - Could not process external command
org.apache.commons.exec.ExecuteException: Process exited with an error: 1 (Exit value: 1)
	at org.apache.commons.exec.DefaultExecutor.executeInternal(DefaultExecutor.java:404)
	at org.apache.commons.exec.DefaultExecutor.execute(DefaultExecutor.java:166)
	at com.github.vbauer.apkmaster.util.SysUtils.execute(SysUtils.java:67)
	at com.github.vbauer.apkmaster.util.SysUtils.executeSimple(SysUtils.java:43)
	at com.github.vbauer.apkmaster.service.assembly.ProjectBuildService.buildProject(ProjectBuildService.java:78)
	at com.github.vbauer.apkmaster.service.assembly.ProjectBuildService.buildProject(ProjectBuildService.java:69)
	at com.github.vbauer.apkmaster.service.assembly.ProjectBuildService.buildProject(ProjectBuildService.java:43)
	at com.github.vbauer.apkmaster.service.FullProcessService.build(FullProcessService.java:84)
	at com.github.vbauer.apkmaster.service.FullProcessService.process(FullProcessService.java:34)
	at com.github.vbauer.apkmaster.app.MainApplication.process(MainApplication.java:38)
	at com.github.vbauer.apkmaster.app.MainApplication.main(MainApplication.java:20)
	at sun.reflect.NativeMethodAccessorImpl.invoke0(Native Method)
	at sun.reflect.NativeMethodAccessorImpl.invoke(NativeMethodAccessorImpl.java:62)
	at sun.reflect.DelegatingMethodAccessorImpl.invoke(DelegatingMethodAccessorImpl.java:43)
	at java.lang.reflect.Method.invoke(Method.java:498)
	at com.android.arsenal.util.ReflectionUtils.invoke(ReflectionUtils.java:52)
	at com.android.arsenal.util.ApkMasterUtils.main(ApkMasterUtils.java:30)
	at com.android.arsenal.service.processor.impl.BuildProcessorServiceImpl.buildProject(BuildProcessorServiceImpl.java:196)
	at com.android.arsenal.service.processor.impl.BuildProcessorServiceImpl.build(BuildProcessorServiceImpl.java:130)
	at com.android.arsenal.service.processor.impl.BuildProcessorServiceImpl.lambda$createTasks$1(BuildProcessorServiceImpl.java:113)
	at java.util.concurrent.FutureTask.run(FutureTask.java:266)
	at java.util.concurrent.Executors$RunnableAdapter.call(Executors.java:511)
	at java.util.concurrent.FutureTask.run(FutureTask.java:266)
	at java.util.concurrent.ThreadPoolExecutor.runWorker(ThreadPoolExecutor.java:1149)
	at java.util.concurrent.ThreadPoolExecutor$Worker.run(ThreadPoolExecutor.java:624)
	at java.lang.Thread.run(Thread.java:748)
2018-08-29 15:51:29,167 INFO  SysUtils - Configuration on demand is an incubating feature.
Configuration 'compile' in project ':demo' is deprecated. Use 'implementation' instead.
Configuration 'androidTestCompile' in project ':demo' is deprecated. Use 'androidTestImplementation' instead.
Configuration 'testCompile' in project ':demo' is deprecated. Use 'testImplementation' instead.
Configuration 'compile' in project ':rxloading' is deprecated. Use 'implementation' instead.
Configuration 'androidTestCompile' in project ':rxloading' is deprecated. Use 'androidTestImplementation' instead.
Configuration 'testCompile' in project ':rxloading' is deprecated. Use 'testImplementation' instead.
:demo:preBuild UP-TO-DATE
:rxloading:preBuild UP-TO-DATE
:rxloading:preDebugBuild UP-TO-DATE
:rxloading:checkDebugManifest UP-TO-DATE
:rxloading:processDebugManifest UP-TO-DATE
:demo:preDebugBuild
:rxloading:compileDebugAidl UP-TO-DATE
:demo:compileDebugAidl
:rxloading:packageDebugRenderscript NO-SOURCE
:demo:compileDebugRenderscript
:demo:checkDebugManifest
:demo:generateDebugBuildConfig
:demo:prepareLintJar
:demo:generateDebugResValues
:demo:generateDebugResources
:rxloading:compileDebugRenderscript UP-TO-DATE
:rxloading:generateDebugResValues UP-TO-DATE
:rxloading:generateDebugResources UP-TO-DATE
:rxloading:packageDebugResources UP-TO-DATE
:demo:mergeDebugResources
:demo:createDebugCompatibleScreenManifests
:demo:processDebugManifest
:demo:splitsDiscoveryTaskDebug
:rxloading:platformAttrExtractor UP-TO-DATE
:rxloading:processDebugResources UP-TO-DATE
:demo:processDebugResources
:demo:generateDebugSources
:rxloading:generateDebugBuildConfig UP-TO-DATE
:rxloading:prepareLintJar UP-TO-DATE
:rxloading:generateDebugSources UP-TO-DATE
:rxloading:javaPreCompileDebug UP-TO-DATE
:rxloading:compileDebugJavaWithJavac UP-TO-DATE
:rxloading:processDebugJavaRes NO-SOURCE
:rxloading:transformClassesAndResourcesWithPrepareIntermediateJarsForDebug
:demo:javaPreCompileDebug
:demo:compileDebugJavaWithJavacNote: /private/var/folders/bq/vtzpc5ns5sg2cthy61lqpg3dfzgbys/T/1535532601716-0/src/RxLoading-master/demo/src/main/java/com/ndori/demo/TestActivity.java uses unchecked or unsafe operations.
Note: Recompile with -Xlint:unchecked for details.

:demo:compileDebugNdk NO-SOURCE
:demo:compileDebugSources
:demo:mergeDebugShaders
:demo:compileDebugShaders
:demo:generateDebugAssets
:rxloading:mergeDebugShaders UP-TO-DATE
:rxloading:compileDebugShaders UP-TO-DATE
:rxloading:generateDebugAssets UP-TO-DATE
:rxloading:mergeDebugAssets UP-TO-DATE
:demo:mergeDebugAssets
:demo:transformClassesWithStackFramesFixerForDebug
:demo:transformClassesWithDesugarForDebug
:demo:transformClassesWithDexBuilderForDebug
:demo:transformDexArchiveWithExternalLibsDexMergerForDebug
:demo:transformDexArchiveWithDexMergerForDebug
:demo:mergeDebugJniLibFolders
:rxloading:compileDebugNdk NO-SOURCE
:rxloading:mergeDebugJniLibFolders UP-TO-DATE
:rxloading:transformNativeLibsWithMergeJniLibsForDebug UP-TO-DATE
:rxloading:transformNativeLibsWithStripDebugSymbolForDebug UP-TO-DATE
:rxloading:transformNativeLibsWithIntermediateJniLibsForDebug
:demo:transformNativeLibsWithMergeJniLibsForDebug
:demo:transformNativeLibsWithStripDebugSymbolForDebug
:demo:processDebugJavaRes NO-SOURCE
:demo:transformResourcesWithMergeJavaResForDebug
:demo:validateSigningDebug
:demo:packageDebug
:demo:assembleDebug
:rxloading:preReleaseBuild UP-TO-DATE
:rxloading:checkReleaseManifest UP-TO-DATE
:rxloading:processReleaseManifest UP-TO-DATE
:demo:preReleaseBuild
:rxloading:compileReleaseAidl UP-TO-DATE
:demo:compileReleaseAidl
:rxloading:packageReleaseRenderscript NO-SOURCE
:demo:compileReleaseRenderscript
:demo:checkReleaseManifest
:demo:generateReleaseBuildConfig
:demo:generateReleaseResValues
:demo:generateReleaseResources
:rxloading:compileReleaseRenderscript UP-TO-DATE
:rxloading:generateReleaseResValues UP-TO-DATE
:rxloading:generateReleaseResources UP-TO-DATE
:rxloading:packageReleaseResources UP-TO-DATE
:demo:mergeReleaseResources
:demo:createReleaseCompatibleScreenManifests
:demo:processReleaseManifest
:demo:splitsDiscoveryTaskRelease
:rxloading:processReleaseResources UP-TO-DATE
:demo:processReleaseResources
:demo:generateReleaseSources
:rxloading:generateReleaseBuildConfig UP-TO-DATE
:rxloading:generateReleaseSources UP-TO-DATE
:rxloading:javaPreCompileRelease UP-TO-DATE
:rxloading:compileReleaseJavaWithJavac UP-TO-DATE
:rxloading:processReleaseJavaRes NO-SOURCE
:rxloading:transformClassesAndResourcesWithPrepareIntermediateJarsForRelease
:demo:javaPreCompileRelease
:demo:compileReleaseJavaWithJavacNote: /private/var/folders/bq/vtzpc5ns5sg2cthy61lqpg3dfzgbys/T/1535532601716-0/src/RxLoading-master/demo/src/main/java/com/ndori/demo/TestActivity.java uses unchecked or unsafe operations.
Note: Recompile with -Xlint:unchecked for details.

:demo:compileReleaseNdk NO-SOURCE
:demo:compileReleaseSources
:demo:lintVitalRelease SKIPPED
:demo:mergeReleaseShaders
:demo:compileReleaseShaders
:demo:generateReleaseAssets
:rxloading:mergeReleaseShaders UP-TO-DATE
:rxloading:compileReleaseShaders UP-TO-DATE
:rxloading:generateReleaseAssets UP-TO-DATE
:rxloading:mergeReleaseAssets UP-TO-DATE
:demo:mergeReleaseAssets
:demo:transformClassesWithStackFramesFixerForRelease
:demo:transformClassesWithDesugarForRelease
:demo:transformClassesWithPreDexForRelease
:demo:transformDexWithDexForRelease
:demo:mergeReleaseJniLibFolders
:rxloading:compileReleaseNdk NO-SOURCE
:rxloading:mergeReleaseJniLibFolders UP-TO-DATE
:rxloading:transformNativeLibsWithMergeJniLibsForRelease UP-TO-DATE
:rxloading:transformNativeLibsWithStripDebugSymbolForRelease UP-TO-DATE
:rxloading:transformNativeLibsWithIntermediateJniLibsForRelease
:demo:transformNativeLibsWithMergeJniLibsForRelease
:demo:transformNativeLibsWithStripDebugSymbolForRelease
:demo:processReleaseJavaRes NO-SOURCE
:demo:transformResourcesWithMergeJavaResForRelease
:demo:packageRelease
:demo:assembleRelease
:demo:assemble
:demo:lint
Ran lint on variant debug: 43 issues found
Ran lint on variant release: 43 issues found
Wrote HTML report to file:///private/var/folders/bq/vtzpc5ns5sg2cthy61lqpg3dfzgbys/T/1535532601716-0/src/RxLoading-master/demo/build/reports/lint-results.html
Wrote XML report to file:///private/var/folders/bq/vtzpc5ns5sg2cthy61lqpg3dfzgbys/T/1535532601716-0/src/RxLoading-master/demo/build/reports/lint-results.xml
:demo:lint FAILED

FAILURE: Build failed with an exception.

* What went wrong:
Execution failed for task ':demo:lint'.
> Lint found errors in the project; aborting build.
  
  Fix the issues identified by lint, or add the following to your build script to proceed with errors:
  ...
  android {
      lintOptions {
          abortOnError false
      }
  }
  ...

* Try:
Run with --info or --debug option to get more log output.

* Exception is:
org.gradle.api.tasks.TaskExecutionException: Execution failed for task ':demo:lint'.
	at org.gradle.api.internal.tasks.execution.ExecuteActionsTaskExecuter.executeActions(ExecuteActionsTaskExecuter.java:100)
	at org.gradle.api.internal.tasks.execution.ExecuteActionsTaskExecuter.execute(ExecuteActionsTaskExecuter.java:70)
	at org.gradle.api.internal.tasks.execution.SkipUpToDateTaskExecuter.execute(SkipUpToDateTaskExecuter.java:63)
	at org.gradle.api.internal.tasks.execution.ResolveTaskOutputCachingStateExecuter.execute(ResolveTaskOutputCachingStateExecuter.java:54)
	at org.gradle.api.internal.tasks.execution.ValidatingTaskExecuter.execute(ValidatingTaskExecuter.java:58)
	at org.gradle.api.internal.tasks.execution.SkipEmptySourceFilesTaskExecuter.execute(SkipEmptySourceFilesTaskExecuter.java:88)
	at org.gradle.api.internal.tasks.execution.ResolveTaskArtifactStateTaskExecuter.execute(ResolveTaskArtifactStateTaskExecuter.java:52)
	at org.gradle.api.internal.tasks.execution.SkipTaskWithNoActionsExecuter.execute(SkipTaskWithNoActionsExecuter.java:52)
	at org.gradle.api.internal.tasks.execution.SkipOnlyIfTaskExecuter.execute(SkipOnlyIfTaskExecuter.java:54)
	at org.gradle.api.internal.tasks.execution.ExecuteAtMostOnceTaskExecuter.execute(ExecuteAtMostOnceTaskExecuter.java:43)
	at org.gradle.api.internal.tasks.execution.CatchExceptionTaskExecuter.execute(CatchExceptionTaskExecuter.java:34)
	at org.gradle.execution.taskgraph.DefaultTaskGraphExecuter$EventFiringTaskWorker$1.run(DefaultTaskGraphExecuter.java:248)
	at org.gradle.internal.progress.DefaultBuildOperationExecutor$RunnableBuildOperationWorker.execute(DefaultBuildOperationExecutor.java:336)
	at org.gradle.internal.progress.DefaultBuildOperationExecutor$RunnableBuildOperationWorker.execute(DefaultBuildOperationExecutor.java:328)
	at org.gradle.internal.progress.DefaultBuildOperationExecutor.execute(DefaultBuildOperationExecutor.java:197)
	at org.gradle.internal.progress.DefaultBuildOperationExecutor.run(DefaultBuildOperationExecutor.java:107)
	at org.gradle.execution.taskgraph.DefaultTaskGraphExecuter$EventFiringTaskWorker.execute(DefaultTaskGraphExecuter.java:241)
	at org.gradle.execution.taskgraph.DefaultTaskGraphExecuter$EventFiringTaskWorker.execute(DefaultTaskGraphExecuter.java:230)
	at org.gradle.execution.taskgraph.DefaultTaskPlanExecutor$TaskExecutorWorker.processTask(DefaultTaskPlanExecutor.java:124)
	at org.gradle.execution.taskgraph.DefaultTaskPlanExecutor$TaskExecutorWorker.access$200(DefaultTaskPlanExecutor.java:80)
	at org.gradle.execution.taskgraph.DefaultTaskPlanExecutor$TaskExecutorWorker$1.execute(DefaultTaskPlanExecutor.java:105)
	at org.gradle.execution.taskgraph.DefaultTaskPlanExecutor$TaskExecutorWorker$1.execute(DefaultTaskPlanExecutor.java:99)
	at org.gradle.execution.taskgraph.DefaultTaskExecutionPlan.execute(DefaultTaskExecutionPlan.java:625)
	at org.gradle.execution.taskgraph.DefaultTaskExecutionPlan.executeWithTask(DefaultTaskExecutionPlan.java:580)
	at org.gradle.execution.taskgraph.DefaultTaskPlanExecutor$TaskExecutorWorker.run(DefaultTaskPlanExecutor.java:99)
	at org.gradle.internal.concurrent.ExecutorPolicy$CatchAndRecordFailures.onExecute(ExecutorPolicy.java:63)
	at org.gradle.internal.concurrent.ManagedExecutorImpl$1.run(ManagedExecutorImpl.java:46)
	at org.gradle.internal.concurrent.ThreadFactoryImpl$ManagedThreadRunnable.run(ThreadFactoryImpl.java:55)
Caused by: org.gradle.api.GradleException: Lint found errors in the project; aborting build.

Fix the issues identified by lint, or add the following to your build script to proceed with errors:
...
android {
    lintOptions {
        abortOnError false
    }
}
...
	at com.android.build.gradle.tasks.LintBaseTask.abort(LintBaseTask.java:152)
	at com.android.build.gradle.tasks.LintGlobalTask.lintAllVariants(LintGlobalTask.java:255)
	at com.android.build.gradle.tasks.LintGlobalTask.lint(LintGlobalTask.java:70)
	at org.gradle.internal.reflect.JavaMethod.invoke(JavaMethod.java:73)
	at org.gradle.api.internal.project.taskfactory.DefaultTaskClassInfoStore$StandardTaskAction.doExecute(DefaultTaskClassInfoStore.java:141)
	at org.gradle.api.internal.project.taskfactory.DefaultTaskClassInfoStore$StandardTaskAction.execute(DefaultTaskClassInfoStore.java:134)
	at org.gradle.api.internal.project.taskfactory.DefaultTaskClassInfoStore$StandardTaskAction.execute(DefaultTaskClassInfoStore.java:121)
	at org.gradle.api.internal.AbstractTask$TaskActionWrapper.execute(AbstractTask.java:731)
	at org.gradle.api.internal.AbstractTask$TaskActionWrapper.execute(AbstractTask.java:705)
	at org.gradle.api.internal.tasks.execution.ExecuteActionsTaskExecuter$1.run(ExecuteActionsTaskExecuter.java:122)
	at org.gradle.internal.progress.DefaultBuildOperationExecutor$RunnableBuildOperationWorker.execute(DefaultBuildOperationExecutor.java:336)
	at org.gradle.internal.progress.DefaultBuildOperationExecutor$RunnableBuildOperationWorker.execute(DefaultBuildOperationExecutor.java:328)
	at org.gradle.internal.progress.DefaultBuildOperationExecutor.execute(DefaultBuildOperationExecutor.java:197)
	at org.gradle.internal.progress.DefaultBuildOperationExecutor.run(DefaultBuildOperationExecutor.java:107)
	at org.gradle.api.internal.tasks.execution.ExecuteActionsTaskExecuter.executeAction(ExecuteActionsTaskExecuter.java:111)
	at org.gradle.api.internal.tasks.execution.ExecuteActionsTaskExecuter.executeActions(ExecuteActionsTaskExecuter.java:92)
	... 27 more


* Get more help at https://help.gradle.org

BUILD FAILED in 40s
92 actionable tasks: 58 executed, 34 up-to-date
Exception in thread "Thread-24" java.lang.NoClassDefFoundError: com/android/utils/PathUtils$1
	at com.android.utils.PathUtils.deleteIfExists(PathUtils.java:47)
	at com.android.utils.PathUtils.lambda$addRemovePathHook$0(PathUtils.java:125)
	at java.lang.Thread.run(Thread.java:748)
Caused by: java.lang.ClassNotFoundException: com.android.utils.PathUtils$1
	at java.net.URLClassLoader.findClass(URLClassLoader.java:381)
	at java.lang.ClassLoader.loadClass(ClassLoader.java:424)
	at java.lang.ClassLoader.loadClass(ClassLoader.java:357)
	... 3 more

2018-08-29 15:51:29,280 INFO  FullProcessService - Found APK file: /var/folders/bq/vtzpc5ns5sg2cthy61lqpg3dfzgbys/T/1535532601716-0/src/RxLoading-master/demo/build/outputs/apk/release/demo-release-unsigned.apk
