2019-03-04 19:59:36,340 INFO  DownloadService - Downloading "https://github.com/androidmads/FontUtils/archive/master.zip", attempt 3
2019-03-04 19:59:40,915 INFO  DownloadService - Downloaded https://github.com/androidmads/FontUtils/archive/master.zip, attempt 3
2019-03-04 19:59:40,916 INFO  DownloadService - Size of file "/var/folders/bq/vtzpc5ns5sg2cthy61lqpg3dfzgbys/T/1551704376338-0/master.zip": 2 MB
2019-03-04 19:59:40,916 INFO  ArchiveUtils - Checking entries [.gradle] in ZIP file...
2019-03-04 19:59:40,922 INFO  ArchiveUtils - Has entries [.gradle] in ZIP file /var/folders/bq/vtzpc5ns5sg2cthy61lqpg3dfzgbys/T/1551704376338-0/master.zip: true
2019-03-04 19:59:40,922 DEBUG ZipUtil - Extracting '/var/folders/bq/vtzpc5ns5sg2cthy61lqpg3dfzgbys/T/1551704376338-0/master.zip' into '/var/folders/bq/vtzpc5ns5sg2cthy61lqpg3dfzgbys/T/1551704376338-0/src'.
2019-03-04 19:59:40,982 INFO  FullProcessService - Size of directory with sources: 3 MB
2019-03-04 19:59:40,982 INFO  SysUtils - Execute command: [git, init, /var/folders/bq/vtzpc5ns5sg2cthy61lqpg3dfzgbys/T/1551704376338-0/src]
2019-03-04 19:59:41,010 INFO  SysUtils - Initialized empty Git repository in /private/var/folders/bq/vtzpc5ns5sg2cthy61lqpg3dfzgbys/T/1551704376338-0/src/.git/

2019-03-04 19:59:41,014 INFO  ProjectBuildService - Gradle wrapper(s): /var/folders/bq/vtzpc5ns5sg2cthy61lqpg3dfzgbys/T/1551704376338-0/src/FontUtils-master/gradlew
2019-03-04 19:59:41,019 INFO  ProjectBuildService - Build script(s): /var/folders/bq/vtzpc5ns5sg2cthy61lqpg3dfzgbys/T/1551704376338-0/src/FontUtils-master/app/build.gradle /var/folders/bq/vtzpc5ns5sg2cthy61lqpg3dfzgbys/T/1551704376338-0/src/FontUtils-master/app_kotlin/build.gradle /var/folders/bq/vtzpc5ns5sg2cthy61lqpg3dfzgbys/T/1551704376338-0/src/FontUtils-master/fontutils/build.gradle /var/folders/bq/vtzpc5ns5sg2cthy61lqpg3dfzgbys/T/1551704376338-0/src/FontUtils-master/build.gradle
2019-03-04 19:59:41,022 INFO  ProjectBuildService - All script(s): /var/folders/bq/vtzpc5ns5sg2cthy61lqpg3dfzgbys/T/1551704376338-0/src/FontUtils-master/fontutils/build.gradle /var/folders/bq/vtzpc5ns5sg2cthy61lqpg3dfzgbys/T/1551704376338-0/src/FontUtils-master/app/build.gradle /var/folders/bq/vtzpc5ns5sg2cthy61lqpg3dfzgbys/T/1551704376338-0/src/FontUtils-master/app_kotlin/build.gradle /var/folders/bq/vtzpc5ns5sg2cthy61lqpg3dfzgbys/T/1551704376338-0/src/FontUtils-master/build.gradle /var/folders/bq/vtzpc5ns5sg2cthy61lqpg3dfzgbys/T/1551704376338-0/src/FontUtils-master/settings.gradle
2019-03-04 19:59:41,023 INFO  ProjectBuildService - Remote scripts: none
2019-03-04 19:59:41,023 INFO  ProjectFixService - Fixing project...
2019-03-04 19:59:41,032 INFO  LocalPropertiesFixService - Created fake /var/folders/bq/vtzpc5ns5sg2cthy61lqpg3dfzgbys/T/1551704376338-0/src/FontUtils-master/app/local.properties
2019-03-04 19:59:41,033 INFO  ProjectFixService - Build info for "/var/folders/bq/vtzpc5ns5sg2cthy61lqpg3dfzgbys/T/1551704376338-0/src/FontUtils-master/app/build.gradle": [buildToolsVersion=<null>,compileSdkVersion=26,minSdkVersion=15,targetSdkVersion=26]
2019-03-04 19:59:41,033 INFO  ProjectFixService - Fixed build info for "/var/folders/bq/vtzpc5ns5sg2cthy61lqpg3dfzgbys/T/1551704376338-0/src/FontUtils-master/app/build.gradle": [buildToolsVersion=28.0.0-rc2,compileSdkVersion=26,minSdkVersion=15,targetSdkVersion=26]
2019-03-04 19:59:41,034 INFO  LocalPropertiesFixService - Created fake /var/folders/bq/vtzpc5ns5sg2cthy61lqpg3dfzgbys/T/1551704376338-0/src/FontUtils-master/app_kotlin/local.properties
2019-03-04 19:59:41,035 INFO  ProjectFixService - Build info for "/var/folders/bq/vtzpc5ns5sg2cthy61lqpg3dfzgbys/T/1551704376338-0/src/FontUtils-master/app_kotlin/build.gradle": [buildToolsVersion=<null>,compileSdkVersion=26,minSdkVersion=15,targetSdkVersion=26]
2019-03-04 19:59:41,035 INFO  ProjectFixService - Fixed build info for "/var/folders/bq/vtzpc5ns5sg2cthy61lqpg3dfzgbys/T/1551704376338-0/src/FontUtils-master/app_kotlin/build.gradle": [buildToolsVersion=28.0.0-rc2,compileSdkVersion=26,minSdkVersion=15,targetSdkVersion=26]
2019-03-04 19:59:41,036 INFO  LocalPropertiesFixService - Created fake /var/folders/bq/vtzpc5ns5sg2cthy61lqpg3dfzgbys/T/1551704376338-0/src/FontUtils-master/fontutils/local.properties
2019-03-04 19:59:41,037 INFO  ProjectFixService - Build info for "/var/folders/bq/vtzpc5ns5sg2cthy61lqpg3dfzgbys/T/1551704376338-0/src/FontUtils-master/fontutils/build.gradle": [buildToolsVersion=<null>,compileSdkVersion=26,minSdkVersion=15,targetSdkVersion=26]
2019-03-04 19:59:41,037 INFO  ProjectFixService - Fixed build info for "/var/folders/bq/vtzpc5ns5sg2cthy61lqpg3dfzgbys/T/1551704376338-0/src/FontUtils-master/fontutils/build.gradle": [buildToolsVersion=28.0.0-rc2,compileSdkVersion=26,minSdkVersion=15,targetSdkVersion=26]
2019-03-04 19:59:41,038 INFO  LocalPropertiesFixService - Created fake /var/folders/bq/vtzpc5ns5sg2cthy61lqpg3dfzgbys/T/1551704376338-0/src/FontUtils-master/local.properties
2019-03-04 19:59:41,038 INFO  WrapperPropertiesFixService - Gradle wrapper: https://services.gradle.org/distributions/gradle-4.4-all.zip
2019-03-04 19:59:41,038 INFO  WrapperPropertiesFixService - Gradle wrapper was changed from "-all.zip" to "-bin.zip" (https://services.gradle.org/distributions/gradle-4.4-bin.zip)
2019-03-04 19:59:41,039 INFO  ProjectFixService - Build info for "/var/folders/bq/vtzpc5ns5sg2cthy61lqpg3dfzgbys/T/1551704376338-0/src/FontUtils-master/build.gradle": [buildToolsVersion=<null>,compileSdkVersion=26,minSdkVersion=15,targetSdkVersion=26]
2019-03-04 19:59:41,040 INFO  ProjectFixService - Fixed build info for "/var/folders/bq/vtzpc5ns5sg2cthy61lqpg3dfzgbys/T/1551704376338-0/src/FontUtils-master/build.gradle": [buildToolsVersion=28.0.0-rc2,compileSdkVersion=26,minSdkVersion=15,targetSdkVersion=26]
2019-03-04 19:59:41,040 INFO  ProjectFixService - Project was maybe fixed
2019-03-04 19:59:41,040 INFO  ProjectTaskService - Detecting possible tasks...
2019-03-04 19:59:41,040 INFO  SysUtils - Execute command: [/var/folders/bq/vtzpc5ns5sg2cthy61lqpg3dfzgbys/T/1551704376338-0/src/FontUtils-master/gradlew, -b, /var/folders/bq/vtzpc5ns5sg2cthy61lqpg3dfzgbys/T/1551704376338-0/src/FontUtils-master/app/build.gradle, -Dorg.gradle.daemon=false, -Dorg.gradle.daemon.performance.enable-monitoring=false, -Dorg.gradle.configureondemand=true, tasks]
2019-03-04 19:59:48,463 INFO  ProjectTaskService - Detected possible tasks: 68
2019-03-04 19:59:48,463 INFO  ProjectTaskService - Excluded tasks (19): lintDebug mockableAndroidJar deviceCheck lint testReleaseUnitTest uninstallRelease deviceAndroidTest uninstallDebugAndroidTest installDebugAndroidTest connectedCheck connectedDebugAndroidTest uninstallAll test check testDebugUnitTest connectedAndroidTest installDebug lintRelease uninstallDebug
2019-03-04 19:59:48,463 INFO  SysUtils - Execute command: [/var/folders/bq/vtzpc5ns5sg2cthy61lqpg3dfzgbys/T/1551704376338-0/src/FontUtils-master/gradlew, -b, /var/folders/bq/vtzpc5ns5sg2cthy61lqpg3dfzgbys/T/1551704376338-0/src/FontUtils-master/app/build.gradle, -Dorg.gradle.daemon=false, -Dorg.gradle.daemon.performance.enable-monitoring=false, -Dorg.gradle.configureondemand=true, --stacktrace, -x, lintDebug, -x, mockableAndroidJar, -x, deviceCheck, -x, lint, -x, testReleaseUnitTest, -x, uninstallRelease, -x, deviceAndroidTest, -x, uninstallDebugAndroidTest, -x, installDebugAndroidTest, -x, connectedCheck, -x, connectedDebugAndroidTest, -x, uninstallAll, -x, test, -x, check, -x, testDebugUnitTest, -x, connectedAndroidTest, -x, installDebug, -x, lintRelease, -x, uninstallDebug, build]
2019-03-04 20:00:04,097 ERROR SysUtils - Could not process external command
org.apache.commons.exec.ExecuteException: Process exited with an error: 1 (Exit value: 1)
	at org.apache.commons.exec.DefaultExecutor.executeInternal(DefaultExecutor.java:404)
	at org.apache.commons.exec.DefaultExecutor.execute(DefaultExecutor.java:166)
	at com.github.vbauer.apkmaster.util.SysUtils.execute(SysUtils.java:67)
	at com.github.vbauer.apkmaster.util.SysUtils.executeSimple(SysUtils.java:43)
	at com.github.vbauer.apkmaster.service.assembly.ProjectBuildService.buildProject(ProjectBuildService.java:78)
	at com.github.vbauer.apkmaster.service.assembly.ProjectBuildService.buildProject(ProjectBuildService.java:64)
	at com.github.vbauer.apkmaster.service.assembly.ProjectBuildService.buildProject(ProjectBuildService.java:43)
	at com.github.vbauer.apkmaster.service.FullProcessService.build(FullProcessService.java:84)
	at com.github.vbauer.apkmaster.service.FullProcessService.process(FullProcessService.java:34)
	at com.github.vbauer.apkmaster.app.MainApplication.process(MainApplication.java:38)
	at com.github.vbauer.apkmaster.app.MainApplication.main(MainApplication.java:20)
	at sun.reflect.GeneratedMethodAccessor8.invoke(Unknown Source)
	at sun.reflect.DelegatingMethodAccessorImpl.invoke(DelegatingMethodAccessorImpl.java:43)
	at java.lang.reflect.Method.invoke(Method.java:498)
	at com.android.arsenal.util.ReflectionUtils.invoke(ReflectionUtils.java:52)
	at com.android.arsenal.util.ApkMasterUtils.main(ApkMasterUtils.java:30)
	at com.android.arsenal.service.processor.impl.BuildProcessorServiceImpl.buildProject(BuildProcessorServiceImpl.java:196)
	at com.android.arsenal.service.processor.impl.BuildProcessorServiceImpl.build(BuildProcessorServiceImpl.java:130)
	at com.android.arsenal.service.processor.impl.BuildProcessorServiceImpl.lambda$null$1(BuildProcessorServiceImpl.java:113)
	at java.util.concurrent.FutureTask.run(FutureTask.java:266)
	at java.util.concurrent.Executors$RunnableAdapter.call(Executors.java:511)
	at java.util.concurrent.FutureTask.run(FutureTask.java:266)
	at java.util.concurrent.ThreadPoolExecutor.runWorker(ThreadPoolExecutor.java:1149)
	at java.util.concurrent.ThreadPoolExecutor$Worker.run(ThreadPoolExecutor.java:624)
	at java.lang.Thread.run(Thread.java:748)
2019-03-04 20:00:04,097 INFO  SysUtils - Configuration on demand is an incubating feature.
WARNING: Configuration 'compile' is obsolete and has been replaced with 'implementation' and 'api'.
It will be removed at the end of 2018. For more information see: http://d.android.com/r/tools/update-dependency-configurations.html
:app:preBuild UP-TO-DATE
:fontutils:preBuild UP-TO-DATE
:fontutils:preDebugBuild UP-TO-DATE
:fontutils:checkDebugManifest
:fontutils:processDebugManifest
:app:preDebugBuild
:fontutils:compileDebugAidl
:app:compileDebugAidl
:fontutils:packageDebugRenderscript NO-SOURCE
:app:compileDebugRenderscript
:app:checkDebugManifest
:app:generateDebugBuildConfig
:app:mainApkListPersistenceDebug
:app:generateDebugResValues
:app:generateDebugResources
:fontutils:compileDebugRenderscript
:fontutils:generateDebugResValues
:fontutils:generateDebugResources
:fontutils:packageDebugResources
:app:mergeDebugResources
:app:createDebugCompatibleScreenManifests
:app:processDebugManifest
:app:splitsDiscoveryTaskDebug
:fontutils:platformAttrExtractor
:fontutils:generateDebugBuildConfig
:fontutils:prepareLintJar
:fontutils:javaPreCompileDebug
:fontutils:processDebugJavaRes NO-SOURCE
:app:prepareLintJar
:app:compileDebugNdk NO-SOURCE
:app:mergeDebugShaders
:app:compileDebugShaders
:app:generateDebugAssets
:fontutils:mergeDebugShaders
:fontutils:compileDebugShaders
:fontutils:generateDebugAssets
:fontutils:packageDebugAssets
:app:mergeDebugAssets
:app:mergeDebugJniLibFolders
:fontutils:compileDebugNdk NO-SOURCE
:fontutils:mergeDebugJniLibFolders
:fontutils:transformNativeLibsWithMergeJniLibsForDebug
:fontutils:transformNativeLibsWithStripDebugSymbolForDebug
:fontutils:transformNativeLibsWithIntermediateJniLibsForDebug
:app:processDebugJavaRes NO-SOURCE
:app:validateSigningDebug
:fontutils:preReleaseBuild UP-TO-DATE
:fontutils:checkReleaseManifest
:fontutils:processReleaseManifest
:app:preReleaseBuild
:fontutils:compileReleaseAidl
:app:compileReleaseAidl
:fontutils:packageReleaseRenderscript NO-SOURCE
:app:compileReleaseRenderscript
:app:checkReleaseManifest
:app:generateReleaseBuildConfig
:app:mainApkListPersistenceRelease
:app:generateReleaseResValues
:app:generateReleaseResources
:fontutils:compileReleaseRenderscript
:fontutils:generateReleaseResValues
:fontutils:generateReleaseResources
:fontutils:packageReleaseResources
:app:mergeReleaseResources
:app:createReleaseCompatibleScreenManifests
:app:processReleaseManifest
:app:splitsDiscoveryTaskRelease
:fontutils:generateReleaseBuildConfig
:fontutils:javaPreCompileRelease
:fontutils:processReleaseJavaRes NO-SOURCE
:app:compileReleaseNdk NO-SOURCE
:app:mergeReleaseShaders
:app:compileReleaseShaders
:app:generateReleaseAssets
:fontutils:mergeReleaseShaders
:fontutils:compileReleaseShaders
:fontutils:generateReleaseAssets
:fontutils:packageReleaseAssets
:app:mergeReleaseAssets
:app:mergeReleaseJniLibFolders
:fontutils:compileReleaseNdk NO-SOURCE
:fontutils:mergeReleaseJniLibFolders
:fontutils:transformNativeLibsWithMergeJniLibsForRelease
:fontutils:transformNativeLibsWithStripDebugSymbolForRelease
:fontutils:transformNativeLibsWithIntermediateJniLibsForRelease
:app:processReleaseJavaRes NO-SOURCE
:fontutils:generateDebugRFile
:app:processDebugResources
:fontutils:generateDebugSources
:fontutils:compileDebugJavaWithJavac
:fontutils:transformClassesAndResourcesWithPrepareIntermediateJarsForDebug
:app:compileDebugKotlin
:app:generateDebugSources
:app:javaPreCompileDebug
:app:compileDebugJavaWithJavac/private/var/folders/bq/vtzpc5ns5sg2cthy61lqpg3dfzgbys/T/1551704376338-0/src/FontUtils-master/app/src/main/java/com/androidmads/fontutils/MainActivity.java:79: error: cannot find symbol
        ViewPagerAdapter adapter = new ViewPagerAdapter(getSupportFragmentManager());
        ^
  symbol:   class ViewPagerAdapter
  location: class MainActivity
/private/var/folders/bq/vtzpc5ns5sg2cthy61lqpg3dfzgbys/T/1551704376338-0/src/FontUtils-master/app/src/main/java/com/androidmads/fontutils/MainActivity.java:79: error: cannot find symbol
        ViewPagerAdapter adapter = new ViewPagerAdapter(getSupportFragmentManager());
                                       ^
  symbol:   class ViewPagerAdapter
  location: class MainActivity
/private/var/folders/bq/vtzpc5ns5sg2cthy61lqpg3dfzgbys/T/1551704376338-0/src/FontUtils-master/app/src/main/java/com/androidmads/fontutils/MainActivity.java:80: error: cannot find symbol
        adapter.addFragment(new TabFragment(), "ONE");
                                ^
  symbol:   class TabFragment
  location: class MainActivity
/private/var/folders/bq/vtzpc5ns5sg2cthy61lqpg3dfzgbys/T/1551704376338-0/src/FontUtils-master/app/src/main/java/com/androidmads/fontutils/MainActivity.java:81: error: cannot find symbol
        adapter.addFragment(new TabFragment(), "TWO");
                                ^
  symbol:   class TabFragment
  location: class MainActivity
/private/var/folders/bq/vtzpc5ns5sg2cthy61lqpg3dfzgbys/T/1551704376338-0/src/FontUtils-master/app/src/main/java/com/androidmads/fontutils/MainActivity.java:82: error: cannot find symbol
        adapter.addFragment(new TabFragment(), "THREE");
                                ^
  symbol:   class TabFragment
  location: class MainActivity
5 errors
 FAILED

FAILURE: Build failed with an exception.

* What went wrong:
Execution failed for task ':app:compileDebugJavaWithJavac'.
> Compilation failed; see the compiler error output for details.

* Try:
Run with --info or --debug option to get more log output. Run with --scan to get full insights.

* Exception is:
org.gradle.api.tasks.TaskExecutionException: Execution failed for task ':app:compileDebugJavaWithJavac'.
	at org.gradle.api.internal.tasks.execution.ExecuteActionsTaskExecuter.executeActions(ExecuteActionsTaskExecuter.java:100)
	at org.gradle.api.internal.tasks.execution.ExecuteActionsTaskExecuter.execute(ExecuteActionsTaskExecuter.java:70)
	at org.gradle.api.internal.tasks.execution.OutputDirectoryCreatingTaskExecuter.execute(OutputDirectoryCreatingTaskExecuter.java:51)
	at org.gradle.api.internal.tasks.execution.SkipUpToDateTaskExecuter.execute(SkipUpToDateTaskExecuter.java:62)
	at org.gradle.api.internal.tasks.execution.ResolveTaskOutputCachingStateExecuter.execute(ResolveTaskOutputCachingStateExecuter.java:54)
	at org.gradle.api.internal.tasks.execution.ValidatingTaskExecuter.execute(ValidatingTaskExecuter.java:60)
	at org.gradle.api.internal.tasks.execution.SkipEmptySourceFilesTaskExecuter.execute(SkipEmptySourceFilesTaskExecuter.java:97)
	at org.gradle.api.internal.tasks.execution.CleanupStaleOutputsExecuter.execute(CleanupStaleOutputsExecuter.java:87)
	at org.gradle.api.internal.tasks.execution.ResolveTaskArtifactStateTaskExecuter.execute(ResolveTaskArtifactStateTaskExecuter.java:52)
	at org.gradle.api.internal.tasks.execution.SkipTaskWithNoActionsExecuter.execute(SkipTaskWithNoActionsExecuter.java:52)
	at org.gradle.api.internal.tasks.execution.SkipOnlyIfTaskExecuter.execute(SkipOnlyIfTaskExecuter.java:54)
	at org.gradle.api.internal.tasks.execution.ExecuteAtMostOnceTaskExecuter.execute(ExecuteAtMostOnceTaskExecuter.java:43)
	at org.gradle.api.internal.tasks.execution.CatchExceptionTaskExecuter.execute(CatchExceptionTaskExecuter.java:34)
	at org.gradle.execution.taskgraph.DefaultTaskGraphExecuter$EventFiringTaskWorker$1.run(DefaultTaskGraphExecuter.java:248)
	at org.gradle.internal.progress.DefaultBuildOperationExecutor$RunnableBuildOperationWorker.execute(DefaultBuildOperationExecutor.java:336)
	at org.gradle.internal.progress.DefaultBuildOperationExecutor$RunnableBuildOperationWorker.execute(DefaultBuildOperationExecutor.java:328)
	at org.gradle.internal.progress.DefaultBuildOperationExecutor.execute(DefaultBuildOperationExecutor.java:199)
	at org.gradle.internal.progress.DefaultBuildOperationExecutor.run(DefaultBuildOperationExecutor.java:110)
	at org.gradle.execution.taskgraph.DefaultTaskGraphExecuter$EventFiringTaskWorker.execute(DefaultTaskGraphExecuter.java:241)
	at org.gradle.execution.taskgraph.DefaultTaskGraphExecuter$EventFiringTaskWorker.execute(DefaultTaskGraphExecuter.java:230)
	at org.gradle.execution.taskgraph.DefaultTaskPlanExecutor$TaskExecutorWorker.processTask(DefaultTaskPlanExecutor.java:123)
	at org.gradle.execution.taskgraph.DefaultTaskPlanExecutor$TaskExecutorWorker.access$200(DefaultTaskPlanExecutor.java:79)
	at org.gradle.execution.taskgraph.DefaultTaskPlanExecutor$TaskExecutorWorker$1.execute(DefaultTaskPlanExecutor.java:104)
	at org.gradle.execution.taskgraph.DefaultTaskPlanExecutor$TaskExecutorWorker$1.execute(DefaultTaskPlanExecutor.java:98)
	at org.gradle.execution.taskgraph.DefaultTaskExecutionPlan.execute(DefaultTaskExecutionPlan.java:626)
	at org.gradle.execution.taskgraph.DefaultTaskExecutionPlan.executeWithTask(DefaultTaskExecutionPlan.java:581)
	at org.gradle.execution.taskgraph.DefaultTaskPlanExecutor$TaskExecutorWorker.run(DefaultTaskPlanExecutor.java:98)
	at org.gradle.internal.concurrent.ExecutorPolicy$CatchAndRecordFailures.onExecute(ExecutorPolicy.java:63)
	at org.gradle.internal.concurrent.ManagedExecutorImpl$1.run(ManagedExecutorImpl.java:46)
	at org.gradle.internal.concurrent.ThreadFactoryImpl$ManagedThreadRunnable.run(ThreadFactoryImpl.java:55)
Caused by: org.gradle.api.internal.tasks.compile.CompilationFailedException: Compilation failed; see the compiler error output for details.
	at org.gradle.api.internal.tasks.compile.JdkJavaCompiler.execute(JdkJavaCompiler.java:50)
	at org.gradle.api.internal.tasks.compile.JdkJavaCompiler.execute(JdkJavaCompiler.java:35)
	at org.gradle.api.internal.tasks.compile.NormalizingJavaCompiler.delegateAndHandleErrors(NormalizingJavaCompiler.java:98)
	at org.gradle.api.internal.tasks.compile.NormalizingJavaCompiler.execute(NormalizingJavaCompiler.java:51)
	at org.gradle.api.internal.tasks.compile.NormalizingJavaCompiler.execute(NormalizingJavaCompiler.java:37)
	at org.gradle.api.internal.tasks.compile.CleaningJavaCompilerSupport.execute(CleaningJavaCompilerSupport.java:35)
	at org.gradle.api.internal.tasks.compile.CleaningJavaCompilerSupport.execute(CleaningJavaCompilerSupport.java:25)
	at org.gradle.api.internal.tasks.compile.incremental.IncrementalCompilationFinalizer.execute(IncrementalCompilationFinalizer.java:39)
	at org.gradle.api.internal.tasks.compile.incremental.IncrementalCompilationFinalizer.execute(IncrementalCompilationFinalizer.java:24)
	at org.gradle.api.tasks.compile.JavaCompile.performCompilation(JavaCompile.java:207)
	at org.gradle.api.tasks.compile.JavaCompile.compile(JavaCompile.java:133)
	at com.android.build.gradle.tasks.factory.AndroidJavaCompile.compile(AndroidJavaCompile.java:125)
	at org.gradle.internal.reflect.JavaMethod.invoke(JavaMethod.java:73)
	at org.gradle.api.internal.project.taskfactory.IncrementalTaskAction.doExecute(IncrementalTaskAction.java:46)
	at org.gradle.api.internal.project.taskfactory.StandardTaskAction.execute(StandardTaskAction.java:39)
	at org.gradle.api.internal.project.taskfactory.StandardTaskAction.execute(StandardTaskAction.java:26)
	at org.gradle.api.internal.tasks.execution.ExecuteActionsTaskExecuter$1.run(ExecuteActionsTaskExecuter.java:121)
	at org.gradle.internal.progress.DefaultBuildOperationExecutor$RunnableBuildOperationWorker.execute(DefaultBuildOperationExecutor.java:336)
	at org.gradle.internal.progress.DefaultBuildOperationExecutor$RunnableBuildOperationWorker.execute(DefaultBuildOperationExecutor.java:328)
	at org.gradle.internal.progress.DefaultBuildOperationExecutor.execute(DefaultBuildOperationExecutor.java:199)
	at org.gradle.internal.progress.DefaultBuildOperationExecutor.run(DefaultBuildOperationExecutor.java:110)
	at org.gradle.api.internal.tasks.execution.ExecuteActionsTaskExecuter.executeAction(ExecuteActionsTaskExecuter.java:110)
	at org.gradle.api.internal.tasks.execution.ExecuteActionsTaskExecuter.executeActions(ExecuteActionsTaskExecuter.java:92)
	... 29 more


* Get more help at https://help.gradle.org

BUILD FAILED in 15s
71 actionable tasks: 71 executed

2019-03-04 20:00:04,154 INFO  ProjectTaskService - Detecting possible tasks...
2019-03-04 20:00:04,154 INFO  SysUtils - Execute command: [/var/folders/bq/vtzpc5ns5sg2cthy61lqpg3dfzgbys/T/1551704376338-0/src/FontUtils-master/gradlew, -b, /var/folders/bq/vtzpc5ns5sg2cthy61lqpg3dfzgbys/T/1551704376338-0/src/FontUtils-master/app_kotlin/build.gradle, -Dorg.gradle.daemon=false, -Dorg.gradle.daemon.performance.enable-monitoring=false, -Dorg.gradle.configureondemand=true, tasks]
2019-03-04 20:00:10,162 INFO  ProjectTaskService - Detected possible tasks: 68
2019-03-04 20:00:10,162 INFO  ProjectTaskService - Excluded tasks (19): lintDebug mockableAndroidJar deviceCheck lint testReleaseUnitTest uninstallRelease deviceAndroidTest uninstallDebugAndroidTest installDebugAndroidTest connectedCheck connectedDebugAndroidTest uninstallAll test check testDebugUnitTest connectedAndroidTest installDebug lintRelease uninstallDebug
2019-03-04 20:00:10,162 INFO  SysUtils - Execute command: [/var/folders/bq/vtzpc5ns5sg2cthy61lqpg3dfzgbys/T/1551704376338-0/src/FontUtils-master/gradlew, -b, /var/folders/bq/vtzpc5ns5sg2cthy61lqpg3dfzgbys/T/1551704376338-0/src/FontUtils-master/app_kotlin/build.gradle, -Dorg.gradle.daemon=false, -Dorg.gradle.daemon.performance.enable-monitoring=false, -Dorg.gradle.configureondemand=true, --stacktrace, -x, lintDebug, -x, mockableAndroidJar, -x, deviceCheck, -x, lint, -x, testReleaseUnitTest, -x, uninstallRelease, -x, deviceAndroidTest, -x, uninstallDebugAndroidTest, -x, installDebugAndroidTest, -x, connectedCheck, -x, connectedDebugAndroidTest, -x, uninstallAll, -x, test, -x, check, -x, testDebugUnitTest, -x, connectedAndroidTest, -x, installDebug, -x, lintRelease, -x, uninstallDebug, build]
2019-03-04 20:00:23,904 ERROR SysUtils - Could not process external command
org.apache.commons.exec.ExecuteException: Process exited with an error: 1 (Exit value: 1)
	at org.apache.commons.exec.DefaultExecutor.executeInternal(DefaultExecutor.java:404)
	at org.apache.commons.exec.DefaultExecutor.execute(DefaultExecutor.java:166)
	at com.github.vbauer.apkmaster.util.SysUtils.execute(SysUtils.java:67)
	at com.github.vbauer.apkmaster.util.SysUtils.executeSimple(SysUtils.java:43)
	at com.github.vbauer.apkmaster.service.assembly.ProjectBuildService.buildProject(ProjectBuildService.java:78)
	at com.github.vbauer.apkmaster.service.assembly.ProjectBuildService.buildProject(ProjectBuildService.java:64)
	at com.github.vbauer.apkmaster.service.assembly.ProjectBuildService.buildProject(ProjectBuildService.java:43)
	at com.github.vbauer.apkmaster.service.FullProcessService.build(FullProcessService.java:84)
	at com.github.vbauer.apkmaster.service.FullProcessService.process(FullProcessService.java:34)
	at com.github.vbauer.apkmaster.app.MainApplication.process(MainApplication.java:38)
	at com.github.vbauer.apkmaster.app.MainApplication.main(MainApplication.java:20)
	at sun.reflect.GeneratedMethodAccessor8.invoke(Unknown Source)
	at sun.reflect.DelegatingMethodAccessorImpl.invoke(DelegatingMethodAccessorImpl.java:43)
	at java.lang.reflect.Method.invoke(Method.java:498)
	at com.android.arsenal.util.ReflectionUtils.invoke(ReflectionUtils.java:52)
	at com.android.arsenal.util.ApkMasterUtils.main(ApkMasterUtils.java:30)
	at com.android.arsenal.service.processor.impl.BuildProcessorServiceImpl.buildProject(BuildProcessorServiceImpl.java:196)
	at com.android.arsenal.service.processor.impl.BuildProcessorServiceImpl.build(BuildProcessorServiceImpl.java:130)
	at com.android.arsenal.service.processor.impl.BuildProcessorServiceImpl.lambda$null$1(BuildProcessorServiceImpl.java:113)
	at java.util.concurrent.FutureTask.run(FutureTask.java:266)
	at java.util.concurrent.Executors$RunnableAdapter.call(Executors.java:511)
	at java.util.concurrent.FutureTask.run(FutureTask.java:266)
	at java.util.concurrent.ThreadPoolExecutor.runWorker(ThreadPoolExecutor.java:1149)
	at java.util.concurrent.ThreadPoolExecutor$Worker.run(ThreadPoolExecutor.java:624)
	at java.lang.Thread.run(Thread.java:748)
2019-03-04 20:00:23,904 INFO  SysUtils - Configuration on demand is an incubating feature.
WARNING: Configuration 'compile' is obsolete and has been replaced with 'implementation' and 'api'.
It will be removed at the end of 2018. For more information see: http://d.android.com/r/tools/update-dependency-configurations.html
:app_kotlin:preBuild UP-TO-DATE
:fontutils:preBuild UP-TO-DATE
:fontutils:preDebugBuild UP-TO-DATE
:fontutils:checkDebugManifest UP-TO-DATE
:fontutils:processDebugManifest UP-TO-DATE
:app_kotlin:preDebugBuild
:fontutils:compileDebugAidl UP-TO-DATE
:app_kotlin:compileDebugAidl
:fontutils:packageDebugRenderscript NO-SOURCE
:app_kotlin:compileDebugRenderscript
:app_kotlin:checkDebugManifest
:app_kotlin:generateDebugBuildConfig
:app_kotlin:mainApkListPersistenceDebug
:app_kotlin:generateDebugResValues
:app_kotlin:generateDebugResources
:fontutils:compileDebugRenderscript UP-TO-DATE
:fontutils:generateDebugResValues UP-TO-DATE
:fontutils:generateDebugResources UP-TO-DATE
:fontutils:packageDebugResources UP-TO-DATE
:app_kotlin:mergeDebugResources
:app_kotlin:createDebugCompatibleScreenManifests
:app_kotlin:processDebugManifest
:app_kotlin:splitsDiscoveryTaskDebug
:fontutils:platformAttrExtractor UP-TO-DATE
:fontutils:generateDebugRFile UP-TO-DATE
:app_kotlin:processDebugResources
:fontutils:generateDebugBuildConfig UP-TO-DATE
:fontutils:prepareLintJar UP-TO-DATE
:fontutils:generateDebugSources UP-TO-DATE
:fontutils:javaPreCompileDebug UP-TO-DATE
:fontutils:compileDebugJavaWithJavac UP-TO-DATE
:fontutils:processDebugJavaRes NO-SOURCE
:fontutils:transformClassesAndResourcesWithPrepareIntermediateJarsForDebug UP-TO-DATE
:app_kotlin:compileDebugKotline: /private/var/folders/bq/vtzpc5ns5sg2cthy61lqpg3dfzgbys/T/1551704376338-0/src/FontUtils-master/app_kotlin/src/main/java/com/androidmads/app_kotlin/MainActivity.kt: (70, 23): Unresolved reference: ViewPagerAdapter
e: /private/var/folders/bq/vtzpc5ns5sg2cthy61lqpg3dfzgbys/T/1551704376338-0/src/FontUtils-master/app_kotlin/src/main/java/com/androidmads/app_kotlin/MainActivity.kt: (71, 29): Unresolved reference: TabFragment
e: /private/var/folders/bq/vtzpc5ns5sg2cthy61lqpg3dfzgbys/T/1551704376338-0/src/FontUtils-master/app_kotlin/src/main/java/com/androidmads/app_kotlin/MainActivity.kt: (72, 29): Unresolved reference: TabFragment
e: /private/var/folders/bq/vtzpc5ns5sg2cthy61lqpg3dfzgbys/T/1551704376338-0/src/FontUtils-master/app_kotlin/src/main/java/com/androidmads/app_kotlin/MainActivity.kt: (73, 29): Unresolved reference: TabFragment
 FAILED

FAILURE: Build failed with an exception.

* What went wrong:
Execution failed for task ':app_kotlin:compileDebugKotlin'.
> Compilation error. See log for more details

* Try:
Run with --info or --debug option to get more log output. Run with --scan to get full insights.

* Exception is:
org.gradle.api.tasks.TaskExecutionException: Execution failed for task ':app_kotlin:compileDebugKotlin'.
	at org.gradle.api.internal.tasks.execution.ExecuteActionsTaskExecuter.executeActions(ExecuteActionsTaskExecuter.java:100)
	at org.gradle.api.internal.tasks.execution.ExecuteActionsTaskExecuter.execute(ExecuteActionsTaskExecuter.java:70)
	at org.gradle.api.internal.tasks.execution.OutputDirectoryCreatingTaskExecuter.execute(OutputDirectoryCreatingTaskExecuter.java:51)
	at org.gradle.api.internal.tasks.execution.SkipUpToDateTaskExecuter.execute(SkipUpToDateTaskExecuter.java:62)
	at org.gradle.api.internal.tasks.execution.ResolveTaskOutputCachingStateExecuter.execute(ResolveTaskOutputCachingStateExecuter.java:54)
	at org.gradle.api.internal.tasks.execution.ValidatingTaskExecuter.execute(ValidatingTaskExecuter.java:60)
	at org.gradle.api.internal.tasks.execution.SkipEmptySourceFilesTaskExecuter.execute(SkipEmptySourceFilesTaskExecuter.java:97)
	at org.gradle.api.internal.tasks.execution.CleanupStaleOutputsExecuter.execute(CleanupStaleOutputsExecuter.java:87)
	at org.gradle.api.internal.tasks.execution.ResolveTaskArtifactStateTaskExecuter.execute(ResolveTaskArtifactStateTaskExecuter.java:52)
	at org.gradle.api.internal.tasks.execution.SkipTaskWithNoActionsExecuter.execute(SkipTaskWithNoActionsExecuter.java:52)
	at org.gradle.api.internal.tasks.execution.SkipOnlyIfTaskExecuter.execute(SkipOnlyIfTaskExecuter.java:54)
	at org.gradle.api.internal.tasks.execution.ExecuteAtMostOnceTaskExecuter.execute(ExecuteAtMostOnceTaskExecuter.java:43)
	at org.gradle.api.internal.tasks.execution.CatchExceptionTaskExecuter.execute(CatchExceptionTaskExecuter.java:34)
	at org.gradle.execution.taskgraph.DefaultTaskGraphExecuter$EventFiringTaskWorker$1.run(DefaultTaskGraphExecuter.java:248)
	at org.gradle.internal.progress.DefaultBuildOperationExecutor$RunnableBuildOperationWorker.execute(DefaultBuildOperationExecutor.java:336)
	at org.gradle.internal.progress.DefaultBuildOperationExecutor$RunnableBuildOperationWorker.execute(DefaultBuildOperationExecutor.java:328)
	at org.gradle.internal.progress.DefaultBuildOperationExecutor.execute(DefaultBuildOperationExecutor.java:199)
	at org.gradle.internal.progress.DefaultBuildOperationExecutor.run(DefaultBuildOperationExecutor.java:110)
	at org.gradle.execution.taskgraph.DefaultTaskGraphExecuter$EventFiringTaskWorker.execute(DefaultTaskGraphExecuter.java:241)
	at org.gradle.execution.taskgraph.DefaultTaskGraphExecuter$EventFiringTaskWorker.execute(DefaultTaskGraphExecuter.java:230)
	at org.gradle.execution.taskgraph.DefaultTaskPlanExecutor$TaskExecutorWorker.processTask(DefaultTaskPlanExecutor.java:123)
	at org.gradle.execution.taskgraph.DefaultTaskPlanExecutor$TaskExecutorWorker.access$200(DefaultTaskPlanExecutor.java:79)
	at org.gradle.execution.taskgraph.DefaultTaskPlanExecutor$TaskExecutorWorker$1.execute(DefaultTaskPlanExecutor.java:104)
	at org.gradle.execution.taskgraph.DefaultTaskPlanExecutor$TaskExecutorWorker$1.execute(DefaultTaskPlanExecutor.java:98)
	at org.gradle.execution.taskgraph.DefaultTaskExecutionPlan.execute(DefaultTaskExecutionPlan.java:626)
	at org.gradle.execution.taskgraph.DefaultTaskExecutionPlan.executeWithTask(DefaultTaskExecutionPlan.java:581)
	at org.gradle.execution.taskgraph.DefaultTaskPlanExecutor$TaskExecutorWorker.run(DefaultTaskPlanExecutor.java:98)
	at org.gradle.internal.concurrent.ExecutorPolicy$CatchAndRecordFailures.onExecute(ExecutorPolicy.java:63)
	at org.gradle.internal.concurrent.ManagedExecutorImpl$1.run(ManagedExecutorImpl.java:46)
	at org.gradle.internal.concurrent.ThreadFactoryImpl$ManagedThreadRunnable.run(ThreadFactoryImpl.java:55)
Caused by: org.gradle.api.GradleException: Compilation error. See log for more details
	at org.jetbrains.kotlin.gradle.tasks.TasksUtilsKt.throwGradleExceptionIfError(tasksUtils.kt:8)
	at org.jetbrains.kotlin.gradle.tasks.KotlinCompile.processCompilerExitCode(Tasks.kt:415)
	at org.jetbrains.kotlin.gradle.tasks.KotlinCompile.callCompiler$kotlin_gradle_plugin(Tasks.kt:389)
	at org.jetbrains.kotlin.gradle.tasks.KotlinCompile.callCompiler$kotlin_gradle_plugin(Tasks.kt:251)
	at org.jetbrains.kotlin.gradle.tasks.AbstractKotlinCompile.execute(Tasks.kt:215)
	at org.gradle.internal.reflect.JavaMethod.invoke(JavaMethod.java:73)
	at org.gradle.api.internal.project.taskfactory.IncrementalTaskAction.doExecute(IncrementalTaskAction.java:46)
	at org.gradle.api.internal.project.taskfactory.StandardTaskAction.execute(StandardTaskAction.java:39)
	at org.gradle.api.internal.project.taskfactory.StandardTaskAction.execute(StandardTaskAction.java:26)
	at org.gradle.api.internal.tasks.execution.ExecuteActionsTaskExecuter$1.run(ExecuteActionsTaskExecuter.java:121)
	at org.gradle.internal.progress.DefaultBuildOperationExecutor$RunnableBuildOperationWorker.execute(DefaultBuildOperationExecutor.java:336)
	at org.gradle.internal.progress.DefaultBuildOperationExecutor$RunnableBuildOperationWorker.execute(DefaultBuildOperationExecutor.java:328)
	at org.gradle.internal.progress.DefaultBuildOperationExecutor.execute(DefaultBuildOperationExecutor.java:199)
	at org.gradle.internal.progress.DefaultBuildOperationExecutor.run(DefaultBuildOperationExecutor.java:110)
	at org.gradle.api.internal.tasks.execution.ExecuteActionsTaskExecuter.executeAction(ExecuteActionsTaskExecuter.java:110)
	at org.gradle.api.internal.tasks.execution.ExecuteActionsTaskExecuter.executeActions(ExecuteActionsTaskExecuter.java:92)
	... 29 more


* Get more help at https://help.gradle.org

BUILD FAILED in 13s
26 actionable tasks: 13 executed, 13 up-to-date

2019-03-04 20:00:23,978 INFO  ProjectTaskService - Detecting possible tasks...
2019-03-04 20:00:23,978 INFO  SysUtils - Execute command: [/var/folders/bq/vtzpc5ns5sg2cthy61lqpg3dfzgbys/T/1551704376338-0/src/FontUtils-master/gradlew, -b, /var/folders/bq/vtzpc5ns5sg2cthy61lqpg3dfzgbys/T/1551704376338-0/src/FontUtils-master/fontutils/build.gradle, -Dorg.gradle.daemon=false, -Dorg.gradle.daemon.performance.enable-monitoring=false, -Dorg.gradle.configureondemand=true, tasks]
2019-03-04 20:00:31,310 INFO  ProjectTaskService - Detected possible tasks: 67
2019-03-04 20:00:31,310 INFO  ProjectTaskService - Excluded tasks (16): lintDebug mockableAndroidJar deviceCheck lint testReleaseUnitTest deviceAndroidTest uninstallDebugAndroidTest installDebugAndroidTest connectedCheck connectedDebugAndroidTest uninstallAll test check testDebugUnitTest connectedAndroidTest lintRelease
2019-03-04 20:00:31,310 INFO  SysUtils - Execute command: [/var/folders/bq/vtzpc5ns5sg2cthy61lqpg3dfzgbys/T/1551704376338-0/src/FontUtils-master/gradlew, -b, /var/folders/bq/vtzpc5ns5sg2cthy61lqpg3dfzgbys/T/1551704376338-0/src/FontUtils-master/fontutils/build.gradle, -Dorg.gradle.daemon=false, -Dorg.gradle.daemon.performance.enable-monitoring=false, -Dorg.gradle.configureondemand=true, --stacktrace, -x, lintDebug, -x, mockableAndroidJar, -x, deviceCheck, -x, lint, -x, testReleaseUnitTest, -x, deviceAndroidTest, -x, uninstallDebugAndroidTest, -x, installDebugAndroidTest, -x, connectedCheck, -x, connectedDebugAndroidTest, -x, uninstallAll, -x, test, -x, check, -x, testDebugUnitTest, -x, connectedAndroidTest, -x, lintRelease, build]
2019-03-04 20:00:41,330 INFO  SysUtils - Configuration on demand is an incubating feature.
:fontutils:preBuild UP-TO-DATE
:fontutils:preDebugBuild UP-TO-DATE
:fontutils:compileDebugAidl UP-TO-DATE
:fontutils:compileDebugRenderscript UP-TO-DATE
:fontutils:checkDebugManifest UP-TO-DATE
:fontutils:generateDebugBuildConfig UP-TO-DATE
:fontutils:generateDebugResValues UP-TO-DATE
:fontutils:generateDebugResources UP-TO-DATE
:fontutils:packageDebugResources UP-TO-DATE
:fontutils:platformAttrExtractor UP-TO-DATE
:fontutils:processDebugManifest UP-TO-DATE
:fontutils:generateDebugRFile UP-TO-DATE
:fontutils:prepareLintJar UP-TO-DATE
:fontutils:generateDebugSources UP-TO-DATE
:fontutils:javaPreCompileDebug UP-TO-DATE
:fontutils:compileDebugJavaWithJavac UP-TO-DATE
:fontutils:extractDebugAnnotations
:fontutils:mergeDebugConsumerProguardFiles
:fontutils:mergeDebugShaders UP-TO-DATE
:fontutils:compileDebugShaders UP-TO-DATE
:fontutils:generateDebugAssets UP-TO-DATE
:fontutils:packageDebugAssets UP-TO-DATE
:fontutils:packageDebugRenderscript NO-SOURCE
:fontutils:processDebugJavaRes NO-SOURCE
:fontutils:transformResourcesWithMergeJavaResForDebug
:fontutils:transformClassesAndResourcesWithSyncLibJarsForDebug
:fontutils:compileDebugNdk NO-SOURCE
:fontutils:mergeDebugJniLibFolders UP-TO-DATE
:fontutils:transformNativeLibsWithMergeJniLibsForDebug UP-TO-DATE
:fontutils:transformNativeLibsWithStripDebugSymbolForDebug UP-TO-DATE
:fontutils:transformNativeLibsWithSyncJniLibsForDebug
:fontutils:bundleDebug
:fontutils:compileDebugSources UP-TO-DATE
:fontutils:assembleDebug
:fontutils:preReleaseBuild UP-TO-DATE
:fontutils:compileReleaseAidl UP-TO-DATE
:fontutils:compileReleaseRenderscript UP-TO-DATE
:fontutils:checkReleaseManifest UP-TO-DATE
:fontutils:generateReleaseBuildConfig UP-TO-DATE
:fontutils:generateReleaseResValues UP-TO-DATE
:fontutils:generateReleaseResources UP-TO-DATE
:fontutils:packageReleaseResources UP-TO-DATE
:fontutils:processReleaseManifest UP-TO-DATE
:fontutils:generateReleaseRFile
:fontutils:generateReleaseSources
:fontutils:javaPreCompileRelease UP-TO-DATE
:fontutils:compileReleaseJavaWithJavac
:fontutils:extractReleaseAnnotations
:fontutils:mergeReleaseConsumerProguardFiles
:fontutils:mergeReleaseShaders UP-TO-DATE
:fontutils:compileReleaseShaders UP-TO-DATE
:fontutils:generateReleaseAssets UP-TO-DATE
:fontutils:packageReleaseAssets UP-TO-DATE
:fontutils:packageReleaseRenderscript NO-SOURCE
:fontutils:processReleaseJavaRes NO-SOURCE
:fontutils:transformResourcesWithMergeJavaResForRelease
:fontutils:transformClassesAndResourcesWithSyncLibJarsForRelease
:fontutils:compileReleaseNdk NO-SOURCE
:fontutils:mergeReleaseJniLibFolders UP-TO-DATE
:fontutils:transformNativeLibsWithMergeJniLibsForRelease UP-TO-DATE
:fontutils:transformNativeLibsWithStripDebugSymbolForRelease UP-TO-DATE
:fontutils:transformNativeLibsWithSyncJniLibsForRelease
:fontutils:bundleRelease
:fontutils:compileReleaseSources
:fontutils:mergeReleaseResources
:fontutils:verifyReleaseResources
:fontutils:assembleRelease
:fontutils:generateJavadocsJar
:fontutils:generateSourcesJar
:fontutils:assemble
:fontutils:build

BUILD SUCCESSFUL in 9s
50 actionable tasks: 18 executed, 32 up-to-date

2019-03-04 20:00:41,432 INFO  ProjectTaskService - Detecting possible tasks...
2019-03-04 20:00:41,433 INFO  SysUtils - Execute command: [/var/folders/bq/vtzpc5ns5sg2cthy61lqpg3dfzgbys/T/1551704376338-0/src/FontUtils-master/gradlew, -b, /var/folders/bq/vtzpc5ns5sg2cthy61lqpg3dfzgbys/T/1551704376338-0/src/FontUtils-master/build.gradle, -Dorg.gradle.daemon=false, -Dorg.gradle.daemon.performance.enable-monitoring=false, -Dorg.gradle.configureondemand=true, tasks]
2019-03-04 20:00:48,321 INFO  ProjectTaskService - Detected possible tasks: 73
2019-03-04 20:00:48,321 INFO  ProjectTaskService - Excluded tasks (19): lintDebug mockableAndroidJar deviceCheck lint testReleaseUnitTest uninstallRelease deviceAndroidTest uninstallDebugAndroidTest installDebugAndroidTest connectedCheck connectedDebugAndroidTest uninstallAll test check testDebugUnitTest connectedAndroidTest installDebug lintRelease uninstallDebug
2019-03-04 20:00:48,322 INFO  SysUtils - Execute command: [/var/folders/bq/vtzpc5ns5sg2cthy61lqpg3dfzgbys/T/1551704376338-0/src/FontUtils-master/gradlew, -b, /var/folders/bq/vtzpc5ns5sg2cthy61lqpg3dfzgbys/T/1551704376338-0/src/FontUtils-master/build.gradle, -Dorg.gradle.daemon=false, -Dorg.gradle.daemon.performance.enable-monitoring=false, -Dorg.gradle.configureondemand=true, --stacktrace, -x, lintDebug, -x, mockableAndroidJar, -x, deviceCheck, -x, lint, -x, testReleaseUnitTest, -x, uninstallRelease, -x, deviceAndroidTest, -x, uninstallDebugAndroidTest, -x, installDebugAndroidTest, -x, connectedCheck, -x, connectedDebugAndroidTest, -x, uninstallAll, -x, test, -x, check, -x, testDebugUnitTest, -x, connectedAndroidTest, -x, installDebug, -x, lintRelease, -x, uninstallDebug, build]
2019-03-04 20:00:56,649 ERROR SysUtils - Could not process external command
org.apache.commons.exec.ExecuteException: Process exited with an error: 1 (Exit value: 1)
	at org.apache.commons.exec.DefaultExecutor.executeInternal(DefaultExecutor.java:404)
	at org.apache.commons.exec.DefaultExecutor.execute(DefaultExecutor.java:166)
	at com.github.vbauer.apkmaster.util.SysUtils.execute(SysUtils.java:67)
	at com.github.vbauer.apkmaster.util.SysUtils.executeSimple(SysUtils.java:43)
	at com.github.vbauer.apkmaster.service.assembly.ProjectBuildService.buildProject(ProjectBuildService.java:78)
	at com.github.vbauer.apkmaster.service.assembly.ProjectBuildService.buildProject(ProjectBuildService.java:64)
	at com.github.vbauer.apkmaster.service.assembly.ProjectBuildService.buildProject(ProjectBuildService.java:43)
	at com.github.vbauer.apkmaster.service.FullProcessService.build(FullProcessService.java:84)
	at com.github.vbauer.apkmaster.service.FullProcessService.process(FullProcessService.java:34)
	at com.github.vbauer.apkmaster.app.MainApplication.process(MainApplication.java:38)
	at com.github.vbauer.apkmaster.app.MainApplication.main(MainApplication.java:20)
	at sun.reflect.GeneratedMethodAccessor8.invoke(Unknown Source)
	at sun.reflect.DelegatingMethodAccessorImpl.invoke(DelegatingMethodAccessorImpl.java:43)
	at java.lang.reflect.Method.invoke(Method.java:498)
	at com.android.arsenal.util.ReflectionUtils.invoke(ReflectionUtils.java:52)
	at com.android.arsenal.util.ApkMasterUtils.main(ApkMasterUtils.java:30)
	at com.android.arsenal.service.processor.impl.BuildProcessorServiceImpl.buildProject(BuildProcessorServiceImpl.java:196)
	at com.android.arsenal.service.processor.impl.BuildProcessorServiceImpl.build(BuildProcessorServiceImpl.java:130)
	at com.android.arsenal.service.processor.impl.BuildProcessorServiceImpl.lambda$null$1(BuildProcessorServiceImpl.java:113)
	at java.util.concurrent.FutureTask.run(FutureTask.java:266)
	at java.util.concurrent.Executors$RunnableAdapter.call(Executors.java:511)
	at java.util.concurrent.FutureTask.run(FutureTask.java:266)
	at java.util.concurrent.ThreadPoolExecutor.runWorker(ThreadPoolExecutor.java:1149)
	at java.util.concurrent.ThreadPoolExecutor$Worker.run(ThreadPoolExecutor.java:624)
	at java.lang.Thread.run(Thread.java:748)
2019-03-04 20:00:56,650 INFO  SysUtils - Configuration on demand is an incubating feature.
WARNING: Configuration 'compile' is obsolete and has been replaced with 'implementation' and 'api'.
It will be removed at the end of 2018. For more information see: http://d.android.com/r/tools/update-dependency-configurations.html
WARNING: Configuration 'compile' is obsolete and has been replaced with 'implementation' and 'api'.
It will be removed at the end of 2018. For more information see: http://d.android.com/r/tools/update-dependency-configurations.html
:app:preBuild UP-TO-DATE
:fontutils:preBuild UP-TO-DATE
:fontutils:preDebugBuild UP-TO-DATE
:fontutils:checkDebugManifest UP-TO-DATE
:fontutils:processDebugManifest UP-TO-DATE
:app:preDebugBuild UP-TO-DATE
:fontutils:compileDebugAidl UP-TO-DATE
:app:compileDebugAidl UP-TO-DATE
:fontutils:packageDebugRenderscript NO-SOURCE
:app:compileDebugRenderscript UP-TO-DATE
:app:checkDebugManifest UP-TO-DATE
:app:generateDebugBuildConfig UP-TO-DATE
:app:mainApkListPersistenceDebug UP-TO-DATE
:app:generateDebugResValues UP-TO-DATE
:app:generateDebugResources UP-TO-DATE
:fontutils:compileDebugRenderscript UP-TO-DATE
:fontutils:generateDebugResValues UP-TO-DATE
:fontutils:generateDebugResources UP-TO-DATE
:fontutils:packageDebugResources UP-TO-DATE
:app:mergeDebugResources UP-TO-DATE
:app:createDebugCompatibleScreenManifests UP-TO-DATE
:app:processDebugManifest UP-TO-DATE
:app:splitsDiscoveryTaskDebug UP-TO-DATE
:fontutils:platformAttrExtractor UP-TO-DATE
:fontutils:generateDebugRFile UP-TO-DATE
:app:processDebugResources UP-TO-DATE
:fontutils:generateDebugBuildConfig UP-TO-DATE
:fontutils:prepareLintJar UP-TO-DATE
:fontutils:generateDebugSources UP-TO-DATE
:fontutils:javaPreCompileDebug UP-TO-DATE
:fontutils:compileDebugJavaWithJavac UP-TO-DATE
:fontutils:processDebugJavaRes NO-SOURCE
:fontutils:transformClassesAndResourcesWithPrepareIntermediateJarsForDebug UP-TO-DATE
:app:compileDebugKotlin UP-TO-DATE
:app:prepareLintJar UP-TO-DATE
:app:generateDebugSources UP-TO-DATE
:app:javaPreCompileDebug UP-TO-DATE
:app:compileDebugJavaWithJavac/private/var/folders/bq/vtzpc5ns5sg2cthy61lqpg3dfzgbys/T/1551704376338-0/src/FontUtils-master/app/src/main/java/com/androidmads/fontutils/MainActivity.java:79: error: cannot find symbol
        ViewPagerAdapter adapter = new ViewPagerAdapter(getSupportFragmentManager());
        ^
  symbol:   class ViewPagerAdapter
  location: class MainActivity
/private/var/folders/bq/vtzpc5ns5sg2cthy61lqpg3dfzgbys/T/1551704376338-0/src/FontUtils-master/app/src/main/java/com/androidmads/fontutils/MainActivity.java:79: error: cannot find symbol
        ViewPagerAdapter adapter = new ViewPagerAdapter(getSupportFragmentManager());
                                       ^
  symbol:   class ViewPagerAdapter
  location: class MainActivity
/private/var/folders/bq/vtzpc5ns5sg2cthy61lqpg3dfzgbys/T/1551704376338-0/src/FontUtils-master/app/src/main/java/com/androidmads/fontutils/MainActivity.java:80: error: cannot find symbol
        adapter.addFragment(new TabFragment(), "ONE");
                                ^
  symbol:   class TabFragment
  location: class MainActivity
/private/var/folders/bq/vtzpc5ns5sg2cthy61lqpg3dfzgbys/T/1551704376338-0/src/FontUtils-master/app/src/main/java/com/androidmads/fontutils/MainActivity.java:81: error: cannot find symbol
        adapter.addFragment(new TabFragment(), "TWO");
                                ^
  symbol:   class TabFragment
  location: class MainActivity
/private/var/folders/bq/vtzpc5ns5sg2cthy61lqpg3dfzgbys/T/1551704376338-0/src/FontUtils-master/app/src/main/java/com/androidmads/fontutils/MainActivity.java:82: error: cannot find symbol
        adapter.addFragment(new TabFragment(), "THREE");
                                ^
  symbol:   class TabFragment
  location: class MainActivity
5 errors
 FAILED

FAILURE: Build failed with an exception.

* What went wrong:
Execution failed for task ':app:compileDebugJavaWithJavac'.
> Compilation failed; see the compiler error output for details.

* Try:
Run with --info or --debug option to get more log output. Run with --scan to get full insights.

* Exception is:
org.gradle.api.tasks.TaskExecutionException: Execution failed for task ':app:compileDebugJavaWithJavac'.
	at org.gradle.api.internal.tasks.execution.ExecuteActionsTaskExecuter.executeActions(ExecuteActionsTaskExecuter.java:100)
	at org.gradle.api.internal.tasks.execution.ExecuteActionsTaskExecuter.execute(ExecuteActionsTaskExecuter.java:70)
	at org.gradle.api.internal.tasks.execution.OutputDirectoryCreatingTaskExecuter.execute(OutputDirectoryCreatingTaskExecuter.java:51)
	at org.gradle.api.internal.tasks.execution.SkipUpToDateTaskExecuter.execute(SkipUpToDateTaskExecuter.java:62)
	at org.gradle.api.internal.tasks.execution.ResolveTaskOutputCachingStateExecuter.execute(ResolveTaskOutputCachingStateExecuter.java:54)
	at org.gradle.api.internal.tasks.execution.ValidatingTaskExecuter.execute(ValidatingTaskExecuter.java:60)
	at org.gradle.api.internal.tasks.execution.SkipEmptySourceFilesTaskExecuter.execute(SkipEmptySourceFilesTaskExecuter.java:97)
	at org.gradle.api.internal.tasks.execution.CleanupStaleOutputsExecuter.execute(CleanupStaleOutputsExecuter.java:87)
	at org.gradle.api.internal.tasks.execution.ResolveTaskArtifactStateTaskExecuter.execute(ResolveTaskArtifactStateTaskExecuter.java:52)
	at org.gradle.api.internal.tasks.execution.SkipTaskWithNoActionsExecuter.execute(SkipTaskWithNoActionsExecuter.java:52)
	at org.gradle.api.internal.tasks.execution.SkipOnlyIfTaskExecuter.execute(SkipOnlyIfTaskExecuter.java:54)
	at org.gradle.api.internal.tasks.execution.ExecuteAtMostOnceTaskExecuter.execute(ExecuteAtMostOnceTaskExecuter.java:43)
	at org.gradle.api.internal.tasks.execution.CatchExceptionTaskExecuter.execute(CatchExceptionTaskExecuter.java:34)
	at org.gradle.execution.taskgraph.DefaultTaskGraphExecuter$EventFiringTaskWorker$1.run(DefaultTaskGraphExecuter.java:248)
	at org.gradle.internal.progress.DefaultBuildOperationExecutor$RunnableBuildOperationWorker.execute(DefaultBuildOperationExecutor.java:336)
	at org.gradle.internal.progress.DefaultBuildOperationExecutor$RunnableBuildOperationWorker.execute(DefaultBuildOperationExecutor.java:328)
	at org.gradle.internal.progress.DefaultBuildOperationExecutor.execute(DefaultBuildOperationExecutor.java:199)
	at org.gradle.internal.progress.DefaultBuildOperationExecutor.run(DefaultBuildOperationExecutor.java:110)
	at org.gradle.execution.taskgraph.DefaultTaskGraphExecuter$EventFiringTaskWorker.execute(DefaultTaskGraphExecuter.java:241)
	at org.gradle.execution.taskgraph.DefaultTaskGraphExecuter$EventFiringTaskWorker.execute(DefaultTaskGraphExecuter.java:230)
	at org.gradle.execution.taskgraph.DefaultTaskPlanExecutor$TaskExecutorWorker.processTask(DefaultTaskPlanExecutor.java:123)
	at org.gradle.execution.taskgraph.DefaultTaskPlanExecutor$TaskExecutorWorker.access$200(DefaultTaskPlanExecutor.java:79)
	at org.gradle.execution.taskgraph.DefaultTaskPlanExecutor$TaskExecutorWorker$1.execute(DefaultTaskPlanExecutor.java:104)
	at org.gradle.execution.taskgraph.DefaultTaskPlanExecutor$TaskExecutorWorker$1.execute(DefaultTaskPlanExecutor.java:98)
	at org.gradle.execution.taskgraph.DefaultTaskExecutionPlan.execute(DefaultTaskExecutionPlan.java:626)
	at org.gradle.execution.taskgraph.DefaultTaskExecutionPlan.executeWithTask(DefaultTaskExecutionPlan.java:581)
	at org.gradle.execution.taskgraph.DefaultTaskPlanExecutor$TaskExecutorWorker.run(DefaultTaskPlanExecutor.java:98)
	at org.gradle.internal.concurrent.ExecutorPolicy$CatchAndRecordFailures.onExecute(ExecutorPolicy.java:63)
	at org.gradle.internal.concurrent.ManagedExecutorImpl$1.run(ManagedExecutorImpl.java:46)
	at org.gradle.internal.concurrent.ThreadFactoryImpl$ManagedThreadRunnable.run(ThreadFactoryImpl.java:55)
Caused by: org.gradle.api.internal.tasks.compile.CompilationFailedException: Compilation failed; see the compiler error output for details.
	at org.gradle.api.internal.tasks.compile.JdkJavaCompiler.execute(JdkJavaCompiler.java:50)
	at org.gradle.api.internal.tasks.compile.JdkJavaCompiler.execute(JdkJavaCompiler.java:35)
	at org.gradle.api.internal.tasks.compile.NormalizingJavaCompiler.delegateAndHandleErrors(NormalizingJavaCompiler.java:98)
	at org.gradle.api.internal.tasks.compile.NormalizingJavaCompiler.execute(NormalizingJavaCompiler.java:51)
	at org.gradle.api.internal.tasks.compile.NormalizingJavaCompiler.execute(NormalizingJavaCompiler.java:37)
	at org.gradle.api.internal.tasks.compile.CleaningJavaCompilerSupport.execute(CleaningJavaCompilerSupport.java:35)
	at org.gradle.api.internal.tasks.compile.CleaningJavaCompilerSupport.execute(CleaningJavaCompilerSupport.java:25)
	at org.gradle.api.internal.tasks.compile.incremental.IncrementalCompilationFinalizer.execute(IncrementalCompilationFinalizer.java:39)
	at org.gradle.api.internal.tasks.compile.incremental.IncrementalCompilationFinalizer.execute(IncrementalCompilationFinalizer.java:24)
	at org.gradle.api.tasks.compile.JavaCompile.performCompilation(JavaCompile.java:207)
	at org.gradle.api.tasks.compile.JavaCompile.compile(JavaCompile.java:133)
	at com.android.build.gradle.tasks.factory.AndroidJavaCompile.compile(AndroidJavaCompile.java:125)
	at org.gradle.internal.reflect.JavaMethod.invoke(JavaMethod.java:73)
	at org.gradle.api.internal.project.taskfactory.IncrementalTaskAction.doExecute(IncrementalTaskAction.java:46)
	at org.gradle.api.internal.project.taskfactory.StandardTaskAction.execute(StandardTaskAction.java:39)
	at org.gradle.api.internal.project.taskfactory.StandardTaskAction.execute(StandardTaskAction.java:26)
	at org.gradle.api.internal.tasks.execution.ExecuteActionsTaskExecuter$1.run(ExecuteActionsTaskExecuter.java:121)
	at org.gradle.internal.progress.DefaultBuildOperationExecutor$RunnableBuildOperationWorker.execute(DefaultBuildOperationExecutor.java:336)
	at org.gradle.internal.progress.DefaultBuildOperationExecutor$RunnableBuildOperationWorker.execute(DefaultBuildOperationExecutor.java:328)
	at org.gradle.internal.progress.DefaultBuildOperationExecutor.execute(DefaultBuildOperationExecutor.java:199)
	at org.gradle.internal.progress.DefaultBuildOperationExecutor.run(DefaultBuildOperationExecutor.java:110)
	at org.gradle.api.internal.tasks.execution.ExecuteActionsTaskExecuter.executeAction(ExecuteActionsTaskExecuter.java:110)
	at org.gradle.api.internal.tasks.execution.ExecuteActionsTaskExecuter.executeActions(ExecuteActionsTaskExecuter.java:92)
	... 29 more


* Get more help at https://help.gradle.org

BUILD FAILED in 8s
29 actionable tasks: 1 executed, 28 up-to-date

2019-03-04 20:00:56,751 ERROR FullProcessService - Project build has not produced APK file
2019-03-04 20:00:56,848 ERROR FullProcessService - Could not find generated or existed APK file
