2018-08-20 14:43:16,723 INFO  DownloadService - Downloading "https://github.com/ApendIr/slider/archive/master.zip", attempt 3
2018-08-20 14:43:18,552 INFO  DownloadService - Downloaded https://github.com/ApendIr/slider/archive/master.zip, attempt 3
2018-08-20 14:43:18,553 INFO  DownloadService - Size of file "/var/folders/bq/vtzpc5ns5sg2cthy61lqpg3dfzgbys/T/1534750996715-0/master.zip": 1 MB
2018-08-20 14:43:18,553 INFO  ArchiveUtils - Checking entries [.gradle] in ZIP file...
2018-08-20 14:43:18,558 INFO  ArchiveUtils - Has entries [.gradle] in ZIP file /var/folders/bq/vtzpc5ns5sg2cthy61lqpg3dfzgbys/T/1534750996715-0/master.zip: true
2018-08-20 14:43:18,559 DEBUG ZipUtil - Extracting '/var/folders/bq/vtzpc5ns5sg2cthy61lqpg3dfzgbys/T/1534750996715-0/master.zip' into '/var/folders/bq/vtzpc5ns5sg2cthy61lqpg3dfzgbys/T/1534750996715-0/src'.
2018-08-20 14:43:18,600 INFO  FullProcessService - Size of directory with sources: 1 MB
2018-08-20 14:43:18,600 INFO  SysUtils - Execute command: [git, init, /var/folders/bq/vtzpc5ns5sg2cthy61lqpg3dfzgbys/T/1534750996715-0/src]
2018-08-20 14:43:18,615 INFO  SysUtils - Initialized empty Git repository in /private/var/folders/bq/vtzpc5ns5sg2cthy61lqpg3dfzgbys/T/1534750996715-0/src/.git/

2018-08-20 14:43:18,619 INFO  ProjectBuildService - Gradle wrapper(s): /var/folders/bq/vtzpc5ns5sg2cthy61lqpg3dfzgbys/T/1534750996715-0/src/slider-master/gradlew
2018-08-20 14:43:18,622 INFO  ProjectBuildService - Build script(s): /var/folders/bq/vtzpc5ns5sg2cthy61lqpg3dfzgbys/T/1534750996715-0/src/slider-master/demo/build.gradle /var/folders/bq/vtzpc5ns5sg2cthy61lqpg3dfzgbys/T/1534750996715-0/src/slider-master/slider/build.gradle /var/folders/bq/vtzpc5ns5sg2cthy61lqpg3dfzgbys/T/1534750996715-0/src/slider-master/build.gradle
2018-08-20 14:43:18,626 INFO  ProjectBuildService - All script(s): /var/folders/bq/vtzpc5ns5sg2cthy61lqpg3dfzgbys/T/1534750996715-0/src/slider-master/demo/build.gradle /var/folders/bq/vtzpc5ns5sg2cthy61lqpg3dfzgbys/T/1534750996715-0/src/slider-master/slider/build.gradle /var/folders/bq/vtzpc5ns5sg2cthy61lqpg3dfzgbys/T/1534750996715-0/src/slider-master/build.gradle /var/folders/bq/vtzpc5ns5sg2cthy61lqpg3dfzgbys/T/1534750996715-0/src/slider-master/settings.gradle
2018-08-20 14:43:18,626 INFO  DownloadService - Downloading "https://raw.githubusercontent.com/blundell/release-android-library/master/android-release-aar.gradle", attempt 3
2018-08-20 14:43:19,417 INFO  DownloadService - Downloaded https://raw.githubusercontent.com/blundell/release-android-library/master/android-release-aar.gradle, attempt 3
2018-08-20 14:43:19,418 INFO  ProjectBuildService - Remote scripts: https://raw.githubusercontent.com/blundell/release-android-library/master/android-release-aar.gradle
2018-08-20 14:43:19,418 INFO  ProjectFixService - Fixing project...
2018-08-20 14:43:19,428 INFO  LocalPropertiesFixService - Created fake /var/folders/bq/vtzpc5ns5sg2cthy61lqpg3dfzgbys/T/1534750996715-0/src/slider-master/demo/local.properties
2018-08-20 14:43:19,428 INFO  ProjectFixService - Build info for "/var/folders/bq/vtzpc5ns5sg2cthy61lqpg3dfzgbys/T/1534750996715-0/src/slider-master/demo/build.gradle": [buildToolsVersion=26.0.2,compileSdkVersion=26,minSdkVersion=15,targetSdkVersion=26]
2018-08-20 14:43:19,429 INFO  LocalPropertiesFixService - Created fake /var/folders/bq/vtzpc5ns5sg2cthy61lqpg3dfzgbys/T/1534750996715-0/src/slider-master/slider/local.properties
2018-08-20 14:43:19,429 INFO  ProjectFixService - Build info for "/var/folders/bq/vtzpc5ns5sg2cthy61lqpg3dfzgbys/T/1534750996715-0/src/slider-master/slider/build.gradle": [buildToolsVersion=26.0.2,compileSdkVersion=25,minSdkVersion=15,targetSdkVersion=25]
2018-08-20 14:43:19,430 INFO  LocalPropertiesFixService - Created fake /var/folders/bq/vtzpc5ns5sg2cthy61lqpg3dfzgbys/T/1534750996715-0/src/slider-master/local.properties
2018-08-20 14:43:19,430 INFO  WrapperPropertiesFixService - Gradle wrapper: https://services.gradle.org/distributions/gradle-4.1-all.zip
2018-08-20 14:43:19,431 INFO  WrapperPropertiesFixService - Gradle wrapper was changed from "-all.zip" to "-bin.zip" (https://services.gradle.org/distributions/gradle-4.1-bin.zip)
2018-08-20 14:43:19,432 INFO  ProjectFixService - Build info for "/var/folders/bq/vtzpc5ns5sg2cthy61lqpg3dfzgbys/T/1534750996715-0/src/slider-master/build.gradle": [buildToolsVersion=26.0.2,compileSdkVersion=26,minSdkVersion=15,targetSdkVersion=26]
2018-08-20 14:43:19,432 INFO  ProjectFixService - Project was maybe fixed
2018-08-20 14:43:19,432 INFO  ProjectTaskService - Detecting possible tasks...
2018-08-20 14:43:19,432 INFO  SysUtils - Execute command: [/var/folders/bq/vtzpc5ns5sg2cthy61lqpg3dfzgbys/T/1534750996715-0/src/slider-master/gradlew, -b, /var/folders/bq/vtzpc5ns5sg2cthy61lqpg3dfzgbys/T/1534750996715-0/src/slider-master/demo/build.gradle, -Dorg.gradle.daemon=false, -Dorg.gradle.daemon.performance.enable-monitoring=false, -Dorg.gradle.configureondemand=true, tasks]
2018-08-20 14:43:25,992 INFO  ProjectTaskService - Detected possible tasks: 70
2018-08-20 14:43:25,992 INFO  ProjectTaskService - Excluded tasks (22): lintDebug mockableAndroidJar androidJavadocs deviceCheck lint androidSourcesJar testReleaseUnitTest uninstallRelease deviceAndroidTest uninstallDebugAndroidTest installDebugAndroidTest connectedCheck connectedDebugAndroidTest uninstallAll androidJavadocsJar test check testDebugUnitTest connectedAndroidTest installDebug lintRelease uninstallDebug
2018-08-20 14:43:25,992 INFO  SysUtils - Execute command: [/var/folders/bq/vtzpc5ns5sg2cthy61lqpg3dfzgbys/T/1534750996715-0/src/slider-master/gradlew, -b, /var/folders/bq/vtzpc5ns5sg2cthy61lqpg3dfzgbys/T/1534750996715-0/src/slider-master/demo/build.gradle, -Dorg.gradle.daemon=false, -Dorg.gradle.daemon.performance.enable-monitoring=false, -Dorg.gradle.configureondemand=true, --stacktrace, -x, lintDebug, -x, mockableAndroidJar, -x, androidJavadocs, -x, deviceCheck, -x, lint, -x, androidSourcesJar, -x, testReleaseUnitTest, -x, uninstallRelease, -x, deviceAndroidTest, -x, uninstallDebugAndroidTest, -x, installDebugAndroidTest, -x, connectedCheck, -x, connectedDebugAndroidTest, -x, uninstallAll, -x, androidJavadocsJar, -x, test, -x, check, -x, testDebugUnitTest, -x, connectedAndroidTest, -x, installDebug, -x, lintRelease, -x, uninstallDebug, build]
2018-08-20 14:43:31,728 ERROR SysUtils - Could not process external command
org.apache.commons.exec.ExecuteException: Process exited with an error: 1 (Exit value: 1)
	at org.apache.commons.exec.DefaultExecutor.executeInternal(DefaultExecutor.java:404)
	at org.apache.commons.exec.DefaultExecutor.execute(DefaultExecutor.java:166)
	at com.github.vbauer.apkmaster.util.SysUtils.execute(SysUtils.java:67)
	at com.github.vbauer.apkmaster.util.SysUtils.executeSimple(SysUtils.java:43)
	at com.github.vbauer.apkmaster.service.assembly.ProjectBuildService.buildProject(ProjectBuildService.java:78)
	at com.github.vbauer.apkmaster.service.assembly.ProjectBuildService.buildProject(ProjectBuildService.java:64)
	at com.github.vbauer.apkmaster.service.assembly.ProjectBuildService.buildProject(ProjectBuildService.java:43)
	at com.github.vbauer.apkmaster.service.FullProcessService.build(FullProcessService.java:84)
	at com.github.vbauer.apkmaster.service.FullProcessService.process(FullProcessService.java:34)
	at com.github.vbauer.apkmaster.app.MainApplication.process(MainApplication.java:38)
	at com.github.vbauer.apkmaster.app.MainApplication.main(MainApplication.java:20)
	at sun.reflect.NativeMethodAccessorImpl.invoke0(Native Method)
	at sun.reflect.NativeMethodAccessorImpl.invoke(NativeMethodAccessorImpl.java:62)
	at sun.reflect.DelegatingMethodAccessorImpl.invoke(DelegatingMethodAccessorImpl.java:43)
	at java.lang.reflect.Method.invoke(Method.java:498)
	at com.android.arsenal.util.ReflectionUtils.invoke(ReflectionUtils.java:52)
	at com.android.arsenal.util.ApkMasterUtils.main(ApkMasterUtils.java:30)
	at com.android.arsenal.service.processor.impl.BuildProcessorServiceImpl.buildProject(BuildProcessorServiceImpl.java:196)
	at com.android.arsenal.service.processor.impl.BuildProcessorServiceImpl.build(BuildProcessorServiceImpl.java:130)
	at com.android.arsenal.service.processor.impl.BuildProcessorServiceImpl.lambda$null$1(BuildProcessorServiceImpl.java:113)
	at java.util.concurrent.FutureTask.run(FutureTask.java:266)
	at java.util.concurrent.Executors$RunnableAdapter.call(Executors.java:511)
	at java.util.concurrent.FutureTask.run(FutureTask.java:266)
	at java.util.concurrent.ThreadPoolExecutor.runWorker(ThreadPoolExecutor.java:1149)
	at java.util.concurrent.ThreadPoolExecutor$Worker.run(ThreadPoolExecutor.java:624)
	at java.lang.Thread.run(Thread.java:748)
2018-08-20 14:43:31,729 INFO  SysUtils - Configuration on demand is an incubating feature.

FAILURE: Build failed with an exception.

* What went wrong:
Task 'androidJavadocs' not found in project ':demo'.

* Try:
Run gradlew tasks to get a list of available tasks. Run with --info or --debug option to get more log output.

* Exception is:
org.gradle.execution.TaskSelectionException: Task 'androidJavadocs' not found in project ':demo'.
	at org.gradle.execution.TaskSelector.getSelection(TaskSelector.java:116)
	at org.gradle.execution.TaskSelector.getFilter(TaskSelector.java:66)
	at org.gradle.execution.ExcludedTaskFilteringBuildConfigurationAction.configure(ExcludedTaskFilteringBuildConfigurationAction.java:42)
	at org.gradle.execution.DefaultBuildConfigurationActionExecuter.configure(DefaultBuildConfigurationActionExecuter.java:48)
	at org.gradle.execution.DefaultBuildConfigurationActionExecuter.select(DefaultBuildConfigurationActionExecuter.java:36)
	at org.gradle.initialization.DefaultGradleLauncher$CalculateTaskGraph.run(DefaultGradleLauncher.java:265)
	at org.gradle.internal.progress.DefaultBuildOperationExecutor$RunnableBuildOperationWorker.execute(DefaultBuildOperationExecutor.java:336)
	at org.gradle.internal.progress.DefaultBuildOperationExecutor$RunnableBuildOperationWorker.execute(DefaultBuildOperationExecutor.java:328)
	at org.gradle.internal.progress.DefaultBuildOperationExecutor.execute(DefaultBuildOperationExecutor.java:197)
	at org.gradle.internal.progress.DefaultBuildOperationExecutor.run(DefaultBuildOperationExecutor.java:107)
	at org.gradle.initialization.DefaultGradleLauncher.constructTaskGraph(DefaultGradleLauncher.java:173)
	at org.gradle.initialization.DefaultGradleLauncher.doBuildStages(DefaultGradleLauncher.java:128)
	at org.gradle.initialization.DefaultGradleLauncher.executeTasks(DefaultGradleLauncher.java:107)
	at org.gradle.internal.invocation.GradleBuildController$1.call(GradleBuildController.java:78)
	at org.gradle.internal.invocation.GradleBuildController$1.call(GradleBuildController.java:75)
	at org.gradle.internal.work.DefaultWorkerLeaseService.withLocks(DefaultWorkerLeaseService.java:152)
	at org.gradle.internal.invocation.GradleBuildController.doBuild(GradleBuildController.java:100)
	at org.gradle.internal.invocation.GradleBuildController.run(GradleBuildController.java:75)
	at org.gradle.tooling.internal.provider.ExecuteBuildActionRunner.run(ExecuteBuildActionRunner.java:28)
	at org.gradle.launcher.exec.ChainingBuildActionRunner.run(ChainingBuildActionRunner.java:35)
	at org.gradle.tooling.internal.provider.ValidatingBuildActionRunner.run(ValidatingBuildActionRunner.java:32)
	at org.gradle.launcher.exec.RunAsBuildOperationBuildActionRunner$1.run(RunAsBuildOperationBuildActionRunner.java:43)
	at org.gradle.internal.progress.DefaultBuildOperationExecutor$RunnableBuildOperationWorker.execute(DefaultBuildOperationExecutor.java:336)
	at org.gradle.internal.progress.DefaultBuildOperationExecutor$RunnableBuildOperationWorker.execute(DefaultBuildOperationExecutor.java:328)
	at org.gradle.internal.progress.DefaultBuildOperationExecutor.execute(DefaultBuildOperationExecutor.java:197)
	at org.gradle.internal.progress.DefaultBuildOperationExecutor.run(DefaultBuildOperationExecutor.java:107)
	at org.gradle.launcher.exec.RunAsBuildOperationBuildActionRunner.run(RunAsBuildOperationBuildActionRunner.java:40)
	at org.gradle.tooling.internal.provider.SubscribableBuildActionRunner.run(SubscribableBuildActionRunner.java:51)
	at org.gradle.launcher.exec.InProcessBuildActionExecuter.execute(InProcessBuildActionExecuter.java:45)
	at org.gradle.launcher.exec.InProcessBuildActionExecuter.execute(InProcessBuildActionExecuter.java:29)
	at org.gradle.launcher.exec.BuildTreeScopeBuildActionExecuter.execute(BuildTreeScopeBuildActionExecuter.java:39)
	at org.gradle.launcher.exec.BuildTreeScopeBuildActionExecuter.execute(BuildTreeScopeBuildActionExecuter.java:25)
	at org.gradle.tooling.internal.provider.ContinuousBuildActionExecuter.execute(ContinuousBuildActionExecuter.java:71)
	at org.gradle.tooling.internal.provider.ContinuousBuildActionExecuter.execute(ContinuousBuildActionExecuter.java:45)
	at org.gradle.tooling.internal.provider.ServicesSetupBuildActionExecuter.execute(ServicesSetupBuildActionExecuter.java:51)
	at org.gradle.tooling.internal.provider.ServicesSetupBuildActionExecuter.execute(ServicesSetupBuildActionExecuter.java:32)
	at org.gradle.tooling.internal.provider.GradleThreadBuildActionExecuter.execute(GradleThreadBuildActionExecuter.java:36)
	at org.gradle.tooling.internal.provider.GradleThreadBuildActionExecuter.execute(GradleThreadBuildActionExecuter.java:25)
	at org.gradle.tooling.internal.provider.ParallelismConfigurationBuildActionExecuter.execute(ParallelismConfigurationBuildActionExecuter.java:43)
	at org.gradle.tooling.internal.provider.ParallelismConfigurationBuildActionExecuter.execute(ParallelismConfigurationBuildActionExecuter.java:29)
	at org.gradle.tooling.internal.provider.StartParamsValidatingActionExecuter.execute(StartParamsValidatingActionExecuter.java:64)
	at org.gradle.tooling.internal.provider.StartParamsValidatingActionExecuter.execute(StartParamsValidatingActionExecuter.java:29)
	at org.gradle.tooling.internal.provider.SessionFailureReportingActionExecuter.execute(SessionFailureReportingActionExecuter.java:55)
	at org.gradle.tooling.internal.provider.SessionFailureReportingActionExecuter.execute(SessionFailureReportingActionExecuter.java:42)
	at org.gradle.tooling.internal.provider.SetupLoggingActionExecuter.execute(SetupLoggingActionExecuter.java:58)
	at org.gradle.tooling.internal.provider.SetupLoggingActionExecuter.execute(SetupLoggingActionExecuter.java:33)
	at org.gradle.launcher.cli.RunBuildAction.run(RunBuildAction.java:51)
	at org.gradle.internal.Actions$RunnableActionAdapter.execute(Actions.java:173)
	at org.gradle.launcher.cli.CommandLineActionFactory$ParseAndBuildAction.execute(CommandLineActionFactory.java:287)
	at org.gradle.launcher.cli.CommandLineActionFactory$ParseAndBuildAction.execute(CommandLineActionFactory.java:260)
	at org.gradle.launcher.cli.JavaRuntimeValidationAction.execute(JavaRuntimeValidationAction.java:33)
	at org.gradle.launcher.cli.JavaRuntimeValidationAction.execute(JavaRuntimeValidationAction.java:24)
	at org.gradle.launcher.cli.ExceptionReportingAction.execute(ExceptionReportingAction.java:33)
	at org.gradle.launcher.cli.ExceptionReportingAction.execute(ExceptionReportingAction.java:22)
	at org.gradle.launcher.cli.CommandLineActionFactory$WithLogging.execute(CommandLineActionFactory.java:253)
	at org.gradle.launcher.cli.CommandLineActionFactory$WithLogging.execute(CommandLineActionFactory.java:182)
	at org.gradle.launcher.Main.doAction(Main.java:33)
	at org.gradle.launcher.bootstrap.EntryPoint.run(EntryPoint.java:45)
	at org.gradle.launcher.bootstrap.ProcessBootstrap.runNoExit(ProcessBootstrap.java:60)
	at org.gradle.launcher.bootstrap.ProcessBootstrap.run(ProcessBootstrap.java:37)
	at org.gradle.launcher.GradleMain.main(GradleMain.java:23)
	at org.gradle.wrapper.BootstrapMainStarter.start(BootstrapMainStarter.java:30)
	at org.gradle.wrapper.WrapperExecutor.execute(WrapperExecutor.java:129)
	at org.gradle.wrapper.GradleWrapperMain.main(GradleWrapperMain.java:61)


* Get more help at https://help.gradle.org

BUILD FAILED in 5s

2018-08-20 14:43:31,729 ERROR ProjectBuildService - Excluded tasks were detected wrong
2018-08-20 14:43:31,729 INFO  SysUtils - Execute command: [/var/folders/bq/vtzpc5ns5sg2cthy61lqpg3dfzgbys/T/1534750996715-0/src/slider-master/gradlew, -b, /var/folders/bq/vtzpc5ns5sg2cthy61lqpg3dfzgbys/T/1534750996715-0/src/slider-master/demo/build.gradle, -Dorg.gradle.daemon=false, -Dorg.gradle.daemon.performance.enable-monitoring=false, -Dorg.gradle.configureondemand=true, --stacktrace, build]
2018-08-20 14:44:06,704 INFO  SysUtils - Configuration on demand is an incubating feature.
Configuration 'compile' in project ':slider' is deprecated. Use 'implementation' instead.
:demo:preBuild UP-TO-DATE
:slider:preBuild UP-TO-DATE
:slider:preDebugBuild UP-TO-DATE
:slider:checkDebugManifest
:slider:processDebugManifest
:demo:preDebugBuild
Download https://jcenter.bintray.com/com/github/bumptech/glide/glide/3.7.0/glide-3.7.0.pom
:slider:compileDebugAidl
:demo:compileDebugAidl
:slider:packageDebugRenderscript NO-SOURCE
:demo:compileDebugRenderscript
:demo:checkDebugManifest
:demo:generateDebugBuildConfig
:demo:prepareLintJar
:demo:generateDebugResValues
:demo:generateDebugResources
:slider:compileDebugRenderscript
:slider:generateDebugResValues
:slider:generateDebugResources
:slider:packageDebugResources
:demo:mergeDebugResources
:demo:createDebugCompatibleScreenManifests
:demo:processDebugManifest
:demo:splitsDiscoveryTaskDebug
:slider:platformAttrExtractor
:slider:generateDebugBuildConfig
:slider:prepareLintJar
:slider:javaPreCompileDebug
Download https://jcenter.bintray.com/com/github/bumptech/glide/glide/3.7.0/glide-3.7.0.jar
:slider:processDebugJavaRes NO-SOURCE
:demo:compileDebugNdk NO-SOURCE
:demo:mergeDebugShaders
:demo:compileDebugShaders
:demo:generateDebugAssets
:slider:mergeDebugShaders
:slider:compileDebugShaders
:slider:generateDebugAssets
:slider:mergeDebugAssets
:demo:mergeDebugAssets
:demo:mergeDebugJniLibFolders
:slider:compileDebugNdk NO-SOURCE
:slider:mergeDebugJniLibFolders
:slider:transformNativeLibsWithMergeJniLibsForDebug
:slider:transformNativeLibsWithStripDebugSymbolForDebug
:slider:transformNativeLibsWithIntermediateJniLibsForDebug
:demo:processDebugJavaRes NO-SOURCE
:demo:validateSigningDebug
:slider:preReleaseBuild UP-TO-DATE
:slider:checkReleaseManifest
:slider:processReleaseManifest
:demo:preReleaseBuild
:slider:compileReleaseAidl
:demo:compileReleaseAidl
:slider:packageReleaseRenderscript NO-SOURCE
:demo:compileReleaseRenderscript
:demo:checkReleaseManifest
:demo:generateReleaseBuildConfig
:demo:generateReleaseResValues
:demo:generateReleaseResources
:slider:compileReleaseRenderscript
:slider:generateReleaseResValues
:slider:generateReleaseResources
:slider:packageReleaseResources
:demo:mergeReleaseResources
:demo:createReleaseCompatibleScreenManifests
:demo:processReleaseManifest
:demo:splitsDiscoveryTaskRelease
:slider:generateReleaseBuildConfig
:slider:javaPreCompileRelease
:slider:processReleaseJavaRes NO-SOURCE
:demo:compileReleaseNdk NO-SOURCE
:demo:mergeReleaseShaders
:demo:compileReleaseShaders
:demo:generateReleaseAssets
:slider:mergeReleaseShaders
:slider:compileReleaseShaders
:slider:generateReleaseAssets
:slider:mergeReleaseAssets
:demo:mergeReleaseAssets
:demo:mergeReleaseJniLibFolders
:slider:compileReleaseNdk NO-SOURCE
:slider:mergeReleaseJniLibFolders
:slider:transformNativeLibsWithMergeJniLibsForRelease
:slider:transformNativeLibsWithStripDebugSymbolForRelease
:slider:transformNativeLibsWithIntermediateJniLibsForRelease
:demo:processReleaseJavaRes NO-SOURCE
:demo:preDebugUnitTestBuild UP-TO-DATE
:demo:mockableAndroidJar
:demo:processDebugUnitTestJavaRes NO-SOURCE
:demo:preReleaseUnitTestBuild UP-TO-DATE
:demo:processReleaseUnitTestJavaRes NO-SOURCE
:slider:processDebugResources
:demo:processDebugResources
:demo:generateDebugSources
:slider:generateDebugSources
:slider:compileDebugJavaWithJavacNote: Some input files use or override a deprecated API.
Note: Recompile with -Xlint:deprecation for details.
Note: /private/var/folders/bq/vtzpc5ns5sg2cthy61lqpg3dfzgbys/T/1534750996715-0/src/slider-master/slider/src/main/java/ir/apend/slider/ui/adapter/SliderAdapter.java uses unchecked or unsafe operations.
Note: Recompile with -Xlint:unchecked for details.

:slider:transformClassesAndResourcesWithPrepareIntermediateJarsForDebug
:demo:javaPreCompileDebug
:demo:compileDebugJavaWithJavac
:demo:compileDebugSources
:demo:transformClassesWithDexBuilderForDebug
:demo:transformDexArchiveWithExternalLibsDexMergerForDebug
:demo:transformDexArchiveWithDexMergerForDebug
:demo:transformNativeLibsWithMergeJniLibsForDebug
:demo:transformNativeLibsWithStripDebugSymbolForDebug
:demo:transformResourcesWithMergeJavaResForDebug
:demo:packageDebug
:demo:assembleDebug
:slider:processReleaseResources
:demo:processReleaseResources
:demo:generateReleaseSources
:slider:generateReleaseSources
:slider:compileReleaseJavaWithJavacNote: Some input files use or override a deprecated API.
Note: Recompile with -Xlint:deprecation for details.
Note: /private/var/folders/bq/vtzpc5ns5sg2cthy61lqpg3dfzgbys/T/1534750996715-0/src/slider-master/slider/src/main/java/ir/apend/slider/ui/adapter/SliderAdapter.java uses unchecked or unsafe operations.
Note: Recompile with -Xlint:unchecked for details.

:slider:transformClassesAndResourcesWithPrepareIntermediateJarsForRelease
:demo:javaPreCompileRelease
:demo:compileReleaseJavaWithJavac
:demo:compileReleaseSources
:demo:lintVitalRelease SKIPPED
:demo:transformClassesWithPreDexForRelease
:demo:transformDexWithDexForRelease
:demo:transformNativeLibsWithMergeJniLibsForRelease
:demo:transformNativeLibsWithStripDebugSymbolForRelease
:demo:transformResourcesWithMergeJavaResForRelease
:demo:packageRelease
:demo:assembleRelease
:demo:assemble
:demo:lint
Ran lint on variant release: 4 issues found
Ran lint on variant debug: 4 issues found
Wrote HTML report to file:///private/var/folders/bq/vtzpc5ns5sg2cthy61lqpg3dfzgbys/T/1534750996715-0/src/slider-master/demo/build/reports/lint-results.html
Wrote XML report to file:///private/var/folders/bq/vtzpc5ns5sg2cthy61lqpg3dfzgbys/T/1534750996715-0/src/slider-master/demo/build/reports/lint-results.xml
:demo:javaPreCompileDebugUnitTest
:demo:compileDebugUnitTestJavaWithJavac NO-SOURCE
:demo:testDebugUnitTest NO-SOURCE
:demo:javaPreCompileReleaseUnitTest
:demo:compileReleaseUnitTestJavaWithJavac NO-SOURCE
:demo:testReleaseUnitTest NO-SOURCE
:demo:test UP-TO-DATE
:demo:check
:demo:build

BUILD SUCCESSFUL in 34s
91 actionable tasks: 91 executed

2018-08-20 14:44:06,778 INFO  FullProcessService - Found APK file: /var/folders/bq/vtzpc5ns5sg2cthy61lqpg3dfzgbys/T/1534750996715-0/src/slider-master/demo/release/demo-release.apk
