2019-10-30 12:26:19,164 INFO  DownloadService - Downloading "https://github.com/pwittchen/ReactiveBus/archive/master.zip", attempt 3
2019-10-30 12:26:19,718 INFO  DownloadService - Downloaded https://github.com/pwittchen/ReactiveBus/archive/master.zip, attempt 3
2019-10-30 12:26:19,718 INFO  DownloadService - Size of file "/var/folders/bq/vtzpc5ns5sg2cthy61lqpg3dfzgbys/T/1572413179155-0/master.zip": 73 KB
2019-10-30 12:26:19,718 INFO  ArchiveUtils - Checking entries [.gradle] in ZIP file...
2019-10-30 12:26:19,724 INFO  ArchiveUtils - Has entries [.gradle] in ZIP file /var/folders/bq/vtzpc5ns5sg2cthy61lqpg3dfzgbys/T/1572413179155-0/master.zip: true
2019-10-30 12:26:19,724 DEBUG ZipUtil - Extracting '/var/folders/bq/vtzpc5ns5sg2cthy61lqpg3dfzgbys/T/1572413179155-0/master.zip' into '/var/folders/bq/vtzpc5ns5sg2cthy61lqpg3dfzgbys/T/1572413179155-0/src'.
2019-10-30 12:26:19,734 INFO  FullProcessService - Size of directory with sources: 102 KB
2019-10-30 12:26:19,734 INFO  SysUtils - Execute command: [git, init, /var/folders/bq/vtzpc5ns5sg2cthy61lqpg3dfzgbys/T/1572413179155-0/src]
2019-10-30 12:26:19,753 INFO  SysUtils - Initialized empty Git repository in /private/var/folders/bq/vtzpc5ns5sg2cthy61lqpg3dfzgbys/T/1572413179155-0/src/.git/

2019-10-30 12:26:19,754 INFO  ProjectBuildService - Gradle wrapper(s): /var/folders/bq/vtzpc5ns5sg2cthy61lqpg3dfzgbys/T/1572413179155-0/src/ReactiveBus-master/gradlew
2019-10-30 12:26:19,756 INFO  ProjectBuildService - Build script(s): /var/folders/bq/vtzpc5ns5sg2cthy61lqpg3dfzgbys/T/1572413179155-0/src/ReactiveBus-master/build.gradle /var/folders/bq/vtzpc5ns5sg2cthy61lqpg3dfzgbys/T/1572413179155-0/src/ReactiveBus-master/library/build.gradle
2019-10-30 12:26:19,757 INFO  ProjectBuildService - All script(s): /var/folders/bq/vtzpc5ns5sg2cthy61lqpg3dfzgbys/T/1572413179155-0/src/ReactiveBus-master/maven_push.gradle /var/folders/bq/vtzpc5ns5sg2cthy61lqpg3dfzgbys/T/1572413179155-0/src/ReactiveBus-master/library/build.gradle /var/folders/bq/vtzpc5ns5sg2cthy61lqpg3dfzgbys/T/1572413179155-0/src/ReactiveBus-master/library/settings.gradle /var/folders/bq/vtzpc5ns5sg2cthy61lqpg3dfzgbys/T/1572413179155-0/src/ReactiveBus-master/build.gradle /var/folders/bq/vtzpc5ns5sg2cthy61lqpg3dfzgbys/T/1572413179155-0/src/ReactiveBus-master/settings.gradle
2019-10-30 12:26:19,758 INFO  ProjectBuildService - Remote scripts: none
2019-10-30 12:26:19,758 INFO  ProjectFixService - Fixing project...
2019-10-30 12:26:19,762 INFO  LocalPropertiesFixService - Created fake /var/folders/bq/vtzpc5ns5sg2cthy61lqpg3dfzgbys/T/1572413179155-0/src/ReactiveBus-master/local.properties
2019-10-30 12:26:19,763 INFO  WrapperPropertiesFixService - Gradle wrapper: https://services.gradle.org/distributions/gradle-5.1.1-all.zip
2019-10-30 12:26:19,763 INFO  WrapperPropertiesFixService - Gradle wrapper was changed from "-all.zip" to "-bin.zip" (https://services.gradle.org/distributions/gradle-5.1.1-bin.zip)
2019-10-30 12:26:19,765 INFO  ProjectFixService - Build info for "/var/folders/bq/vtzpc5ns5sg2cthy61lqpg3dfzgbys/T/1572413179155-0/src/ReactiveBus-master/build.gradle": [buildToolsVersion=<null>,compileSdkVersion=<null>,minSdkVersion=<null>,targetSdkVersion=<null>]
2019-10-30 12:26:19,765 INFO  ProjectFixService - Fixed build info for "/var/folders/bq/vtzpc5ns5sg2cthy61lqpg3dfzgbys/T/1572413179155-0/src/ReactiveBus-master/build.gradle": [buildToolsVersion=28.0.0-rc2,compileSdkVersion=29,minSdkVersion=29,targetSdkVersion=29]
2019-10-30 12:26:19,766 INFO  LocalPropertiesFixService - Created fake /var/folders/bq/vtzpc5ns5sg2cthy61lqpg3dfzgbys/T/1572413179155-0/src/ReactiveBus-master/library/local.properties
2019-10-30 12:26:19,767 INFO  ProjectFixService - Build info for "/var/folders/bq/vtzpc5ns5sg2cthy61lqpg3dfzgbys/T/1572413179155-0/src/ReactiveBus-master/library/build.gradle": [buildToolsVersion=<null>,compileSdkVersion=<null>,minSdkVersion=<null>,targetSdkVersion=<null>]
2019-10-30 12:26:19,767 INFO  ProjectFixService - Fixed build info for "/var/folders/bq/vtzpc5ns5sg2cthy61lqpg3dfzgbys/T/1572413179155-0/src/ReactiveBus-master/library/build.gradle": [buildToolsVersion=28.0.0-rc2,compileSdkVersion=29,minSdkVersion=29,targetSdkVersion=29]
2019-10-30 12:26:19,768 INFO  ProjectFixService - Project was maybe fixed
2019-10-30 12:26:19,768 INFO  ProjectTaskService - Detecting possible tasks...
2019-10-30 12:26:19,768 INFO  SysUtils - Execute command: [/var/folders/bq/vtzpc5ns5sg2cthy61lqpg3dfzgbys/T/1572413179155-0/src/ReactiveBus-master/gradlew, -b, /var/folders/bq/vtzpc5ns5sg2cthy61lqpg3dfzgbys/T/1572413179155-0/src/ReactiveBus-master/build.gradle, -Dorg.gradle.daemon=false, -Dorg.gradle.daemon.performance.enable-monitoring=false, -Dorg.gradle.configureondemand=true, tasks]
2019-10-30 12:26:23,639 INFO  ProjectTaskService - Detected possible tasks: 51
2019-10-30 12:26:23,639 INFO  ProjectTaskService - Excluded tasks (3): javadoc test check
2019-10-30 12:26:23,639 INFO  SysUtils - Execute command: [/var/folders/bq/vtzpc5ns5sg2cthy61lqpg3dfzgbys/T/1572413179155-0/src/ReactiveBus-master/gradlew, -b, /var/folders/bq/vtzpc5ns5sg2cthy61lqpg3dfzgbys/T/1572413179155-0/src/ReactiveBus-master/build.gradle, -Dorg.gradle.daemon=false, -Dorg.gradle.daemon.performance.enable-monitoring=false, -Dorg.gradle.configureondemand=true, --stacktrace, -x, javadoc, -x, test, -x, check, build]
2019-10-30 12:26:30,847 INFO  SysUtils - Configuration on demand is an incubating feature.

> Task :library:compileJava
warning: [options] bootstrap class path not set in conjunction with -source 1.7
1 warning

> Task :library:processResources NO-SOURCE
> Task :library:classes
> Task :library:jar
> Task :library:javadocJar
> Task :library:sourceJar
> Task :library:signArchives SKIPPED
> Task :library:assemble
> Task :library:build

Deprecated Gradle features were used in this build, making it incompatible with Gradle 6.0.
Use '--warning-mode all' to show the individual deprecation warnings.
See https://docs.gradle.org/5.1.1/userguide/command_line_interface.html#sec:command_line_warnings

BUILD SUCCESSFUL in 7s
4 actionable tasks: 4 executed

2019-10-30 12:26:30,850 INFO  ProjectTaskService - Detecting possible tasks...
2019-10-30 12:26:30,850 INFO  SysUtils - Execute command: [/var/folders/bq/vtzpc5ns5sg2cthy61lqpg3dfzgbys/T/1572413179155-0/src/ReactiveBus-master/gradlew, -b, /var/folders/bq/vtzpc5ns5sg2cthy61lqpg3dfzgbys/T/1572413179155-0/src/ReactiveBus-master/library/build.gradle, -Dorg.gradle.daemon=false, -Dorg.gradle.daemon.performance.enable-monitoring=false, -Dorg.gradle.configureondemand=true, tasks]
2019-10-30 12:26:34,137 INFO  ProjectTaskService - Detected possible tasks: 55
2019-10-30 12:26:34,137 INFO  ProjectTaskService - Excluded tasks (3): javadoc test check
2019-10-30 12:26:34,137 INFO  SysUtils - Execute command: [/var/folders/bq/vtzpc5ns5sg2cthy61lqpg3dfzgbys/T/1572413179155-0/src/ReactiveBus-master/gradlew, -b, /var/folders/bq/vtzpc5ns5sg2cthy61lqpg3dfzgbys/T/1572413179155-0/src/ReactiveBus-master/library/build.gradle, -Dorg.gradle.daemon=false, -Dorg.gradle.daemon.performance.enable-monitoring=false, -Dorg.gradle.configureondemand=true, --stacktrace, -x, javadoc, -x, test, -x, check, build]
2019-10-30 12:26:37,519 ERROR SysUtils - Could not process external command
org.apache.commons.exec.ExecuteException: Process exited with an error: 1 (Exit value: 1)
	at org.apache.commons.exec.DefaultExecutor.executeInternal(DefaultExecutor.java:404)
	at org.apache.commons.exec.DefaultExecutor.execute(DefaultExecutor.java:166)
	at com.github.vbauer.apkmaster.util.SysUtils.execute(SysUtils.java:67)
	at com.github.vbauer.apkmaster.util.SysUtils.executeSimple(SysUtils.java:43)
	at com.github.vbauer.apkmaster.service.assembly.ProjectBuildService.buildProject(ProjectBuildService.java:78)
	at com.github.vbauer.apkmaster.service.assembly.ProjectBuildService.buildProject(ProjectBuildService.java:64)
	at com.github.vbauer.apkmaster.service.assembly.ProjectBuildService.buildProject(ProjectBuildService.java:43)
	at com.github.vbauer.apkmaster.service.FullProcessService.build(FullProcessService.java:84)
	at com.github.vbauer.apkmaster.service.FullProcessService.process(FullProcessService.java:34)
	at com.github.vbauer.apkmaster.app.MainApplication.process(MainApplication.java:38)
	at com.github.vbauer.apkmaster.app.MainApplication.main(MainApplication.java:20)
	at sun.reflect.GeneratedMethodAccessor8.invoke(Unknown Source)
	at sun.reflect.DelegatingMethodAccessorImpl.invoke(DelegatingMethodAccessorImpl.java:43)
	at java.lang.reflect.Method.invoke(Method.java:498)
	at com.android.arsenal.util.ReflectionUtils.invoke(ReflectionUtils.java:52)
	at com.android.arsenal.util.ApkMasterUtils.main(ApkMasterUtils.java:30)
	at com.android.arsenal.service.processor.impl.BuildProcessorServiceImpl.buildProject(BuildProcessorServiceImpl.java:196)
	at com.android.arsenal.service.processor.impl.BuildProcessorServiceImpl.build(BuildProcessorServiceImpl.java:130)
	at com.android.arsenal.service.processor.impl.BuildProcessorServiceImpl.lambda$null$1(BuildProcessorServiceImpl.java:113)
	at java.util.concurrent.FutureTask.run(FutureTask.java:266)
	at java.util.concurrent.Executors$RunnableAdapter.call(Executors.java:511)
	at java.util.concurrent.FutureTask.run(FutureTask.java:266)
	at java.util.concurrent.ThreadPoolExecutor.runWorker(ThreadPoolExecutor.java:1149)
	at java.util.concurrent.ThreadPoolExecutor$Worker.run(ThreadPoolExecutor.java:624)
	at java.lang.Thread.run(Thread.java:748)
2019-10-30 12:26:37,519 INFO  SysUtils - Configuration on demand is an incubating feature.
> Task :compileJava FAILED

FAILURE: Build failed with an exception.

* What went wrong:
Execution failed for task ':compileJava'.
> Could not resolve all files for configuration ':compileClasspath'.
   > Cannot resolve external dependency io.reactivex.rxjava2:rxjava:2.2.13 because no repositories are defined.
     Required by:
         project :

* Try:
Run with --info or --debug option to get more log output. Run with --scan to get full insights.

* Exception is:
org.gradle.api.tasks.TaskExecutionException: Execution failed for task ':compileJava'.
	at org.gradle.api.internal.tasks.execution.CatchExceptionTaskExecuter.execute(CatchExceptionTaskExecuter.java:38)
	at org.gradle.api.internal.tasks.execution.EventFiringTaskExecuter$1.executeTask(EventFiringTaskExecuter.java:67)
	at org.gradle.api.internal.tasks.execution.EventFiringTaskExecuter$1.call(EventFiringTaskExecuter.java:52)
	at org.gradle.api.internal.tasks.execution.EventFiringTaskExecuter$1.call(EventFiringTaskExecuter.java:49)
	at org.gradle.internal.operations.DefaultBuildOperationExecutor$CallableBuildOperationWorker.execute(DefaultBuildOperationExecutor.java:315)
	at org.gradle.internal.operations.DefaultBuildOperationExecutor$CallableBuildOperationWorker.execute(DefaultBuildOperationExecutor.java:305)
	at org.gradle.internal.operations.DefaultBuildOperationExecutor.execute(DefaultBuildOperationExecutor.java:175)
	at org.gradle.internal.operations.DefaultBuildOperationExecutor.call(DefaultBuildOperationExecutor.java:101)
	at org.gradle.internal.operations.DelegatingBuildOperationExecutor.call(DelegatingBuildOperationExecutor.java:36)
	at org.gradle.api.internal.tasks.execution.EventFiringTaskExecuter.execute(EventFiringTaskExecuter.java:49)
	at org.gradle.execution.plan.LocalTaskNodeExecutor.execute(LocalTaskNodeExecutor.java:43)
	at org.gradle.execution.taskgraph.DefaultTaskExecutionGraph$InvokeNodeExecutorsAction.execute(DefaultTaskExecutionGraph.java:355)
	at org.gradle.execution.taskgraph.DefaultTaskExecutionGraph$InvokeNodeExecutorsAction.execute(DefaultTaskExecutionGraph.java:343)
	at org.gradle.execution.taskgraph.DefaultTaskExecutionGraph$BuildOperationAwareExecutionAction.execute(DefaultTaskExecutionGraph.java:336)
	at org.gradle.execution.taskgraph.DefaultTaskExecutionGraph$BuildOperationAwareExecutionAction.execute(DefaultTaskExecutionGraph.java:322)
	at org.gradle.execution.plan.DefaultPlanExecutor$ExecutorWorker$1.execute(DefaultPlanExecutor.java:134)
	at org.gradle.execution.plan.DefaultPlanExecutor$ExecutorWorker$1.execute(DefaultPlanExecutor.java:129)
	at org.gradle.execution.plan.DefaultPlanExecutor$ExecutorWorker.execute(DefaultPlanExecutor.java:202)
	at org.gradle.execution.plan.DefaultPlanExecutor$ExecutorWorker.executeNextNode(DefaultPlanExecutor.java:193)
	at org.gradle.execution.plan.DefaultPlanExecutor$ExecutorWorker.run(DefaultPlanExecutor.java:129)
	at org.gradle.internal.concurrent.ExecutorPolicy$CatchAndRecordFailures.onExecute(ExecutorPolicy.java:63)
	at org.gradle.internal.concurrent.ManagedExecutorImpl$1.run(ManagedExecutorImpl.java:46)
	at org.gradle.internal.concurrent.ThreadFactoryImpl$ManagedThreadRunnable.run(ThreadFactoryImpl.java:55)
Caused by: org.gradle.api.internal.artifacts.ivyservice.DefaultLenientConfiguration$ArtifactResolveException: Could not resolve all files for configuration ':compileClasspath'.
	at org.gradle.api.internal.artifacts.configurations.DefaultConfiguration.rethrowFailure(DefaultConfiguration.java:1175)
	at org.gradle.api.internal.artifacts.configurations.DefaultConfiguration.access$2100(DefaultConfiguration.java:135)
	at org.gradle.api.internal.artifacts.configurations.DefaultConfiguration$ConfigurationFileCollection.getFiles(DefaultConfiguration.java:1150)
	at org.gradle.api.internal.file.AbstractFileCollection.iterator(AbstractFileCollection.java:72)
	at org.gradle.api.internal.artifacts.configurations.DefaultConfiguration.iterator(DefaultConfiguration.java:462)
	at org.gradle.internal.snapshot.impl.DefaultFileSystemSnapshotter$FileCollectionLeafVisitorImpl.visitCollection(DefaultFileSystemSnapshotter.java:240)
	at org.gradle.api.internal.file.AbstractFileCollection.visitLeafCollections(AbstractFileCollection.java:233)
	at org.gradle.api.internal.file.CompositeFileCollection.visitLeafCollections(CompositeFileCollection.java:205)
	at org.gradle.internal.snapshot.impl.DefaultFileSystemSnapshotter.snapshot(DefaultFileSystemSnapshotter.java:126)
	at org.gradle.internal.fingerprint.impl.AbstractFileCollectionFingerprinter.fingerprint(AbstractFileCollectionFingerprinter.java:47)
	at org.gradle.internal.fingerprint.classpath.impl.DefaultCompileClasspathFingerprinter.fingerprint(DefaultCompileClasspathFingerprinter.java:45)
	at org.gradle.api.internal.changedetection.changes.TaskFingerprintUtil.fingerprintTaskFiles(TaskFingerprintUtil.java:82)
	at org.gradle.api.internal.changedetection.state.CacheBackedTaskHistoryRepository.createExecution(CacheBackedTaskHistoryRepository.java:123)
	at org.gradle.api.internal.changedetection.state.CacheBackedTaskHistoryRepository.access$100(CacheBackedTaskHistoryRepository.java:46)
	at org.gradle.api.internal.changedetection.state.CacheBackedTaskHistoryRepository$1.getBeforeExecutionState(CacheBackedTaskHistoryRepository.java:86)
	at org.gradle.api.internal.changedetection.changes.DefaultTaskArtifactStateRepository$TaskArtifactStateImpl.getExecutionStateChanges(DefaultTaskArtifactStateRepository.java:189)
	at org.gradle.api.internal.tasks.execution.ExecuteActionsTaskExecuter$TaskExecution.getChangesSincePreviousExecution(ExecuteActionsTaskExecuter.java:182)
	at org.gradle.internal.execution.impl.steps.SkipUpToDateStep.execute(SkipUpToDateStep.java:52)
	at org.gradle.internal.execution.impl.steps.SkipUpToDateStep.execute(SkipUpToDateStep.java:36)
	at org.gradle.internal.execution.impl.DefaultWorkExecutor.execute(DefaultWorkExecutor.java:34)
	at org.gradle.api.internal.tasks.execution.ExecuteActionsTaskExecuter.execute(ExecuteActionsTaskExecuter.java:91)
	at org.gradle.api.internal.tasks.execution.ResolveTaskOutputCachingStateExecuter.execute(ResolveTaskOutputCachingStateExecuter.java:91)
	at org.gradle.api.internal.tasks.execution.ValidatingTaskExecuter.execute(ValidatingTaskExecuter.java:57)
	at org.gradle.api.internal.tasks.execution.SkipEmptySourceFilesTaskExecuter.execute(SkipEmptySourceFilesTaskExecuter.java:119)
	at org.gradle.api.internal.tasks.execution.ResolvePreviousStateExecuter.execute(ResolvePreviousStateExecuter.java:43)
	at org.gradle.api.internal.tasks.execution.CleanupStaleOutputsExecuter.execute(CleanupStaleOutputsExecuter.java:93)
	at org.gradle.api.internal.tasks.execution.FinalizePropertiesTaskExecuter.execute(FinalizePropertiesTaskExecuter.java:45)
	at org.gradle.api.internal.tasks.execution.ResolveTaskArtifactStateTaskExecuter.execute(ResolveTaskArtifactStateTaskExecuter.java:94)
	at org.gradle.api.internal.tasks.execution.SkipTaskWithNoActionsExecuter.execute(SkipTaskWithNoActionsExecuter.java:56)
	at org.gradle.api.internal.tasks.execution.SkipOnlyIfTaskExecuter.execute(SkipOnlyIfTaskExecuter.java:55)
	at org.gradle.api.internal.tasks.execution.CatchExceptionTaskExecuter.execute(CatchExceptionTaskExecuter.java:36)
	... 22 more
Caused by: org.gradle.internal.resolve.ModuleVersionNotFoundException: Cannot resolve external dependency io.reactivex.rxjava2:rxjava:2.2.13 because no repositories are defined.
Required by:
    project :
	at org.gradle.api.internal.artifacts.ivyservice.ivyresolve.NoRepositoriesResolver.resolve(NoRepositoriesResolver.java:70)
	at org.gradle.api.internal.artifacts.ivyservice.resolveengine.ComponentResolversChain$DependencyToComponentIdResolverChain.resolve(ComponentResolversChain.java:153)
	at org.gradle.api.internal.artifacts.ivyservice.resolveengine.graph.builder.SelectorState.resolve(SelectorState.java:190)
	at org.gradle.api.internal.artifacts.ivyservice.resolveengine.graph.builder.SelectorState.resolve(SelectorState.java:167)
	at org.gradle.api.internal.artifacts.ivyservice.resolveengine.graph.selectors.SelectorStateResolver.resolveSingleSelector(SelectorStateResolver.java:110)
	at org.gradle.api.internal.artifacts.ivyservice.resolveengine.graph.selectors.SelectorStateResolver.resolveSelectors(SelectorStateResolver.java:96)
	at org.gradle.api.internal.artifacts.ivyservice.resolveengine.graph.selectors.SelectorStateResolver.selectBest(SelectorStateResolver.java:60)
	at org.gradle.api.internal.artifacts.ivyservice.resolveengine.graph.builder.ModuleResolveState.maybeUpdateSelection(ModuleResolveState.java:362)
	at org.gradle.api.internal.artifacts.ivyservice.resolveengine.graph.builder.DependencyGraphBuilder.performSelection(DependencyGraphBuilder.java:245)
	at org.gradle.api.internal.artifacts.ivyservice.resolveengine.graph.builder.DependencyGraphBuilder.performSelectionSerially(DependencyGraphBuilder.java:228)
	at org.gradle.api.internal.artifacts.ivyservice.resolveengine.graph.builder.DependencyGraphBuilder.resolveEdges(DependencyGraphBuilder.java:215)
	at org.gradle.api.internal.artifacts.ivyservice.resolveengine.graph.builder.DependencyGraphBuilder.traverseGraph(DependencyGraphBuilder.java:170)
	at org.gradle.api.internal.artifacts.ivyservice.resolveengine.graph.builder.DependencyGraphBuilder.resolve(DependencyGraphBuilder.java:131)
	at org.gradle.api.internal.artifacts.ivyservice.resolveengine.DefaultArtifactDependencyResolver.resolve(DefaultArtifactDependencyResolver.java:121)
	at org.gradle.api.internal.artifacts.ivyservice.DefaultConfigurationResolver.resolveGraph(DefaultConfigurationResolver.java:171)
	at org.gradle.api.internal.artifacts.ivyservice.ShortCircuitEmptyConfigurationResolver.resolveGraph(ShortCircuitEmptyConfigurationResolver.java:86)
	at org.gradle.api.internal.artifacts.ivyservice.ErrorHandlingConfigurationResolver.resolveGraph(ErrorHandlingConfigurationResolver.java:73)
	at org.gradle.api.internal.artifacts.configurations.DefaultConfiguration$7.run(DefaultConfiguration.java:580)
	at org.gradle.internal.operations.DefaultBuildOperationExecutor$RunnableBuildOperationWorker.execute(DefaultBuildOperationExecutor.java:301)
	at org.gradle.internal.operations.DefaultBuildOperationExecutor$RunnableBuildOperationWorker.execute(DefaultBuildOperationExecutor.java:293)
	at org.gradle.internal.operations.DefaultBuildOperationExecutor.execute(DefaultBuildOperationExecutor.java:175)
	at org.gradle.internal.operations.DefaultBuildOperationExecutor.run(DefaultBuildOperationExecutor.java:91)
	at org.gradle.internal.operations.DelegatingBuildOperationExecutor.run(DelegatingBuildOperationExecutor.java:31)
	at org.gradle.api.internal.artifacts.configurations.DefaultConfiguration.resolveGraphIfRequired(DefaultConfiguration.java:571)
	at org.gradle.api.internal.artifacts.configurations.DefaultConfiguration.access$600(DefaultConfiguration.java:135)
	at org.gradle.api.internal.artifacts.configurations.DefaultConfiguration$6.run(DefaultConfiguration.java:551)
	at org.gradle.api.internal.project.DefaultProjectStateRegistry$SafeExclusiveLockImpl.withLock(DefaultProjectStateRegistry.java:244)
	at org.gradle.api.internal.artifacts.configurations.DefaultConfiguration.resolveExclusively(DefaultConfiguration.java:547)
	at org.gradle.api.internal.artifacts.configurations.DefaultConfiguration.resolveToStateOrLater(DefaultConfiguration.java:542)
	at org.gradle.api.internal.artifacts.configurations.DefaultConfiguration.access$2200(DefaultConfiguration.java:135)
	at org.gradle.api.internal.artifacts.configurations.DefaultConfiguration$ConfigurationFileCollection.getSelectedArtifacts(DefaultConfiguration.java:1158)
	at org.gradle.api.internal.artifacts.configurations.DefaultConfiguration$ConfigurationFileCollection.getFiles(DefaultConfiguration.java:1147)
	... 50 more


* Get more help at https://help.gradle.org

Deprecated Gradle features were used in this build, making it incompatible with Gradle 6.0.
Use '--warning-mode all' to show the individual deprecation warnings.
See https://docs.gradle.org/5.1.1/userguide/command_line_interface.html#sec:command_line_warnings

BUILD FAILED in 3s
1 actionable task: 1 executed

2019-10-30 12:26:37,522 ERROR FullProcessService - Project build has not produced APK file
2019-10-30 12:26:37,525 ERROR FullProcessService - Could not find generated or existed APK file
