2019-04-11 15:59:21,846 INFO  DownloadService - Downloading "https://github.com/warkiz/TickSeekBar/archive/master.zip", attempt 3
2019-04-11 15:59:36,814 INFO  DownloadService - Downloaded https://github.com/warkiz/TickSeekBar/archive/master.zip, attempt 3
2019-04-11 15:59:36,814 INFO  DownloadService - Size of file "/var/folders/bq/vtzpc5ns5sg2cthy61lqpg3dfzgbys/T/1554973161843-0/master.zip": 4 MB
2019-04-11 15:59:36,814 INFO  ArchiveUtils - Checking entries [.gradle] in ZIP file...
2019-04-11 15:59:36,816 INFO  ArchiveUtils - Has entries [.gradle] in ZIP file /var/folders/bq/vtzpc5ns5sg2cthy61lqpg3dfzgbys/T/1554973161843-0/master.zip: true
2019-04-11 15:59:36,816 DEBUG ZipUtil - Extracting '/var/folders/bq/vtzpc5ns5sg2cthy61lqpg3dfzgbys/T/1554973161843-0/master.zip' into '/var/folders/bq/vtzpc5ns5sg2cthy61lqpg3dfzgbys/T/1554973161843-0/src'.
2019-04-11 15:59:36,874 INFO  FullProcessService - Size of directory with sources: 5 MB
2019-04-11 15:59:36,874 INFO  SysUtils - Execute command: [git, init, /var/folders/bq/vtzpc5ns5sg2cthy61lqpg3dfzgbys/T/1554973161843-0/src]
2019-04-11 15:59:36,891 INFO  SysUtils - Initialized empty Git repository in /private/var/folders/bq/vtzpc5ns5sg2cthy61lqpg3dfzgbys/T/1554973161843-0/src/.git/

2019-04-11 15:59:36,894 INFO  ProjectBuildService - Gradle wrapper(s): /var/folders/bq/vtzpc5ns5sg2cthy61lqpg3dfzgbys/T/1554973161843-0/src/TickSeekBar-master/gradlew
2019-04-11 15:59:36,897 INFO  ProjectBuildService - Build script(s): /var/folders/bq/vtzpc5ns5sg2cthy61lqpg3dfzgbys/T/1554973161843-0/src/TickSeekBar-master/sample/build.gradle /var/folders/bq/vtzpc5ns5sg2cthy61lqpg3dfzgbys/T/1554973161843-0/src/TickSeekBar-master/tickseekbar/build.gradle /var/folders/bq/vtzpc5ns5sg2cthy61lqpg3dfzgbys/T/1554973161843-0/src/TickSeekBar-master/build.gradle
2019-04-11 15:59:36,900 INFO  ProjectBuildService - All script(s): /var/folders/bq/vtzpc5ns5sg2cthy61lqpg3dfzgbys/T/1554973161843-0/src/TickSeekBar-master/tickseekbar/build.gradle /var/folders/bq/vtzpc5ns5sg2cthy61lqpg3dfzgbys/T/1554973161843-0/src/TickSeekBar-master/build.gradle /var/folders/bq/vtzpc5ns5sg2cthy61lqpg3dfzgbys/T/1554973161843-0/src/TickSeekBar-master/sample/build.gradle /var/folders/bq/vtzpc5ns5sg2cthy61lqpg3dfzgbys/T/1554973161843-0/src/TickSeekBar-master/settings.gradle
2019-04-11 15:59:36,901 INFO  DownloadService - Downloading "https://raw.githubusercontent.com/nuuneoi/JCenter/master/bintrayv1.gradle", attempt 3
2019-04-11 15:59:36,988 INFO  DownloadService - Downloaded https://raw.githubusercontent.com/nuuneoi/JCenter/master/bintrayv1.gradle, attempt 3
2019-04-11 15:59:36,988 INFO  DownloadService - Downloading "https://raw.githubusercontent.com/nuuneoi/JCenter/master/installv1.gradle", attempt 3
2019-04-11 15:59:37,074 INFO  DownloadService - Downloaded https://raw.githubusercontent.com/nuuneoi/JCenter/master/installv1.gradle, attempt 3
2019-04-11 15:59:37,075 INFO  ProjectBuildService - Remote scripts: https://raw.githubusercontent.com/nuuneoi/JCenter/master/bintrayv1.gradle https://raw.githubusercontent.com/nuuneoi/JCenter/master/installv1.gradle
2019-04-11 15:59:37,075 INFO  ProjectFixService - Fixing project...
2019-04-11 15:59:37,086 INFO  LocalPropertiesFixService - Created fake /var/folders/bq/vtzpc5ns5sg2cthy61lqpg3dfzgbys/T/1554973161843-0/src/TickSeekBar-master/sample/local.properties
2019-04-11 15:59:37,087 INFO  ProjectFixService - Build info for "/var/folders/bq/vtzpc5ns5sg2cthy61lqpg3dfzgbys/T/1554973161843-0/src/TickSeekBar-master/sample/build.gradle": [buildToolsVersion=<null>,compileSdkVersion=27,minSdkVersion=14,targetSdkVersion=27]
2019-04-11 15:59:37,087 INFO  ProjectFixService - Fixed build info for "/var/folders/bq/vtzpc5ns5sg2cthy61lqpg3dfzgbys/T/1554973161843-0/src/TickSeekBar-master/sample/build.gradle": [buildToolsVersion=28.0.0-rc2,compileSdkVersion=27,minSdkVersion=14,targetSdkVersion=27]
2019-04-11 15:59:37,088 INFO  LocalPropertiesFixService - Created fake /var/folders/bq/vtzpc5ns5sg2cthy61lqpg3dfzgbys/T/1554973161843-0/src/TickSeekBar-master/tickseekbar/local.properties
2019-04-11 15:59:37,089 INFO  ProjectFixService - Build info for "/var/folders/bq/vtzpc5ns5sg2cthy61lqpg3dfzgbys/T/1554973161843-0/src/TickSeekBar-master/tickseekbar/build.gradle": [buildToolsVersion=<null>,compileSdkVersion=27,minSdkVersion=14,targetSdkVersion=27]
2019-04-11 15:59:37,089 INFO  ProjectFixService - Fixed build info for "/var/folders/bq/vtzpc5ns5sg2cthy61lqpg3dfzgbys/T/1554973161843-0/src/TickSeekBar-master/tickseekbar/build.gradle": [buildToolsVersion=28.0.0-rc2,compileSdkVersion=27,minSdkVersion=14,targetSdkVersion=27]
2019-04-11 15:59:37,090 INFO  LocalPropertiesFixService - Created fake /var/folders/bq/vtzpc5ns5sg2cthy61lqpg3dfzgbys/T/1554973161843-0/src/TickSeekBar-master/local.properties
2019-04-11 15:59:37,091 INFO  WrapperPropertiesFixService - Gradle wrapper: https://services.gradle.org/distributions/gradle-4.4-all.zip
2019-04-11 15:59:37,091 INFO  WrapperPropertiesFixService - Gradle wrapper was changed from "-all.zip" to "-bin.zip" (https://services.gradle.org/distributions/gradle-4.4-bin.zip)
2019-04-11 15:59:37,093 INFO  ProjectFixService - Build info for "/var/folders/bq/vtzpc5ns5sg2cthy61lqpg3dfzgbys/T/1554973161843-0/src/TickSeekBar-master/build.gradle": [buildToolsVersion=<null>,compileSdkVersion=27,minSdkVersion=14,targetSdkVersion=27]
2019-04-11 15:59:37,093 INFO  ProjectFixService - Fixed build info for "/var/folders/bq/vtzpc5ns5sg2cthy61lqpg3dfzgbys/T/1554973161843-0/src/TickSeekBar-master/build.gradle": [buildToolsVersion=28.0.0-rc2,compileSdkVersion=27,minSdkVersion=14,targetSdkVersion=27]
2019-04-11 15:59:37,093 INFO  ProjectFixService - Project was maybe fixed
2019-04-11 15:59:37,093 INFO  ProjectTaskService - Detecting possible tasks...
2019-04-11 15:59:37,094 INFO  SysUtils - Execute command: [/var/folders/bq/vtzpc5ns5sg2cthy61lqpg3dfzgbys/T/1554973161843-0/src/TickSeekBar-master/gradlew, -b, /var/folders/bq/vtzpc5ns5sg2cthy61lqpg3dfzgbys/T/1554973161843-0/src/TickSeekBar-master/sample/build.gradle, -Dorg.gradle.daemon=false, -Dorg.gradle.daemon.performance.enable-monitoring=false, -Dorg.gradle.configureondemand=true, tasks]
2019-04-11 15:59:43,417 INFO  ProjectTaskService - Detected possible tasks: 69
2019-04-11 15:59:43,417 INFO  ProjectTaskService - Excluded tasks (22): lintDebug mockableAndroidJar javadocJar deviceCheck lint testReleaseUnitTest javadoc uninstallRelease deviceAndroidTest uninstallDebugAndroidTest installDebugAndroidTest connectedCheck connectedDebugAndroidTest uninstallAll sourcesJar test check testDebugUnitTest connectedAndroidTest installDebug lintRelease uninstallDebug
2019-04-11 15:59:43,417 INFO  SysUtils - Execute command: [/var/folders/bq/vtzpc5ns5sg2cthy61lqpg3dfzgbys/T/1554973161843-0/src/TickSeekBar-master/gradlew, -b, /var/folders/bq/vtzpc5ns5sg2cthy61lqpg3dfzgbys/T/1554973161843-0/src/TickSeekBar-master/sample/build.gradle, -Dorg.gradle.daemon=false, -Dorg.gradle.daemon.performance.enable-monitoring=false, -Dorg.gradle.configureondemand=true, --stacktrace, -x, lintDebug, -x, mockableAndroidJar, -x, javadocJar, -x, deviceCheck, -x, lint, -x, testReleaseUnitTest, -x, javadoc, -x, uninstallRelease, -x, deviceAndroidTest, -x, uninstallDebugAndroidTest, -x, installDebugAndroidTest, -x, connectedCheck, -x, connectedDebugAndroidTest, -x, uninstallAll, -x, sourcesJar, -x, test, -x, check, -x, testDebugUnitTest, -x, connectedAndroidTest, -x, installDebug, -x, lintRelease, -x, uninstallDebug, build]
2019-04-11 15:59:48,972 ERROR SysUtils - Could not process external command
org.apache.commons.exec.ExecuteException: Process exited with an error: 1 (Exit value: 1)
	at org.apache.commons.exec.DefaultExecutor.executeInternal(DefaultExecutor.java:404)
	at org.apache.commons.exec.DefaultExecutor.execute(DefaultExecutor.java:166)
	at com.github.vbauer.apkmaster.util.SysUtils.execute(SysUtils.java:67)
	at com.github.vbauer.apkmaster.util.SysUtils.executeSimple(SysUtils.java:43)
	at com.github.vbauer.apkmaster.service.assembly.ProjectBuildService.buildProject(ProjectBuildService.java:78)
	at com.github.vbauer.apkmaster.service.assembly.ProjectBuildService.buildProject(ProjectBuildService.java:64)
	at com.github.vbauer.apkmaster.service.assembly.ProjectBuildService.buildProject(ProjectBuildService.java:43)
	at com.github.vbauer.apkmaster.service.FullProcessService.build(FullProcessService.java:84)
	at com.github.vbauer.apkmaster.service.FullProcessService.process(FullProcessService.java:34)
	at com.github.vbauer.apkmaster.app.MainApplication.process(MainApplication.java:38)
	at com.github.vbauer.apkmaster.app.MainApplication.main(MainApplication.java:20)
	at sun.reflect.GeneratedMethodAccessor8.invoke(Unknown Source)
	at sun.reflect.DelegatingMethodAccessorImpl.invoke(DelegatingMethodAccessorImpl.java:43)
	at java.lang.reflect.Method.invoke(Method.java:498)
	at com.android.arsenal.util.ReflectionUtils.invoke(ReflectionUtils.java:52)
	at com.android.arsenal.util.ApkMasterUtils.main(ApkMasterUtils.java:30)
	at com.android.arsenal.service.processor.impl.BuildProcessorServiceImpl.buildProject(BuildProcessorServiceImpl.java:196)
	at com.android.arsenal.service.processor.impl.BuildProcessorServiceImpl.build(BuildProcessorServiceImpl.java:130)
	at com.android.arsenal.service.processor.impl.BuildProcessorServiceImpl.lambda$null$1(BuildProcessorServiceImpl.java:113)
	at java.util.concurrent.FutureTask.run(FutureTask.java:266)
	at java.util.concurrent.Executors$RunnableAdapter.call(Executors.java:511)
	at java.util.concurrent.FutureTask.run(FutureTask.java:266)
	at java.util.concurrent.ThreadPoolExecutor.runWorker(ThreadPoolExecutor.java:1149)
	at java.util.concurrent.ThreadPoolExecutor$Worker.run(ThreadPoolExecutor.java:624)
	at java.lang.Thread.run(Thread.java:748)
2019-04-11 15:59:48,972 INFO  SysUtils - Configuration on demand is an incubating feature.

FAILURE: Build failed with an exception.

* What went wrong:
Task 'javadocJar' not found in project ':sample'.

* Try:
Run gradlew tasks to get a list of available tasks. Run with --info or --debug option to get more log output. Run with --scan to get full insights.

* Exception is:
org.gradle.execution.TaskSelectionException: Task 'javadocJar' not found in project ':sample'.
	at org.gradle.execution.TaskSelector.getSelection(TaskSelector.java:116)
	at org.gradle.execution.TaskSelector.getFilter(TaskSelector.java:66)
	at org.gradle.execution.ExcludedTaskFilteringBuildConfigurationAction.configure(ExcludedTaskFilteringBuildConfigurationAction.java:42)
	at org.gradle.execution.DefaultBuildConfigurationActionExecuter.configure(DefaultBuildConfigurationActionExecuter.java:48)
	at org.gradle.execution.DefaultBuildConfigurationActionExecuter.select(DefaultBuildConfigurationActionExecuter.java:36)
	at org.gradle.initialization.DefaultGradleLauncher$CalculateTaskGraph.run(DefaultGradleLauncher.java:268)
	at org.gradle.internal.progress.DefaultBuildOperationExecutor$RunnableBuildOperationWorker.execute(DefaultBuildOperationExecutor.java:336)
	at org.gradle.internal.progress.DefaultBuildOperationExecutor$RunnableBuildOperationWorker.execute(DefaultBuildOperationExecutor.java:328)
	at org.gradle.internal.progress.DefaultBuildOperationExecutor.execute(DefaultBuildOperationExecutor.java:199)
	at org.gradle.internal.progress.DefaultBuildOperationExecutor.run(DefaultBuildOperationExecutor.java:110)
	at org.gradle.initialization.DefaultGradleLauncher.constructTaskGraph(DefaultGradleLauncher.java:175)
	at org.gradle.initialization.DefaultGradleLauncher.doBuildStages(DefaultGradleLauncher.java:130)
	at org.gradle.initialization.DefaultGradleLauncher.executeTasks(DefaultGradleLauncher.java:109)
	at org.gradle.internal.invocation.GradleBuildController$1.call(GradleBuildController.java:78)
	at org.gradle.internal.invocation.GradleBuildController$1.call(GradleBuildController.java:75)
	at org.gradle.internal.work.DefaultWorkerLeaseService.withLocks(DefaultWorkerLeaseService.java:152)
	at org.gradle.internal.invocation.GradleBuildController.doBuild(GradleBuildController.java:100)
	at org.gradle.internal.invocation.GradleBuildController.run(GradleBuildController.java:75)
	at org.gradle.tooling.internal.provider.ExecuteBuildActionRunner.run(ExecuteBuildActionRunner.java:28)
	at org.gradle.launcher.exec.ChainingBuildActionRunner.run(ChainingBuildActionRunner.java:35)
	at org.gradle.tooling.internal.provider.ValidatingBuildActionRunner.run(ValidatingBuildActionRunner.java:32)
	at org.gradle.launcher.exec.RunAsBuildOperationBuildActionRunner$1.run(RunAsBuildOperationBuildActionRunner.java:43)
	at org.gradle.internal.progress.DefaultBuildOperationExecutor$RunnableBuildOperationWorker.execute(DefaultBuildOperationExecutor.java:336)
	at org.gradle.internal.progress.DefaultBuildOperationExecutor$RunnableBuildOperationWorker.execute(DefaultBuildOperationExecutor.java:328)
	at org.gradle.internal.progress.DefaultBuildOperationExecutor.execute(DefaultBuildOperationExecutor.java:199)
	at org.gradle.internal.progress.DefaultBuildOperationExecutor.run(DefaultBuildOperationExecutor.java:110)
	at org.gradle.launcher.exec.RunAsBuildOperationBuildActionRunner.run(RunAsBuildOperationBuildActionRunner.java:40)
	at org.gradle.tooling.internal.provider.SubscribableBuildActionRunner.run(SubscribableBuildActionRunner.java:51)
	at org.gradle.launcher.exec.InProcessBuildActionExecuter.execute(InProcessBuildActionExecuter.java:47)
	at org.gradle.launcher.exec.InProcessBuildActionExecuter.execute(InProcessBuildActionExecuter.java:30)
	at org.gradle.launcher.exec.BuildTreeScopeBuildActionExecuter.execute(BuildTreeScopeBuildActionExecuter.java:39)
	at org.gradle.launcher.exec.BuildTreeScopeBuildActionExecuter.execute(BuildTreeScopeBuildActionExecuter.java:25)
	at org.gradle.tooling.internal.provider.ContinuousBuildActionExecuter.execute(ContinuousBuildActionExecuter.java:80)
	at org.gradle.tooling.internal.provider.ContinuousBuildActionExecuter.execute(ContinuousBuildActionExecuter.java:53)
	at org.gradle.tooling.internal.provider.ServicesSetupBuildActionExecuter.execute(ServicesSetupBuildActionExecuter.java:57)
	at org.gradle.tooling.internal.provider.ServicesSetupBuildActionExecuter.execute(ServicesSetupBuildActionExecuter.java:32)
	at org.gradle.tooling.internal.provider.GradleThreadBuildActionExecuter.execute(GradleThreadBuildActionExecuter.java:36)
	at org.gradle.tooling.internal.provider.GradleThreadBuildActionExecuter.execute(GradleThreadBuildActionExecuter.java:25)
	at org.gradle.tooling.internal.provider.ParallelismConfigurationBuildActionExecuter.execute(ParallelismConfigurationBuildActionExecuter.java:43)
	at org.gradle.tooling.internal.provider.ParallelismConfigurationBuildActionExecuter.execute(ParallelismConfigurationBuildActionExecuter.java:29)
	at org.gradle.tooling.internal.provider.StartParamsValidatingActionExecuter.execute(StartParamsValidatingActionExecuter.java:69)
	at org.gradle.tooling.internal.provider.StartParamsValidatingActionExecuter.execute(StartParamsValidatingActionExecuter.java:30)
	at org.gradle.tooling.internal.provider.SessionFailureReportingActionExecuter.execute(SessionFailureReportingActionExecuter.java:59)
	at org.gradle.tooling.internal.provider.SessionFailureReportingActionExecuter.execute(SessionFailureReportingActionExecuter.java:44)
	at org.gradle.tooling.internal.provider.SetupLoggingActionExecuter.execute(SetupLoggingActionExecuter.java:45)
	at org.gradle.tooling.internal.provider.SetupLoggingActionExecuter.execute(SetupLoggingActionExecuter.java:30)
	at org.gradle.launcher.cli.RunBuildAction.run(RunBuildAction.java:51)
	at org.gradle.internal.Actions$RunnableActionAdapter.execute(Actions.java:173)
	at org.gradle.launcher.cli.CommandLineActionFactory$ParseAndBuildAction.execute(CommandLineActionFactory.java:291)
	at org.gradle.launcher.cli.CommandLineActionFactory$ParseAndBuildAction.execute(CommandLineActionFactory.java:264)
	at org.gradle.launcher.cli.JavaRuntimeValidationAction.execute(JavaRuntimeValidationAction.java:33)
	at org.gradle.launcher.cli.JavaRuntimeValidationAction.execute(JavaRuntimeValidationAction.java:24)
	at org.gradle.launcher.cli.ExceptionReportingAction.execute(ExceptionReportingAction.java:33)
	at org.gradle.launcher.cli.ExceptionReportingAction.execute(ExceptionReportingAction.java:22)
	at org.gradle.launcher.cli.CommandLineActionFactory$WithLogging.execute(CommandLineActionFactory.java:257)
	at org.gradle.launcher.cli.CommandLineActionFactory$WithLogging.execute(CommandLineActionFactory.java:191)
	at org.gradle.launcher.Main.doAction(Main.java:33)
	at org.gradle.launcher.bootstrap.EntryPoint.run(EntryPoint.java:45)
	at org.gradle.launcher.bootstrap.ProcessBootstrap.runNoExit(ProcessBootstrap.java:60)
	at org.gradle.launcher.bootstrap.ProcessBootstrap.run(ProcessBootstrap.java:37)
	at org.gradle.launcher.GradleMain.main(GradleMain.java:23)
	at org.gradle.wrapper.BootstrapMainStarter.start(BootstrapMainStarter.java:31)
	at org.gradle.wrapper.WrapperExecutor.execute(WrapperExecutor.java:108)
	at org.gradle.wrapper.GradleWrapperMain.main(GradleWrapperMain.java:61)


* Get more help at https://help.gradle.org

BUILD FAILED in 5s

2019-04-11 15:59:48,972 ERROR ProjectBuildService - Excluded tasks were detected wrong
2019-04-11 15:59:48,972 INFO  SysUtils - Execute command: [/var/folders/bq/vtzpc5ns5sg2cthy61lqpg3dfzgbys/T/1554973161843-0/src/TickSeekBar-master/gradlew, -b, /var/folders/bq/vtzpc5ns5sg2cthy61lqpg3dfzgbys/T/1554973161843-0/src/TickSeekBar-master/sample/build.gradle, -Dorg.gradle.daemon=false, -Dorg.gradle.daemon.performance.enable-monitoring=false, -Dorg.gradle.configureondemand=true, --stacktrace, build]
2019-04-11 16:00:24,848 INFO  SysUtils - Configuration on demand is an incubating feature.
:sample:preBuild UP-TO-DATE
:tickseekbar:preBuild UP-TO-DATE
:tickseekbar:preDebugBuild UP-TO-DATE
:tickseekbar:checkDebugManifest
:tickseekbar:processDebugManifest
:sample:preDebugBuild
:tickseekbar:compileDebugAidl
:sample:compileDebugAidl
:tickseekbar:packageDebugRenderscript NO-SOURCE
:sample:compileDebugRenderscript
:sample:checkDebugManifest
:sample:generateDebugBuildConfig
:sample:prepareLintJar
:sample:mainApkListPersistenceDebug
:sample:generateDebugResValues
:sample:generateDebugResources
:tickseekbar:compileDebugRenderscript
:tickseekbar:generateDebugResValues
:tickseekbar:generateDebugResources
:tickseekbar:packageDebugResources
:sample:mergeDebugResources
:sample:createDebugCompatibleScreenManifests
:sample:processDebugManifest
:sample:splitsDiscoveryTaskDebug
:tickseekbar:platformAttrExtractor
:tickseekbar:generateDebugBuildConfig
:tickseekbar:prepareLintJar
:tickseekbar:javaPreCompileDebug
:tickseekbar:processDebugJavaRes NO-SOURCE
:sample:compileDebugNdk NO-SOURCE
:sample:mergeDebugShaders
:sample:compileDebugShaders
:sample:generateDebugAssets
:tickseekbar:mergeDebugShaders
:tickseekbar:compileDebugShaders
:tickseekbar:generateDebugAssets
:tickseekbar:packageDebugAssets
:sample:mergeDebugAssets
:sample:mergeDebugJniLibFolders
:tickseekbar:compileDebugNdk NO-SOURCE
:tickseekbar:mergeDebugJniLibFolders
:tickseekbar:transformNativeLibsWithMergeJniLibsForDebug
:tickseekbar:transformNativeLibsWithStripDebugSymbolForDebug
:tickseekbar:transformNativeLibsWithIntermediateJniLibsForDebug
:sample:processDebugJavaRes NO-SOURCE
:sample:validateSigningDebug
:tickseekbar:preReleaseBuild UP-TO-DATE
:tickseekbar:checkReleaseManifest
:tickseekbar:processReleaseManifest
:sample:preReleaseBuild
:tickseekbar:compileReleaseAidl
:sample:compileReleaseAidl
:tickseekbar:packageReleaseRenderscript NO-SOURCE
:sample:compileReleaseRenderscript
:sample:checkReleaseManifest
:sample:generateReleaseBuildConfig
:sample:mainApkListPersistenceRelease
:sample:generateReleaseResValues
:sample:generateReleaseResources
:tickseekbar:compileReleaseRenderscript
:tickseekbar:generateReleaseResValues
:tickseekbar:generateReleaseResources
:tickseekbar:packageReleaseResources
:sample:mergeReleaseResources
:sample:createReleaseCompatibleScreenManifests
:sample:processReleaseManifest
:sample:splitsDiscoveryTaskRelease
:tickseekbar:generateReleaseBuildConfig
:tickseekbar:javaPreCompileRelease
:tickseekbar:processReleaseJavaRes NO-SOURCE
:sample:compileReleaseNdk NO-SOURCE
:sample:mergeReleaseShaders
:sample:compileReleaseShaders
:sample:generateReleaseAssets
:tickseekbar:mergeReleaseShaders
:tickseekbar:compileReleaseShaders
:tickseekbar:generateReleaseAssets
:tickseekbar:packageReleaseAssets
:sample:mergeReleaseAssets
:sample:mergeReleaseJniLibFolders
:tickseekbar:compileReleaseNdk NO-SOURCE
:tickseekbar:mergeReleaseJniLibFolders
:tickseekbar:transformNativeLibsWithMergeJniLibsForRelease
:tickseekbar:transformNativeLibsWithStripDebugSymbolForRelease
:tickseekbar:transformNativeLibsWithIntermediateJniLibsForRelease
:sample:processReleaseJavaRes NO-SOURCE
:sample:preDebugUnitTestBuild UP-TO-DATE
:sample:mockableAndroidJar
:sample:processDebugUnitTestJavaRes NO-SOURCE
:sample:preReleaseUnitTestBuild UP-TO-DATE
:sample:processReleaseUnitTestJavaRes NO-SOURCE
:tickseekbar:generateDebugRFile
:sample:processDebugResources
:sample:generateDebugSources
:tickseekbar:generateDebugSources
:tickseekbar:compileDebugJavaWithJavacNote: /private/var/folders/bq/vtzpc5ns5sg2cthy61lqpg3dfzgbys/T/1554973161843-0/src/TickSeekBar-master/tickseekbar/src/main/java/com/warkiz/tickseekbar/Builder.java uses or overrides a deprecated API.
Note: Recompile with -Xlint:deprecation for details.

:tickseekbar:transformClassesAndResourcesWithPrepareIntermediateJarsForDebug
:sample:javaPreCompileDebug
:sample:compileDebugJavaWithJavacNote: Some input files use or override a deprecated API.
Note: Recompile with -Xlint:deprecation for details.

:sample:compileDebugSources
:sample:transformClassesWithDexBuilderForDebug
:sample:transformDexArchiveWithExternalLibsDexMergerForDebug
:sample:transformDexArchiveWithDexMergerForDebug
:sample:transformNativeLibsWithMergeJniLibsForDebug
:sample:transformNativeLibsWithStripDebugSymbolForDebug
:sample:transformResourcesWithMergeJavaResForDebug
:sample:packageDebug
:sample:assembleDebug
:tickseekbar:generateReleaseRFile
:sample:processReleaseResources
:sample:generateReleaseSources
:tickseekbar:generateReleaseSources
:tickseekbar:compileReleaseJavaWithJavacNote: /private/var/folders/bq/vtzpc5ns5sg2cthy61lqpg3dfzgbys/T/1554973161843-0/src/TickSeekBar-master/tickseekbar/src/main/java/com/warkiz/tickseekbar/Builder.java uses or overrides a deprecated API.
Note: Recompile with -Xlint:deprecation for details.

:tickseekbar:transformClassesAndResourcesWithPrepareIntermediateJarsForRelease
:sample:javaPreCompileRelease
:sample:compileReleaseJavaWithJavacNote: Some input files use or override a deprecated API.
Note: Recompile with -Xlint:deprecation for details.

:sample:compileReleaseSources
:sample:lintVitalRelease SKIPPED
:sample:transformClassesWithDexBuilderForRelease
:sample:transformDexArchiveWithExternalLibsDexMergerForRelease
:sample:transformDexArchiveWithDexMergerForRelease
:sample:transformNativeLibsWithMergeJniLibsForRelease
:sample:transformNativeLibsWithStripDebugSymbolForRelease
:sample:transformResourcesWithMergeJavaResForRelease
:sample:packageRelease
:sample:assembleRelease
:sample:assemble
:sample:lint
Ran lint on variant debug: 116 issues found
Ran lint on variant release: 116 issues found
Wrote HTML report to file:///private/var/folders/bq/vtzpc5ns5sg2cthy61lqpg3dfzgbys/T/1554973161843-0/src/TickSeekBar-master/sample/build/reports/lint-results.html
Wrote XML report to file:///private/var/folders/bq/vtzpc5ns5sg2cthy61lqpg3dfzgbys/T/1554973161843-0/src/TickSeekBar-master/sample/build/reports/lint-results.xml
:sample:javaPreCompileDebugUnitTest
:sample:compileDebugUnitTestJavaWithJavac NO-SOURCE
:sample:testDebugUnitTest NO-SOURCE
:sample:javaPreCompileReleaseUnitTest
:sample:compileReleaseUnitTestJavaWithJavac NO-SOURCE
:sample:testReleaseUnitTest NO-SOURCE
:sample:test UP-TO-DATE
:sample:check
:sample:build

BUILD SUCCESSFUL in 35s
94 actionable tasks: 94 executed

2019-04-11 16:00:24,921 INFO  FullProcessService - Found APK file: /var/folders/bq/vtzpc5ns5sg2cthy61lqpg3dfzgbys/T/1554973161843-0/src/TickSeekBar-master/apk/demo.apk
