2019-10-01 11:16:20,335 INFO  DownloadService - Downloading "https://github.com/pthomain/SharedPreferenceStore/archive/master.zip", attempt 3
2019-10-01 11:17:21,022 INFO  GithubDownloadService - Could not find ZIP archive for master branch
2019-10-01 11:17:22,190 INFO  GithubDownloadService - Default branch of this repository: master
2019-10-01 11:17:22,190 INFO  DownloadService - Downloading "https://github.com/pthomain/SharedPreferenceStore/archive/master.zip", attempt 3
2019-10-01 11:18:25,101 DEBUG FullProcessService - Repository https://github.com/pthomain/SharedPreferenceStore available: true
2019-10-01 11:18:25,102 INFO  FullProcessService - Could not download ZIP file from Github, lets clone it
2019-10-01 11:18:25,102 INFO  SysUtils - Execute command: [git, clone, -q, --single-branch, --depth, 1, https://github.com/pthomain/SharedPreferenceStore, /var/folders/bq/vtzpc5ns5sg2cthy61lqpg3dfzgbys/T/1569903380332-0/src]
2019-10-01 11:18:27,540 INFO  SysUtils - 
2019-10-01 11:18:27,553 INFO  GitService - Deleted "/var/folders/bq/vtzpc5ns5sg2cthy61lqpg3dfzgbys/T/1569903380332-0/src/.git": true
2019-10-01 11:18:27,560 INFO  FullProcessService - Size of directory with sources: 417 KB
2019-10-01 11:18:27,560 INFO  SysUtils - Execute command: [git, init, /var/folders/bq/vtzpc5ns5sg2cthy61lqpg3dfzgbys/T/1569903380332-0/src]
2019-10-01 11:18:27,592 INFO  SysUtils - Initialized empty Git repository in /private/var/folders/bq/vtzpc5ns5sg2cthy61lqpg3dfzgbys/T/1569903380332-0/src/.git/

2019-10-01 11:18:27,597 INFO  ProjectBuildService - Gradle wrapper(s): /var/folders/bq/vtzpc5ns5sg2cthy61lqpg3dfzgbys/T/1569903380332-0/src/gradlew /var/folders/bq/vtzpc5ns5sg2cthy61lqpg3dfzgbys/T/1569903380332-0/src/mumbo/gradlew
2019-10-01 11:18:27,603 INFO  ProjectBuildService - Build script(s): /var/folders/bq/vtzpc5ns5sg2cthy61lqpg3dfzgbys/T/1569903380332-0/src/mumbo/build.gradle /var/folders/bq/vtzpc5ns5sg2cthy61lqpg3dfzgbys/T/1569903380332-0/src/app/build.gradle /var/folders/bq/vtzpc5ns5sg2cthy61lqpg3dfzgbys/T/1569903380332-0/src/lib/build.gradle /var/folders/bq/vtzpc5ns5sg2cthy61lqpg3dfzgbys/T/1569903380332-0/src/build.gradle
2019-10-01 11:18:27,608 INFO  ProjectBuildService - All script(s): /var/folders/bq/vtzpc5ns5sg2cthy61lqpg3dfzgbys/T/1569903380332-0/src/app/build.gradle /var/folders/bq/vtzpc5ns5sg2cthy61lqpg3dfzgbys/T/1569903380332-0/src/build.gradle /var/folders/bq/vtzpc5ns5sg2cthy61lqpg3dfzgbys/T/1569903380332-0/src/lib/build.gradle /var/folders/bq/vtzpc5ns5sg2cthy61lqpg3dfzgbys/T/1569903380332-0/src/mumbo/build.gradle /var/folders/bq/vtzpc5ns5sg2cthy61lqpg3dfzgbys/T/1569903380332-0/src/settings.gradle
2019-10-01 11:18:27,608 INFO  ProjectBuildService - Remote scripts: none
2019-10-01 11:18:27,608 INFO  ProjectFixService - Fixing project...
2019-10-01 11:18:27,622 INFO  LocalPropertiesFixService - Created fake /var/folders/bq/vtzpc5ns5sg2cthy61lqpg3dfzgbys/T/1569903380332-0/src/mumbo/local.properties
2019-10-01 11:18:27,623 INFO  WrapperPropertiesFixService - Gradle wrapper: https://services.gradle.org/distributions/gradle-5.1.1-all.zip
2019-10-01 11:18:27,623 INFO  WrapperPropertiesFixService - Gradle wrapper was changed from "-all.zip" to "-bin.zip" (https://services.gradle.org/distributions/gradle-5.1.1-bin.zip)
2019-10-01 11:18:27,625 INFO  ProjectFixService - Build info for "/var/folders/bq/vtzpc5ns5sg2cthy61lqpg3dfzgbys/T/1569903380332-0/src/mumbo/build.gradle": [buildToolsVersion=29.0.2,compileSdkVersion=29,minSdkVersion=16,targetSdkVersion=29]
2019-10-01 11:18:27,626 INFO  ProjectFixService - Fixed build info for "/var/folders/bq/vtzpc5ns5sg2cthy61lqpg3dfzgbys/T/1569903380332-0/src/mumbo/build.gradle": [buildToolsVersion=28.0.0-rc1,compileSdkVersion=29,minSdkVersion=16,targetSdkVersion=29]
2019-10-01 11:18:27,627 INFO  LocalPropertiesFixService - Created fake /var/folders/bq/vtzpc5ns5sg2cthy61lqpg3dfzgbys/T/1569903380332-0/src/app/local.properties
2019-10-01 11:18:27,628 INFO  ProjectFixService - Build info for "/var/folders/bq/vtzpc5ns5sg2cthy61lqpg3dfzgbys/T/1569903380332-0/src/app/build.gradle": [buildToolsVersion=29.0.2,compileSdkVersion=29,minSdkVersion=16,targetSdkVersion=29]
2019-10-01 11:18:27,628 INFO  ProjectFixService - Fixed build info for "/var/folders/bq/vtzpc5ns5sg2cthy61lqpg3dfzgbys/T/1569903380332-0/src/app/build.gradle": [buildToolsVersion=28.0.0-rc1,compileSdkVersion=29,minSdkVersion=16,targetSdkVersion=29]
2019-10-01 11:18:27,629 INFO  LocalPropertiesFixService - Created fake /var/folders/bq/vtzpc5ns5sg2cthy61lqpg3dfzgbys/T/1569903380332-0/src/lib/local.properties
2019-10-01 11:18:27,632 INFO  ProjectFixService - Build info for "/var/folders/bq/vtzpc5ns5sg2cthy61lqpg3dfzgbys/T/1569903380332-0/src/lib/build.gradle": [buildToolsVersion=29.0.2,compileSdkVersion=29,minSdkVersion=16,targetSdkVersion=29]
2019-10-01 11:18:27,633 INFO  ProjectFixService - Fixed build info for "/var/folders/bq/vtzpc5ns5sg2cthy61lqpg3dfzgbys/T/1569903380332-0/src/lib/build.gradle": [buildToolsVersion=28.0.0-rc1,compileSdkVersion=29,minSdkVersion=16,targetSdkVersion=29]
2019-10-01 11:18:27,634 INFO  LocalPropertiesFixService - Created fake /var/folders/bq/vtzpc5ns5sg2cthy61lqpg3dfzgbys/T/1569903380332-0/src/local.properties
2019-10-01 11:18:27,634 INFO  WrapperPropertiesFixService - Gradle wrapper: https://services.gradle.org/distributions/gradle-5.4.1-all.zip
2019-10-01 11:18:27,635 INFO  WrapperPropertiesFixService - Gradle wrapper was changed from "-all.zip" to "-bin.zip" (https://services.gradle.org/distributions/gradle-5.4.1-bin.zip)
2019-10-01 11:18:27,636 INFO  ProjectFixService - Build info for "/var/folders/bq/vtzpc5ns5sg2cthy61lqpg3dfzgbys/T/1569903380332-0/src/build.gradle": [buildToolsVersion=29.0.2,compileSdkVersion=29,minSdkVersion=16,targetSdkVersion=29]
2019-10-01 11:18:27,636 INFO  ProjectFixService - Fixed build info for "/var/folders/bq/vtzpc5ns5sg2cthy61lqpg3dfzgbys/T/1569903380332-0/src/build.gradle": [buildToolsVersion=28.0.0-rc1,compileSdkVersion=29,minSdkVersion=16,targetSdkVersion=29]
2019-10-01 11:18:27,637 INFO  ProjectFixService - Project was maybe fixed
2019-10-01 11:18:27,637 INFO  ProjectTaskService - Detecting possible tasks...
2019-10-01 11:18:27,637 INFO  SysUtils - Execute command: [/var/folders/bq/vtzpc5ns5sg2cthy61lqpg3dfzgbys/T/1569903380332-0/src/mumbo/gradlew, -b, /var/folders/bq/vtzpc5ns5sg2cthy61lqpg3dfzgbys/T/1569903380332-0/src/mumbo/build.gradle, -Dorg.gradle.daemon=false, -Dorg.gradle.daemon.performance.enable-monitoring=false, -Dorg.gradle.configureondemand=true, tasks]
2019-10-01 11:19:04,033 ERROR ProjectTaskService - Could not detect possible Gradle tasks: Process exited with an error: 1 (Exit value: 1)
2019-10-01 11:19:04,033 INFO  ProjectTaskService - Detected possible tasks: 0
2019-10-01 11:19:04,033 INFO  ProjectTaskService - Excluded tasks (0): none
2019-10-01 11:19:04,033 INFO  SysUtils - Execute command: [/var/folders/bq/vtzpc5ns5sg2cthy61lqpg3dfzgbys/T/1569903380332-0/src/mumbo/gradlew, -b, /var/folders/bq/vtzpc5ns5sg2cthy61lqpg3dfzgbys/T/1569903380332-0/src/mumbo/build.gradle, -Dorg.gradle.daemon=false, -Dorg.gradle.daemon.performance.enable-monitoring=false, -Dorg.gradle.configureondemand=true, --stacktrace, build]
2019-10-01 11:19:11,027 ERROR SysUtils - Could not process external command
org.apache.commons.exec.ExecuteException: Process exited with an error: 1 (Exit value: 1)
	at org.apache.commons.exec.DefaultExecutor.executeInternal(DefaultExecutor.java:404)
	at org.apache.commons.exec.DefaultExecutor.execute(DefaultExecutor.java:166)
	at com.github.vbauer.apkmaster.util.SysUtils.execute(SysUtils.java:67)
	at com.github.vbauer.apkmaster.util.SysUtils.executeSimple(SysUtils.java:43)
	at com.github.vbauer.apkmaster.service.assembly.ProjectBuildService.buildProject(ProjectBuildService.java:78)
	at com.github.vbauer.apkmaster.service.assembly.ProjectBuildService.buildProject(ProjectBuildService.java:64)
	at com.github.vbauer.apkmaster.service.assembly.ProjectBuildService.buildProject(ProjectBuildService.java:43)
	at com.github.vbauer.apkmaster.service.FullProcessService.build(FullProcessService.java:84)
	at com.github.vbauer.apkmaster.service.FullProcessService.process(FullProcessService.java:34)
	at com.github.vbauer.apkmaster.app.MainApplication.process(MainApplication.java:38)
	at com.github.vbauer.apkmaster.app.MainApplication.main(MainApplication.java:20)
	at sun.reflect.NativeMethodAccessorImpl.invoke0(Native Method)
	at sun.reflect.NativeMethodAccessorImpl.invoke(NativeMethodAccessorImpl.java:62)
	at sun.reflect.DelegatingMethodAccessorImpl.invoke(DelegatingMethodAccessorImpl.java:43)
	at java.lang.reflect.Method.invoke(Method.java:498)
	at com.android.arsenal.util.ReflectionUtils.invoke(ReflectionUtils.java:52)
	at com.android.arsenal.util.ApkMasterUtils.main(ApkMasterUtils.java:30)
	at com.android.arsenal.service.processor.impl.BuildProcessorServiceImpl.buildProject(BuildProcessorServiceImpl.java:196)
	at com.android.arsenal.service.processor.impl.BuildProcessorServiceImpl.build(BuildProcessorServiceImpl.java:130)
	at com.android.arsenal.service.processor.impl.BuildProcessorServiceImpl.lambda$null$1(BuildProcessorServiceImpl.java:113)
	at java.util.concurrent.FutureTask.run(FutureTask.java:266)
	at java.util.concurrent.Executors$RunnableAdapter.call(Executors.java:511)
	at java.util.concurrent.FutureTask.run(FutureTask.java:266)
	at java.util.concurrent.ThreadPoolExecutor.runWorker(ThreadPoolExecutor.java:1149)
	at java.util.concurrent.ThreadPoolExecutor$Worker.run(ThreadPoolExecutor.java:624)
	at java.lang.Thread.run(Thread.java:748)
2019-10-01 11:19:11,027 INFO  SysUtils - Configuration on demand is an incubating feature.

FAILURE: Build failed with an exception.

* Where:
Build file '/private/var/folders/bq/vtzpc5ns5sg2cthy61lqpg3dfzgbys/T/1569903380332-0/src/mumbo/build.gradle' line: 22

* What went wrong:
A problem occurred evaluating project ':mumbo_store'.
> Failed to apply plugin [id 'com.android.library']
   > Minimum supported Gradle version is 5.4.1. Current version is 5.1.1. If using the gradle wrapper, try editing the distributionUrl in /Users/vbauer/Documents/workspace/java/bloodhound/gradle/wrapper/gradle-wrapper.properties to gradle-5.4.1-all.zip

* Try:
Run with --info or --debug option to get more log output. Run with --scan to get full insights.

* Exception is:
org.gradle.api.GradleScriptException: A problem occurred evaluating project ':mumbo_store'.
	at org.gradle.groovy.scripts.internal.DefaultScriptRunnerFactory$ScriptRunnerImpl.run(DefaultScriptRunnerFactory.java:92)
	at org.gradle.configuration.DefaultScriptPluginFactory$ScriptPluginImpl$2.run(DefaultScriptPluginFactory.java:206)
	at org.gradle.configuration.ProjectScriptTarget.addConfiguration(ProjectScriptTarget.java:77)
	at org.gradle.configuration.DefaultScriptPluginFactory$ScriptPluginImpl.apply(DefaultScriptPluginFactory.java:211)
	at org.gradle.configuration.BuildOperationScriptPlugin$1$1.run(BuildOperationScriptPlugin.java:69)
	at org.gradle.internal.operations.DefaultBuildOperationExecutor$RunnableBuildOperationWorker.execute(DefaultBuildOperationExecutor.java:301)
	at org.gradle.internal.operations.DefaultBuildOperationExecutor$RunnableBuildOperationWorker.execute(DefaultBuildOperationExecutor.java:293)
	at org.gradle.internal.operations.DefaultBuildOperationExecutor.execute(DefaultBuildOperationExecutor.java:175)
	at org.gradle.internal.operations.DefaultBuildOperationExecutor.run(DefaultBuildOperationExecutor.java:91)
	at org.gradle.internal.operations.DelegatingBuildOperationExecutor.run(DelegatingBuildOperationExecutor.java:31)
	at org.gradle.configuration.BuildOperationScriptPlugin$1.execute(BuildOperationScriptPlugin.java:66)
	at org.gradle.configuration.BuildOperationScriptPlugin$1.execute(BuildOperationScriptPlugin.java:63)
	at org.gradle.configuration.internal.DefaultUserCodeApplicationContext.apply(DefaultUserCodeApplicationContext.java:48)
	at org.gradle.configuration.BuildOperationScriptPlugin.apply(BuildOperationScriptPlugin.java:63)
	at org.gradle.configuration.project.BuildScriptProcessor$1.run(BuildScriptProcessor.java:44)
	at org.gradle.internal.Factories$1.create(Factories.java:25)
	at org.gradle.api.internal.project.DefaultProjectStateRegistry$ProjectStateImpl.withMutableState(DefaultProjectStateRegistry.java:192)
	at org.gradle.api.internal.project.DefaultProjectStateRegistry$ProjectStateImpl.withMutableState(DefaultProjectStateRegistry.java:186)
	at org.gradle.configuration.project.BuildScriptProcessor.execute(BuildScriptProcessor.java:41)
	at org.gradle.configuration.project.BuildScriptProcessor.execute(BuildScriptProcessor.java:26)
	at org.gradle.configuration.project.ConfigureActionsProjectEvaluator.evaluate(ConfigureActionsProjectEvaluator.java:34)
	at org.gradle.configuration.project.LifecycleProjectEvaluator$EvaluateProject$1.run(LifecycleProjectEvaluator.java:106)
	at org.gradle.internal.Factories$1.create(Factories.java:25)
	at org.gradle.api.internal.project.DefaultProjectStateRegistry$ProjectStateImpl.withMutableState(DefaultProjectStateRegistry.java:192)
	at org.gradle.api.internal.project.DefaultProjectStateRegistry$ProjectStateImpl.withMutableState(DefaultProjectStateRegistry.java:186)
	at org.gradle.configuration.project.LifecycleProjectEvaluator$EvaluateProject.run(LifecycleProjectEvaluator.java:95)
	at org.gradle.internal.operations.DefaultBuildOperationExecutor$RunnableBuildOperationWorker.execute(DefaultBuildOperationExecutor.java:301)
	at org.gradle.internal.operations.DefaultBuildOperationExecutor$RunnableBuildOperationWorker.execute(DefaultBuildOperationExecutor.java:293)
	at org.gradle.internal.operations.DefaultBuildOperationExecutor.execute(DefaultBuildOperationExecutor.java:175)
	at org.gradle.internal.operations.DefaultBuildOperationExecutor.run(DefaultBuildOperationExecutor.java:91)
	at org.gradle.internal.operations.DelegatingBuildOperationExecutor.run(DelegatingBuildOperationExecutor.java:31)
	at org.gradle.configuration.project.LifecycleProjectEvaluator.evaluate(LifecycleProjectEvaluator.java:67)
	at org.gradle.api.internal.project.DefaultProject.evaluate(DefaultProject.java:693)
	at org.gradle.api.internal.project.DefaultProject.evaluate(DefaultProject.java:141)
	at org.gradle.execution.TaskPathProjectEvaluator.configure(TaskPathProjectEvaluator.java:35)
	at org.gradle.execution.TaskPathProjectEvaluator.configureHierarchy(TaskPathProjectEvaluator.java:60)
	at org.gradle.execution.TaskSelector.getSelection(TaskSelector.java:100)
	at org.gradle.execution.TaskSelector.getSelection(TaskSelector.java:81)
	at org.gradle.execution.commandline.CommandLineTaskParser.parseTasks(CommandLineTaskParser.java:42)
	at org.gradle.execution.TaskNameResolvingBuildConfigurationAction.configure(TaskNameResolvingBuildConfigurationAction.java:45)
	at org.gradle.execution.DefaultBuildConfigurationActionExecuter.configure(DefaultBuildConfigurationActionExecuter.java:57)
	at org.gradle.execution.DefaultBuildConfigurationActionExecuter.access$200(DefaultBuildConfigurationActionExecuter.java:26)
	at org.gradle.execution.DefaultBuildConfigurationActionExecuter$2.proceed(DefaultBuildConfigurationActionExecuter.java:63)
	at org.gradle.execution.DefaultTasksBuildExecutionAction.configure(DefaultTasksBuildExecutionAction.java:44)
	at org.gradle.execution.DefaultBuildConfigurationActionExecuter.configure(DefaultBuildConfigurationActionExecuter.java:57)
	at org.gradle.execution.DefaultBuildConfigurationActionExecuter.access$200(DefaultBuildConfigurationActionExecuter.java:26)
	at org.gradle.execution.DefaultBuildConfigurationActionExecuter$2.proceed(DefaultBuildConfigurationActionExecuter.java:63)
	at org.gradle.execution.ExcludedTaskFilteringBuildConfigurationAction.configure(ExcludedTaskFilteringBuildConfigurationAction.java:47)
	at org.gradle.execution.DefaultBuildConfigurationActionExecuter.configure(DefaultBuildConfigurationActionExecuter.java:57)
	at org.gradle.execution.DefaultBuildConfigurationActionExecuter.access$200(DefaultBuildConfigurationActionExecuter.java:26)
	at org.gradle.execution.DefaultBuildConfigurationActionExecuter$1.run(DefaultBuildConfigurationActionExecuter.java:43)
	at org.gradle.internal.Factories$1.create(Factories.java:25)
	at org.gradle.api.internal.project.DefaultProjectStateRegistry.withLenientState(DefaultProjectStateRegistry.java:132)
	at org.gradle.api.internal.project.DefaultProjectStateRegistry.withLenientState(DefaultProjectStateRegistry.java:124)
	at org.gradle.execution.DefaultBuildConfigurationActionExecuter.select(DefaultBuildConfigurationActionExecuter.java:39)
	at org.gradle.initialization.DefaultGradleLauncher$CalculateTaskGraph.run(DefaultGradleLauncher.java:333)
	at org.gradle.internal.operations.DefaultBuildOperationExecutor$RunnableBuildOperationWorker.execute(DefaultBuildOperationExecutor.java:301)
	at org.gradle.internal.operations.DefaultBuildOperationExecutor$RunnableBuildOperationWorker.execute(DefaultBuildOperationExecutor.java:293)
	at org.gradle.internal.operations.DefaultBuildOperationExecutor.execute(DefaultBuildOperationExecutor.java:175)
	at org.gradle.internal.operations.DefaultBuildOperationExecutor.run(DefaultBuildOperationExecutor.java:91)
	at org.gradle.internal.operations.DelegatingBuildOperationExecutor.run(DelegatingBuildOperationExecutor.java:31)
	at org.gradle.initialization.DefaultGradleLauncher.constructTaskGraph(DefaultGradleLauncher.java:218)
	at org.gradle.initialization.DefaultGradleLauncher.doBuildStages(DefaultGradleLauncher.java:155)
	at org.gradle.initialization.DefaultGradleLauncher.executeTasks(DefaultGradleLauncher.java:134)
	at org.gradle.internal.invocation.GradleBuildController$1.execute(GradleBuildController.java:58)
	at org.gradle.internal.invocation.GradleBuildController$1.execute(GradleBuildController.java:55)
	at org.gradle.internal.invocation.GradleBuildController$3.create(GradleBuildController.java:82)
	at org.gradle.internal.invocation.GradleBuildController$3.create(GradleBuildController.java:75)
	at org.gradle.internal.work.DefaultWorkerLeaseService.withLocks(DefaultWorkerLeaseService.java:183)
	at org.gradle.internal.work.StopShieldingWorkerLeaseService.withLocks(StopShieldingWorkerLeaseService.java:40)
	at org.gradle.internal.invocation.GradleBuildController.doBuild(GradleBuildController.java:75)
	at org.gradle.internal.invocation.GradleBuildController.run(GradleBuildController.java:55)
	at org.gradle.tooling.internal.provider.ExecuteBuildActionRunner.run(ExecuteBuildActionRunner.java:31)
	at org.gradle.launcher.exec.ChainingBuildActionRunner.run(ChainingBuildActionRunner.java:35)
	at org.gradle.launcher.exec.BuildOutcomeReportingBuildActionRunner.run(BuildOutcomeReportingBuildActionRunner.java:58)
	at org.gradle.tooling.internal.provider.ValidatingBuildActionRunner.run(ValidatingBuildActionRunner.java:32)
	at org.gradle.launcher.exec.BuildCompletionNotifyingBuildActionRunner.run(BuildCompletionNotifyingBuildActionRunner.java:39)
	at org.gradle.launcher.exec.RunAsBuildOperationBuildActionRunner$3.call(RunAsBuildOperationBuildActionRunner.java:49)
	at org.gradle.launcher.exec.RunAsBuildOperationBuildActionRunner$3.call(RunAsBuildOperationBuildActionRunner.java:44)
	at org.gradle.internal.operations.DefaultBuildOperationExecutor$CallableBuildOperationWorker.execute(DefaultBuildOperationExecutor.java:315)
	at org.gradle.internal.operations.DefaultBuildOperationExecutor$CallableBuildOperationWorker.execute(DefaultBuildOperationExecutor.java:305)
	at org.gradle.internal.operations.DefaultBuildOperationExecutor.execute(DefaultBuildOperationExecutor.java:175)
	at org.gradle.internal.operations.DefaultBuildOperationExecutor.call(DefaultBuildOperationExecutor.java:101)
	at org.gradle.internal.operations.DelegatingBuildOperationExecutor.call(DelegatingBuildOperationExecutor.java:36)
	at org.gradle.launcher.exec.RunAsBuildOperationBuildActionRunner.run(RunAsBuildOperationBuildActionRunner.java:44)
	at org.gradle.launcher.exec.InProcessBuildActionExecuter$1.transform(InProcessBuildActionExecuter.java:49)
	at org.gradle.launcher.exec.InProcessBuildActionExecuter$1.transform(InProcessBuildActionExecuter.java:46)
	at org.gradle.composite.internal.DefaultRootBuildState.run(DefaultRootBuildState.java:78)
	at org.gradle.launcher.exec.InProcessBuildActionExecuter.execute(InProcessBuildActionExecuter.java:46)
	at org.gradle.launcher.exec.InProcessBuildActionExecuter.execute(InProcessBuildActionExecuter.java:31)
	at org.gradle.launcher.exec.BuildTreeScopeBuildActionExecuter.execute(BuildTreeScopeBuildActionExecuter.java:42)
	at org.gradle.launcher.exec.BuildTreeScopeBuildActionExecuter.execute(BuildTreeScopeBuildActionExecuter.java:28)
	at org.gradle.tooling.internal.provider.ContinuousBuildActionExecuter.execute(ContinuousBuildActionExecuter.java:78)
	at org.gradle.tooling.internal.provider.ContinuousBuildActionExecuter.execute(ContinuousBuildActionExecuter.java:52)
	at org.gradle.tooling.internal.provider.SubscribableBuildActionExecuter.execute(SubscribableBuildActionExecuter.java:59)
	at org.gradle.tooling.internal.provider.SubscribableBuildActionExecuter.execute(SubscribableBuildActionExecuter.java:36)
	at org.gradle.tooling.internal.provider.SessionScopeBuildActionExecuter.execute(SessionScopeBuildActionExecuter.java:68)
	at org.gradle.tooling.internal.provider.SessionScopeBuildActionExecuter.execute(SessionScopeBuildActionExecuter.java:38)
	at org.gradle.tooling.internal.provider.GradleThreadBuildActionExecuter.execute(GradleThreadBuildActionExecuter.java:37)
	at org.gradle.tooling.internal.provider.GradleThreadBuildActionExecuter.execute(GradleThreadBuildActionExecuter.java:26)
	at org.gradle.tooling.internal.provider.ParallelismConfigurationBuildActionExecuter.execute(ParallelismConfigurationBuildActionExecuter.java:43)
	at org.gradle.tooling.internal.provider.ParallelismConfigurationBuildActionExecuter.execute(ParallelismConfigurationBuildActionExecuter.java:29)
	at org.gradle.tooling.internal.provider.StartParamsValidatingActionExecuter.execute(StartParamsValidatingActionExecuter.java:60)
	at org.gradle.tooling.internal.provider.StartParamsValidatingActionExecuter.execute(StartParamsValidatingActionExecuter.java:32)
	at org.gradle.tooling.internal.provider.SessionFailureReportingActionExecuter.execute(SessionFailureReportingActionExecuter.java:55)
	at org.gradle.tooling.internal.provider.SessionFailureReportingActionExecuter.execute(SessionFailureReportingActionExecuter.java:41)
	at org.gradle.tooling.internal.provider.SetupLoggingActionExecuter.execute(SetupLoggingActionExecuter.java:48)
	at org.gradle.tooling.internal.provider.SetupLoggingActionExecuter.execute(SetupLoggingActionExecuter.java:32)
	at org.gradle.launcher.cli.RunBuildAction.run(RunBuildAction.java:55)
	at org.gradle.internal.Actions$RunnableActionAdapter.execute(Actions.java:207)
	at org.gradle.launcher.cli.CommandLineActionFactory$ParseAndBuildAction.execute(CommandLineActionFactory.java:403)
	at org.gradle.launcher.cli.CommandLineActionFactory$ParseAndBuildAction.execute(CommandLineActionFactory.java:376)
	at org.gradle.launcher.cli.ExceptionReportingAction.execute(ExceptionReportingAction.java:37)
	at org.gradle.launcher.cli.ExceptionReportingAction.execute(ExceptionReportingAction.java:23)
	at org.gradle.launcher.cli.CommandLineActionFactory$WithLogging.execute(CommandLineActionFactory.java:369)
	at org.gradle.launcher.cli.CommandLineActionFactory$WithLogging.execute(CommandLineActionFactory.java:299)
	at org.gradle.launcher.Main.doAction(Main.java:36)
	at org.gradle.launcher.bootstrap.EntryPoint.run(EntryPoint.java:45)
	at org.gradle.launcher.bootstrap.ProcessBootstrap.runNoExit(ProcessBootstrap.java:60)
	at org.gradle.launcher.bootstrap.ProcessBootstrap.run(ProcessBootstrap.java:37)
	at org.gradle.launcher.GradleMain.main(GradleMain.java:23)
	at org.gradle.wrapper.BootstrapMainStarter.start(BootstrapMainStarter.java:31)
	at org.gradle.wrapper.WrapperExecutor.execute(WrapperExecutor.java:108)
	at org.gradle.wrapper.GradleWrapperMain.main(GradleWrapperMain.java:61)
Caused by: org.gradle.api.internal.plugins.PluginApplicationException: Failed to apply plugin [id 'com.android.library']
	at org.gradle.api.internal.plugins.DefaultPluginManager.doApply(DefaultPluginManager.java:163)
	at org.gradle.api.internal.plugins.DefaultPluginManager.apply(DefaultPluginManager.java:133)
	at org.gradle.api.internal.plugins.DefaultObjectConfigurationAction.applyType(DefaultObjectConfigurationAction.java:120)
	at org.gradle.api.internal.plugins.DefaultObjectConfigurationAction.access$200(DefaultObjectConfigurationAction.java:38)
	at org.gradle.api.internal.plugins.DefaultObjectConfigurationAction$3.run(DefaultObjectConfigurationAction.java:86)
	at org.gradle.api.internal.plugins.DefaultObjectConfigurationAction.execute(DefaultObjectConfigurationAction.java:143)
	at org.gradle.api.internal.project.AbstractPluginAware.apply(AbstractPluginAware.java:46)
	at org.gradle.api.internal.project.ProjectScript.apply(ProjectScript.java:34)
	at org.gradle.api.Script$apply$0.callCurrent(Unknown Source)
	at build_692d9p19r5trozakinz4j70vc.run(/private/var/folders/bq/vtzpc5ns5sg2cthy61lqpg3dfzgbys/T/1569903380332-0/src/mumbo/build.gradle:22)
	at org.gradle.groovy.scripts.internal.DefaultScriptRunnerFactory$ScriptRunnerImpl.run(DefaultScriptRunnerFactory.java:90)
	... 123 more
Caused by: java.lang.RuntimeException: Minimum supported Gradle version is 5.4.1. Current version is 5.1.1. If using the gradle wrapper, try editing the distributionUrl in /Users/vbauer/Documents/workspace/java/bloodhound/gradle/wrapper/gradle-wrapper.properties to gradle-5.4.1-all.zip
	at com.android.build.gradle.BasePlugin.checkGradleVersion(BasePlugin.java:645)
	at com.android.build.gradle.BasePlugin.basePluginApply(BasePlugin.java:227)
	at com.android.build.gradle.BasePlugin.lambda$apply$0(BasePlugin.java:216)
	at com.android.build.gradle.internal.crash.CrashReporting.runAction(crash_reporting.kt:27)
	at com.android.build.gradle.BasePlugin.apply(BasePlugin.java:214)
	at com.android.build.gradle.BasePlugin.apply(BasePlugin.java:118)
	at org.gradle.api.internal.plugins.ImperativeOnlyPluginTarget.applyImperative(ImperativeOnlyPluginTarget.java:42)
	at org.gradle.api.internal.plugins.RuleBasedPluginTarget.applyImperative(RuleBasedPluginTarget.java:50)
	at org.gradle.api.internal.plugins.DefaultPluginManager.addPlugin(DefaultPluginManager.java:177)
	at org.gradle.api.internal.plugins.DefaultPluginManager.access$300(DefaultPluginManager.java:51)
	at org.gradle.api.internal.plugins.DefaultPluginManager$AddPluginBuildOperation.run(DefaultPluginManager.java:267)
	at org.gradle.internal.operations.DefaultBuildOperationExecutor$RunnableBuildOperationWorker.execute(DefaultBuildOperationExecutor.java:301)
	at org.gradle.internal.operations.DefaultBuildOperationExecutor$RunnableBuildOperationWorker.execute(DefaultBuildOperationExecutor.java:293)
	at org.gradle.internal.operations.DefaultBuildOperationExecutor.execute(DefaultBuildOperationExecutor.java:175)
	at org.gradle.internal.operations.DefaultBuildOperationExecutor.run(DefaultBuildOperationExecutor.java:91)
	at org.gradle.internal.operations.DelegatingBuildOperationExecutor.run(DelegatingBuildOperationExecutor.java:31)
	at org.gradle.api.internal.plugins.DefaultPluginManager$2.execute(DefaultPluginManager.java:155)
	at org.gradle.api.internal.plugins.DefaultPluginManager$2.execute(DefaultPluginManager.java:152)
	at org.gradle.configuration.internal.DefaultUserCodeApplicationContext.apply(DefaultUserCodeApplicationContext.java:48)
	at org.gradle.api.internal.plugins.DefaultPluginManager.doApply(DefaultPluginManager.java:152)
	... 133 more


* Get more help at https://help.gradle.org

BUILD FAILED in 6s

2019-10-01 11:19:11,033 INFO  ProjectTaskService - Detecting possible tasks...
2019-10-01 11:19:11,034 INFO  SysUtils - Execute command: [/var/folders/bq/vtzpc5ns5sg2cthy61lqpg3dfzgbys/T/1569903380332-0/src/gradlew, -b, /var/folders/bq/vtzpc5ns5sg2cthy61lqpg3dfzgbys/T/1569903380332-0/src/app/build.gradle, -Dorg.gradle.daemon=false, -Dorg.gradle.daemon.performance.enable-monitoring=false, -Dorg.gradle.configureondemand=true, tasks]
2019-10-01 11:19:21,159 INFO  ProjectTaskService - Detected possible tasks: 66
2019-10-01 11:19:21,160 INFO  ProjectTaskService - Excluded tasks (18): lintDebug deviceCheck lint testReleaseUnitTest uninstallRelease deviceAndroidTest uninstallDebugAndroidTest installDebugAndroidTest connectedCheck connectedDebugAndroidTest uninstallAll test check testDebugUnitTest connectedAndroidTest installDebug lintRelease uninstallDebug
2019-10-01 11:19:21,160 INFO  SysUtils - Execute command: [/var/folders/bq/vtzpc5ns5sg2cthy61lqpg3dfzgbys/T/1569903380332-0/src/gradlew, -b, /var/folders/bq/vtzpc5ns5sg2cthy61lqpg3dfzgbys/T/1569903380332-0/src/app/build.gradle, -Dorg.gradle.daemon=false, -Dorg.gradle.daemon.performance.enable-monitoring=false, -Dorg.gradle.configureondemand=true, --stacktrace, -x, lintDebug, -x, deviceCheck, -x, lint, -x, testReleaseUnitTest, -x, uninstallRelease, -x, deviceAndroidTest, -x, uninstallDebugAndroidTest, -x, installDebugAndroidTest, -x, connectedCheck, -x, connectedDebugAndroidTest, -x, uninstallAll, -x, test, -x, check, -x, testDebugUnitTest, -x, connectedAndroidTest, -x, installDebug, -x, lintRelease, -x, uninstallDebug, build]
2019-10-01 11:21:52,881 INFO  SysUtils - Configuration on demand is an incubating feature.
> Task :lib:preBuild UP-TO-DATE
> Task :lib:preDebugBuild UP-TO-DATE
> Task :lib:compileDebugAidl NO-SOURCE
> Task :lib:checkDebugManifest
> Task :lib:compileDebugRenderscript NO-SOURCE
> Task :lib:generateDebugBuildConfig
> Task :lib:generateDebugResValues
> Task :lib:generateDebugResources
> Task :lib:packageDebugResources
> Task :lib:parseDebugLibraryResources
> Task :lib:processDebugManifest
> Task :lib:processDebugJavaRes NO-SOURCE
> Task :mumbo_store:preBuild UP-TO-DATE
> Task :mumbo_store:preDebugBuild UP-TO-DATE
> Task :mumbo_store:compileDebugAidl NO-SOURCE
> Task :lib:packageDebugRenderscript NO-SOURCE
> Task :mumbo_store:compileDebugRenderscript NO-SOURCE
> Task :mumbo_store:checkDebugManifest
> Task :mumbo_store:generateDebugBuildConfig
> Task :lib:generateDebugRFile
> Task :mumbo_store:generateDebugResValues
> Task :mumbo_store:generateDebugResources
> Task :mumbo_store:packageDebugResources
> Task :mumbo_store:parseDebugLibraryResources
> Task :mumbo_store:processDebugManifest
> Task :mumbo_store:processDebugJavaRes NO-SOURCE
> Task :app:preBuild UP-TO-DATE
> Task :app:preDebugBuild UP-TO-DATE
> Task :app:compileDebugAidl NO-SOURCE
> Task :mumbo_store:packageDebugRenderscript NO-SOURCE
> Task :app:compileDebugRenderscript NO-SOURCE
> Task :app:checkDebugManifest
> Task :app:generateDebugBuildConfig
> Task :mumbo_store:generateDebugRFile
> Task :app:mainApkListPersistenceDebug
> Task :app:generateDebugResValues
> Task :app:generateDebugResources
> Task :lib:kaptGenerateStubsDebugKotlin
> Task :lib:kaptDebugKotlin

> Task :lib:compileDebugKotlin
w: /private/var/folders/bq/vtzpc5ns5sg2cthy61lqpg3dfzgbys/T/1569903380332-0/src/lib/src/main/java/uk/co/glass_software/android/shared_preferences/persistence/preferences/SharedPreferenceStore.kt: (135, 60): Conditional branch result of type Boolean is implicitly cast to Any?
w: /private/var/folders/bq/vtzpc5ns5sg2cthy61lqpg3dfzgbys/T/1569903380332-0/src/lib/src/main/java/uk/co/glass_software/android/shared_preferences/persistence/preferences/SharedPreferenceStore.kt: (136, 58): Conditional branch result of type Float is implicitly cast to Any?
w: /private/var/folders/bq/vtzpc5ns5sg2cthy61lqpg3dfzgbys/T/1569903380332-0/src/lib/src/main/java/uk/co/glass_software/android/shared_preferences/persistence/preferences/SharedPreferenceStore.kt: (137, 57): Conditional branch result of type Long is implicitly cast to Any?
w: /private/var/folders/bq/vtzpc5ns5sg2cthy61lqpg3dfzgbys/T/1569903380332-0/src/lib/src/main/java/uk/co/glass_software/android/shared_preferences/persistence/preferences/SharedPreferenceStore.kt: (138, 56): Conditional branch result of type Int is implicitly cast to Any?
w: /private/var/folders/bq/vtzpc5ns5sg2cthy61lqpg3dfzgbys/T/1569903380332-0/src/lib/src/main/java/uk/co/glass_software/android/shared_preferences/persistence/preferences/SharedPreferenceStore.kt: (139, 59): Conditional branch result of type String? is implicitly cast to Any?
w: /private/var/folders/bq/vtzpc5ns5sg2cthy61lqpg3dfzgbys/T/1569903380332-0/src/lib/src/main/java/uk/co/glass_software/android/shared_preferences/persistence/preferences/SharedPreferenceStore.kt: (140, 37): Conditional branch result of type O? is implicitly cast to Any?

> Task :app:mergeDebugResources
> Task :lib:javaPreCompileDebug
> Task :lib:compileDebugJavaWithJavac
> Task :lib:bundleLibResDebug
> Task :lib:bundleLibRuntimeDebug
> Task :lib:createFullJarDebug
> Task :lib:bundleLibCompileDebug
> Task :mumbo_store:kaptGenerateStubsDebugKotlin
> Task :mumbo_store:kaptDebugKotlin
> Task :mumbo_store:compileDebugKotlin
> Task :app:createDebugCompatibleScreenManifests
> Task :app:processDebugManifest
> Task :app:processDebugResources
> Task :mumbo_store:javaPreCompileDebug
> Task :mumbo_store:compileDebugJavaWithJavac
> Task :mumbo_store:bundleLibResDebug
> Task :mumbo_store:bundleLibRuntimeDebug
> Task :mumbo_store:createFullJarDebug
> Task :mumbo_store:bundleLibCompileDebug
> Task :app:kaptGenerateStubsDebugKotlin
> Task :app:kaptDebugKotlin
> Task :app:compileDebugKotlin
> Task :app:javaPreCompileDebug
> Task :app:compileDebugJavaWithJavac
> Task :app:compileDebugSources
> Task :app:mergeDebugShaders
> Task :app:compileDebugShaders
> Task :app:generateDebugAssets
> Task :lib:mergeDebugShaders
> Task :lib:compileDebugShaders
> Task :lib:generateDebugAssets
> Task :lib:packageDebugAssets
> Task :mumbo_store:mergeDebugShaders
> Task :mumbo_store:compileDebugShaders
> Task :mumbo_store:generateDebugAssets
> Task :mumbo_store:packageDebugAssets
> Task :app:mergeDebugAssets
> Task :app:processDebugJavaRes NO-SOURCE
> Task :app:mergeDebugJavaResource
> Task :app:desugarDebugFileDependencies
> Task :app:checkDebugDuplicateClasses
> Task :app:transformClassesWithDexBuilderForDebug
> Task :app:validateSigningDebug
> Task :app:signingConfigWriterDebug
> Task :app:mergeDebugJniLibFolders
> Task :lib:mergeDebugJniLibFolders
> Task :mumbo_store:mergeDebugJniLibFolders
> Task :lib:mergeDebugNativeLibs
> Task :lib:stripDebugDebugSymbols
> Task :lib:transformNativeLibsWithIntermediateJniLibsForDebug
> Task :lib:extractProguardFiles
> Task :lib:preReleaseBuild
> Task :lib:compileReleaseAidl NO-SOURCE
> Task :lib:compileReleaseRenderscript NO-SOURCE
> Task :lib:checkReleaseManifest
> Task :lib:generateReleaseBuildConfig
> Task :lib:generateReleaseResValues
> Task :lib:generateReleaseResources
> Task :lib:packageReleaseResources
> Task :mumbo_store:mergeDebugNativeLibs
> Task :mumbo_store:stripDebugDebugSymbols
> Task :mumbo_store:transformNativeLibsWithIntermediateJniLibsForDebug
> Task :lib:parseReleaseLibraryResources
> Task :lib:processReleaseManifest
> Task :lib:generateReleaseRFile
> Task :lib:kaptGenerateStubsReleaseKotlin
> Task :lib:kaptReleaseKotlin

> Task :lib:compileReleaseKotlin
w: /private/var/folders/bq/vtzpc5ns5sg2cthy61lqpg3dfzgbys/T/1569903380332-0/src/lib/src/main/java/uk/co/glass_software/android/shared_preferences/persistence/preferences/SharedPreferenceStore.kt: (135, 60): Conditional branch result of type Boolean is implicitly cast to Any?
w: /private/var/folders/bq/vtzpc5ns5sg2cthy61lqpg3dfzgbys/T/1569903380332-0/src/lib/src/main/java/uk/co/glass_software/android/shared_preferences/persistence/preferences/SharedPreferenceStore.kt: (136, 58): Conditional branch result of type Float is implicitly cast to Any?
w: /private/var/folders/bq/vtzpc5ns5sg2cthy61lqpg3dfzgbys/T/1569903380332-0/src/lib/src/main/java/uk/co/glass_software/android/shared_preferences/persistence/preferences/SharedPreferenceStore.kt: (137, 57): Conditional branch result of type Long is implicitly cast to Any?
w: /private/var/folders/bq/vtzpc5ns5sg2cthy61lqpg3dfzgbys/T/1569903380332-0/src/lib/src/main/java/uk/co/glass_software/android/shared_preferences/persistence/preferences/SharedPreferenceStore.kt: (138, 56): Conditional branch result of type Int is implicitly cast to Any?
w: /private/var/folders/bq/vtzpc5ns5sg2cthy61lqpg3dfzgbys/T/1569903380332-0/src/lib/src/main/java/uk/co/glass_software/android/shared_preferences/persistence/preferences/SharedPreferenceStore.kt: (139, 59): Conditional branch result of type String? is implicitly cast to Any?
w: /private/var/folders/bq/vtzpc5ns5sg2cthy61lqpg3dfzgbys/T/1569903380332-0/src/lib/src/main/java/uk/co/glass_software/android/shared_preferences/persistence/preferences/SharedPreferenceStore.kt: (140, 37): Conditional branch result of type O? is implicitly cast to Any?

> Task :lib:processReleaseJavaRes NO-SOURCE
> Task :mumbo_store:extractProguardFiles
> Task :mumbo_store:preReleaseBuild
> Task :mumbo_store:compileReleaseAidl NO-SOURCE
> Task :lib:packageReleaseRenderscript NO-SOURCE
> Task :mumbo_store:compileReleaseRenderscript NO-SOURCE
> Task :mumbo_store:checkReleaseManifest
> Task :mumbo_store:generateReleaseBuildConfig
> Task :mumbo_store:generateReleaseResValues
> Task :mumbo_store:generateReleaseResources
> Task :mumbo_store:packageReleaseResources
> Task :mumbo_store:processReleaseJavaRes NO-SOURCE
> Task :app:extractProguardFiles
> Task :app:preReleaseBuild
> Task :app:compileReleaseAidl NO-SOURCE
> Task :mumbo_store:packageReleaseRenderscript NO-SOURCE
> Task :app:compileReleaseRenderscript NO-SOURCE
> Task :app:checkReleaseManifest
> Task :app:generateReleaseBuildConfig
> Task :app:mainApkListPersistenceRelease
> Task :app:generateReleaseResValues
> Task :app:generateReleaseResources
> Task :mumbo_store:processReleaseManifest
> Task :app:createReleaseCompatibleScreenManifests
> Task :app:processReleaseManifest
> Task :app:mergeDebugNativeLibs

> Task :app:stripDebugDebugSymbols
Unable to strip library '/private/var/folders/bq/vtzpc5ns5sg2cthy61lqpg3dfzgbys/T/1569903380332-0/src/app/build/intermediates/merged_native_libs/debug/out/lib/armeabi/libfb.so' due to missing strip tool for ABI 'ARMEABI'. Packaging it as is.
Unable to strip library '/private/var/folders/bq/vtzpc5ns5sg2cthy61lqpg3dfzgbys/T/1569903380332-0/src/app/build/intermediates/merged_native_libs/debug/out/lib/armeabi/libconcealjni.so' due to missing strip tool for ABI 'ARMEABI'. Packaging it as is.

> Task :app:mergeReleaseResources
> Task :app:multiDexListDebug
> Task :mumbo_store:parseReleaseLibraryResources
> Task :lib:javaPreCompileRelease
> Task :lib:compileReleaseJavaWithJavac
> Task :lib:bundleLibResRelease
> Task :mumbo_store:generateReleaseRFile
> Task :app:processReleaseResources
> Task :lib:bundleLibCompileRelease
> Task :mumbo_store:kaptGenerateStubsReleaseKotlin
> Task :mumbo_store:kaptReleaseKotlin
> Task :mumbo_store:compileReleaseKotlin
> Task :lib:bundleLibRuntimeRelease
> Task :lib:createFullJarRelease
> Task :app:mergeDexDebug
> Task :app:packageDebug
> Task :app:assembleDebug
> Task :mumbo_store:javaPreCompileRelease
> Task :mumbo_store:compileReleaseJavaWithJavac
> Task :mumbo_store:bundleLibResRelease
> Task :app:prepareLintJar
> Task :app:mergeReleaseShaders
> Task :app:compileReleaseShaders
> Task :app:generateReleaseAssets
> Task :lib:mergeReleaseShaders
> Task :lib:compileReleaseShaders
> Task :lib:generateReleaseAssets
> Task :lib:packageReleaseAssets
> Task :mumbo_store:mergeReleaseShaders
> Task :mumbo_store:compileReleaseShaders
> Task :mumbo_store:generateReleaseAssets
> Task :mumbo_store:packageReleaseAssets
> Task :app:mergeReleaseAssets
> Task :app:signingConfigWriterRelease
> Task :app:mergeReleaseJniLibFolders
> Task :lib:mergeReleaseJniLibFolders
> Task :lib:prepareLintJarForPublish
> Task :mumbo_store:mergeReleaseJniLibFolders
> Task :lib:mergeReleaseNativeLibs
> Task :lib:stripReleaseDebugSymbols
> Task :lib:transformNativeLibsWithIntermediateJniLibsForRelease
> Task :mumbo_store:bundleLibCompileRelease
> Task :app:kaptGenerateStubsReleaseKotlin
> Task :app:kaptReleaseKotlin
> Task :app:compileReleaseKotlin
> Task :mumbo_store:bundleLibRuntimeRelease
> Task :mumbo_store:createFullJarRelease
> Task :mumbo_store:prepareLintJarForPublish
> Task :mumbo_store:mergeReleaseNativeLibs
> Task :mumbo_store:stripReleaseDebugSymbols
> Task :mumbo_store:transformNativeLibsWithIntermediateJniLibsForRelease
> Task :app:javaPreCompileRelease
> Task :app:compileReleaseJavaWithJavac
> Task :app:compileReleaseSources

> Task :app:lintVitalRelease
Calling mockable JAR artifact transform to create file: /Users/vbauer/.gradle/caches/transforms-2/files-2.1/56277438ea08f731aee215f61df48ea6/android.jar with input /Users/vbauer/Library/Android/sdk/platforms/android-29/android.jar
Calling mockable JAR artifact transform to create file: /Users/vbauer/.gradle/caches/transforms-2/files-2.1/1f59882d2e288bf860146d56f0b02ace/android.jar with input /Users/vbauer/Library/Android/sdk/platforms/android-29/android.jar

> Task :app:mergeReleaseNativeLibs

> Task :app:stripReleaseDebugSymbols
Unable to strip library '/private/var/folders/bq/vtzpc5ns5sg2cthy61lqpg3dfzgbys/T/1569903380332-0/src/app/build/intermediates/merged_native_libs/release/out/lib/armeabi/libfb.so' due to missing strip tool for ABI 'ARMEABI'. Packaging it as is.
Unable to strip library '/private/var/folders/bq/vtzpc5ns5sg2cthy61lqpg3dfzgbys/T/1569903380332-0/src/app/build/intermediates/merged_native_libs/release/out/lib/armeabi/libconcealjni.so' due to missing strip tool for ABI 'ARMEABI'. Packaging it as is.

> Task :app:mergeReleaseGeneratedProguardFiles
> Task :app:processReleaseJavaRes NO-SOURCE
> Task :lib:mergeReleaseGeneratedProguardFiles
> Task :lib:mergeReleaseConsumerProguardFiles
> Task :mumbo_store:mergeReleaseGeneratedProguardFiles
> Task :mumbo_store:mergeReleaseConsumerProguardFiles
> Task :app:mergeReleaseJavaResource
R8: The rule `-keep public class * extends androidx.versionedparcelable.VersionedParcelable {
  <init>();
}` uses extends but actually matches implements.
> Task :app:transformClassesAndResourcesWithR8ForRelease
> Task :app:packageRelease
> Task :app:assembleRelease
> Task :app:assemble
> Task :app:build

Deprecated Gradle features were used in this build, making it incompatible with Gradle 6.0.
Use '--warning-mode all' to show the individual deprecation warnings.
See https://docs.gradle.org/5.4.1/userguide/command_line_interface.html#sec:command_line_warnings

BUILD SUCCESSFUL in 2m 30s
155 actionable tasks: 155 executed

2019-10-01 11:21:52,992 INFO  FullProcessService - Found APK file: /var/folders/bq/vtzpc5ns5sg2cthy61lqpg3dfzgbys/T/1569903380332-0/src/app/build/outputs/apk/debug/app-debug.apk
